{"C:\\Users\\Tarun\\.vscode\\workspace\\Resume Projects\\Quiz\\payment-service\\config\\env.js": {"path":"C:\\Users\\Tarun\\.vscode\\workspace\\Resume Projects\\Quiz\\payment-service\\config\\env.js","statementMap":{"0":{"start":{"line":1,"column":13},"end":{"line":1,"column":28}},"1":{"start":{"line":2,"column":0},"end":{"line":2,"column":90}},"2":{"start":{"line":4,"column":24},"end":{"line":4,"column":95}},"3":{"start":{"line":5,"column":21},"end":{"line":5,"column":77}},"4":{"start":{"line":6,"column":28},"end":{"line":8,"column":80}},"5":{"start":{"line":10,"column":24},"end":{"line":14,"column":1}},"6":{"start":{"line":16,"column":0},"end":{"line":18,"column":1}},"7":{"start":{"line":17,"column":4},"end":{"line":17,"column":67}},"8":{"start":{"line":20,"column":23},"end":{"line":20,"column":79}},"9":{"start":{"line":20,"column":57},"end":{"line":20,"column":78}},"10":{"start":{"line":22,"column":0},"end":{"line":25,"column":1}},"11":{"start":{"line":23,"column":4},"end":{"line":23,"column":105}},"12":{"start":{"line":24,"column":4},"end":{"line":24,"column":20}},"13":{"start":{"line":27,"column":0},"end":{"line":30,"column":1}},"14":{"start":{"line":28,"column":4},"end":{"line":28,"column":99}},"15":{"start":{"line":29,"column":4},"end":{"line":29,"column":20}},"16":{"start":{"line":32,"column":15},"end":{"line":45,"column":1}},"17":{"start":{"line":47,"column":0},"end":{"line":47,"column":24}}},"fnMap":{"0":{"name":"(anonymous_0)","decl":{"start":{"line":20,"column":46},"end":{"line":20,"column":47}},"loc":{"start":{"line":20,"column":57},"end":{"line":20,"column":78}},"line":20}},"branchMap":{"0":{"loc":{"start":{"line":4,"column":31},"end":{"line":4,"column":69}},"type":"binary-expr","locations":[{"start":{"line":4,"column":31},"end":{"line":4,"column":59}},{"start":{"line":4,"column":63},"end":{"line":4,"column":69}}],"line":4},"1":{"loc":{"start":{"line":5,"column":22},"end":{"line":5,"column":59}},"type":"binary-expr","locations":[{"start":{"line":5,"column":22},"end":{"line":5,"column":42}},{"start":{"line":5,"column":46},"end":{"line":5,"column":59}}],"line":5},"2":{"loc":{"start":{"line":6,"column":28},"end":{"line":8,"column":80}},"type":"binary-expr","locations":[{"start":{"line":6,"column":28},"end":{"line":6,"column":44}},{"start":{"line":7,"column":4},"end":{"line":7,"column":17}},{"start":{"line":8,"column":4},"end":{"line":8,"column":80}}],"line":6},"3":{"loc":{"start":{"line":8,"column":11},"end":{"line":8,"column":54}},"type":"binary-expr","locations":[{"start":{"line":8,"column":11},"end":{"line":8,"column":44}},{"start":{"line":8,"column":48},"end":{"line":8,"column":54}}],"line":8},"4":{"loc":{"start":{"line":16,"column":0},"end":{"line":18,"column":1}},"type":"if","locations":[{"start":{"line":16,"column":0},"end":{"line":18,"column":1}},{"start":{},"end":{}}],"line":16},"5":{"loc":{"start":{"line":22,"column":0},"end":{"line":25,"column":1}},"type":"if","locations":[{"start":{"line":22,"column":0},"end":{"line":25,"column":1}},{"start":{},"end":{}}],"line":22},"6":{"loc":{"start":{"line":27,"column":0},"end":{"line":30,"column":1}},"type":"if","locations":[{"start":{"line":27,"column":0},"end":{"line":30,"column":1}},{"start":{},"end":{}}],"line":27},"7":{"loc":{"start":{"line":27,"column":4},"end":{"line":27,"column":69}},"type":"binary-expr","locations":[{"start":{"line":27,"column":4},"end":{"line":27,"column":16}},{"start":{"line":27,"column":20},"end":{"line":27,"column":69}}],"line":27},"8":{"loc":{"start":{"line":33,"column":10},"end":{"line":33,"column":70}},"type":"binary-expr","locations":[{"start":{"line":33,"column":10},"end":{"line":33,"column":42}},{"start":{"line":33,"column":46},"end":{"line":33,"column":62}},{"start":{"line":33,"column":66},"end":{"line":33,"column":70}}],"line":33},"9":{"loc":{"start":{"line":34,"column":13},"end":{"line":34,"column":50}},"type":"binary-expr","locations":[{"start":{"line":34,"column":13},"end":{"line":34,"column":33}},{"start":{"line":34,"column":37},"end":{"line":34,"column":50}}],"line":34},"10":{"loc":{"start":{"line":41,"column":31},"end":{"line":41,"column":69}},"type":"binary-expr","locations":[{"start":{"line":41,"column":31},"end":{"line":41,"column":63}},{"start":{"line":41,"column":67},"end":{"line":41,"column":69}}],"line":41},"11":{"loc":{"start":{"line":42,"column":30},"end":{"line":42,"column":71}},"type":"binary-expr","locations":[{"start":{"line":42,"column":30},"end":{"line":42,"column":61}},{"start":{"line":42,"column":65},"end":{"line":42,"column":71}}],"line":42},"12":{"loc":{"start":{"line":44,"column":16},"end":{"line":44,"column":129}},"type":"cond-expr","locations":[{"start":{"line":44,"column":42},"end":{"line":44,"column":76}},{"start":{"line":44,"column":79},"end":{"line":44,"column":129}}],"line":44}},"s":{"0":2,"1":2,"2":2,"3":2,"4":2,"5":2,"6":2,"7":2,"8":2,"9":10,"10":2,"11":0,"12":0,"13":2,"14":0,"15":0,"16":2,"17":2},"f":{"0":10},"b":{"0":[2,2],"1":[2,0],"2":[2,0,0],"3":[0,0],"4":[2,0],"5":[0,2],"6":[0,2],"7":[2,0],"8":[2,0,0],"9":[2,0],"10":[2,2],"11":[2,2],"12":[2,0]},"_coverageSchema":"1a1c01bbd47fc00a2c39e90264f33305004495a9","hash":"1e00588ebdf532576d3f34c39cfd2cc1703245d3"}
,"C:\\Users\\Tarun\\.vscode\\workspace\\Resume Projects\\Quiz\\payment-service\\config\\plans.js": {"path":"C:\\Users\\Tarun\\.vscode\\workspace\\Resume Projects\\Quiz\\payment-service\\config\\plans.js","statementMap":{"0":{"start":{"line":7,"column":4},"end":{"line":7,"column":40}},"1":{"start":{"line":9,"column":0},"end":{"line":15,"column":2}}},"fnMap":{},"branchMap":{},"s":{"0":2,"1":2},"f":{},"b":{},"_coverageSchema":"1a1c01bbd47fc00a2c39e90264f33305004495a9","hash":"57afbdf89d183d2cee1a463beb82fe214ebe5744"}
,"C:\\Users\\Tarun\\.vscode\\workspace\\Resume Projects\\Quiz\\payment-service\\config\\razorpay.js": {"path":"C:\\Users\\Tarun\\.vscode\\workspace\\Resume Projects\\Quiz\\payment-service\\config\\razorpay.js","statementMap":{"0":{"start":{"line":1,"column":17},"end":{"line":1,"column":36}},"1":{"start":{"line":2,"column":15},"end":{"line":2,"column":31}},"2":{"start":{"line":4,"column":30},"end":{"line":8,"column":1}},"3":{"start":{"line":5,"column":16},"end":{"line":5,"column":70}},"4":{"start":{"line":6,"column":2},"end":{"line":6,"column":35}},"5":{"start":{"line":7,"column":2},"end":{"line":7,"column":14}},"6":{"start":{"line":12,"column":17},"end":{"line":20,"column":3}},"7":{"start":{"line":22,"column":0},"end":{"line":22,"column":26}}},"fnMap":{"0":{"name":"(anonymous_0)","decl":{"start":{"line":4,"column":30},"end":{"line":4,"column":31}},"loc":{"start":{"line":4,"column":36},"end":{"line":8,"column":1}},"line":4}},"branchMap":{"0":{"loc":{"start":{"line":12,"column":17},"end":{"line":20,"column":3}},"type":"cond-expr","locations":[{"start":{"line":13,"column":4},"end":{"line":16,"column":4}},{"start":{"line":17,"column":4},"end":{"line":20,"column":3}}],"line":12}},"s":{"0":1,"1":1,"2":1,"3":0,"4":0,"5":0,"6":1,"7":1},"f":{"0":0},"b":{"0":[1,0]},"_coverageSchema":"1a1c01bbd47fc00a2c39e90264f33305004495a9","hash":"3796b6060155d3f5af80744b2245a359b1f65d9e"}
,"C:\\Users\\Tarun\\.vscode\\workspace\\Resume Projects\\Quiz\\payment-service\\controllers\\paymentController.js": {"path":"C:\\Users\\Tarun\\.vscode\\workspace\\Resume Projects\\Quiz\\payment-service\\controllers\\paymentController.js","statementMap":{"0":{"start":{"line":1,"column":17},"end":{"line":1,"column":46}},"1":{"start":{"line":2,"column":15},"end":{"line":2,"column":32}},"2":{"start":{"line":3,"column":17},"end":{"line":3,"column":36}},"3":{"start":{"line":4,"column":16},"end":{"line":4,"column":44}},"4":{"start":{"line":5,"column":20},"end":{"line":5,"column":52}},"5":{"start":{"line":6,"column":21},"end":{"line":6,"column":54}},"6":{"start":{"line":7,"column":18},"end":{"line":7,"column":48}},"7":{"start":{"line":8,"column":15},"end":{"line":8,"column":41}},"8":{"start":{"line":9,"column":31},"end":{"line":9,"column":73}},"9":{"start":{"line":10,"column":33},"end":{"line":10,"column":70}},"10":{"start":{"line":11,"column":15},"end":{"line":11,"column":39}},"11":{"start":{"line":14,"column":29},"end":{"line":14,"column":75}},"12":{"start":{"line":15,"column":28},"end":{"line":15,"column":102}},"13":{"start":{"line":17,"column":16},"end":{"line":17,"column":65}},"14":{"start":{"line":17,"column":28},"end":{"line":17,"column":65}},"15":{"start":{"line":18,"column":17},"end":{"line":18,"column":73}},"16":{"start":{"line":18,"column":28},"end":{"line":18,"column":73}},"17":{"start":{"line":20,"column":21},"end":{"line":30,"column":4}},"18":{"start":{"line":21,"column":2},"end":{"line":30,"column":4}},"19":{"start":{"line":32,"column":26},"end":{"line":35,"column":1}},"20":{"start":{"line":33,"column":2},"end":{"line":33,"column":60}},"21":{"start":{"line":33,"column":48},"end":{"line":33,"column":60}},"22":{"start":{"line":34,"column":2},"end":{"line":34,"column":87}},"23":{"start":{"line":38,"column":21},"end":{"line":52,"column":1}},"24":{"start":{"line":39,"column":21},"end":{"line":39,"column":42}},"25":{"start":{"line":40,"column":27},"end":{"line":40,"column":77}},"26":{"start":{"line":41,"column":20},"end":{"line":41,"column":62}},"27":{"start":{"line":43,"column":2},"end":{"line":51,"column":4}},"28":{"start":{"line":54,"column":37},"end":{"line":59,"column":1}},"29":{"start":{"line":55,"column":2},"end":{"line":57,"column":3}},"30":{"start":{"line":56,"column":4},"end":{"line":56,"column":23}},"31":{"start":{"line":58,"column":2},"end":{"line":58,"column":61}},"32":{"start":{"line":61,"column":32},"end":{"line":66,"column":1}},"33":{"start":{"line":62,"column":22},"end":{"line":62,"column":46}},"34":{"start":{"line":63,"column":22},"end":{"line":63,"column":46}},"35":{"start":{"line":64,"column":22},"end":{"line":64,"column":53}},"36":{"start":{"line":65,"column":2},"end":{"line":65,"column":61}},"37":{"start":{"line":68,"column":36},"end":{"line":69,"column":104}},"38":{"start":{"line":69,"column":2},"end":{"line":69,"column":104}},"39":{"start":{"line":71,"column":31},"end":{"line":71,"column":90}},"40":{"start":{"line":71,"column":44},"end":{"line":71,"column":90}},"41":{"start":{"line":73,"column":20},"end":{"line":259,"column":1}},"42":{"start":{"line":74,"column":2},"end":{"line":258,"column":3}},"43":{"start":{"line":75,"column":23},"end":{"line":75,"column":31}},"44":{"start":{"line":76,"column":19},"end":{"line":76,"column":32}},"45":{"start":{"line":78,"column":4},"end":{"line":82,"column":7}},"46":{"start":{"line":84,"column":4},"end":{"line":86,"column":5}},"47":{"start":{"line":85,"column":6},"end":{"line":85,"column":100}},"48":{"start":{"line":88,"column":4},"end":{"line":90,"column":5}},"49":{"start":{"line":89,"column":6},"end":{"line":89,"column":96}},"50":{"start":{"line":92,"column":17},"end":{"line":92,"column":48}},"51":{"start":{"line":93,"column":4},"end":{"line":95,"column":5}},"52":{"start":{"line":94,"column":6},"end":{"line":94,"column":91}},"53":{"start":{"line":97,"column":4},"end":{"line":99,"column":5}},"54":{"start":{"line":98,"column":6},"end":{"line":98,"column":113}},"55":{"start":{"line":101,"column":28},"end":{"line":105,"column":13}},"56":{"start":{"line":107,"column":4},"end":{"line":111,"column":5}},"57":{"start":{"line":108,"column":6},"end":{"line":110,"column":9}},"58":{"start":{"line":113,"column":24},"end":{"line":115,"column":13}},"59":{"start":{"line":118,"column":21},"end":{"line":118,"column":63}},"60":{"start":{"line":119,"column":30},"end":{"line":119,"column":60}},"61":{"start":{"line":121,"column":18},"end":{"line":121,"column":61}},"62":{"start":{"line":122,"column":18},"end":{"line":128,"column":5}},"63":{"start":{"line":130,"column":20},"end":{"line":135,"column":5}},"64":{"start":{"line":137,"column":21},"end":{"line":137,"column":27}},"65":{"start":{"line":138,"column":23},"end":{"line":138,"column":39}},"66":{"start":{"line":139,"column":30},"end":{"line":139,"column":34}},"67":{"start":{"line":141,"column":4},"end":{"line":168,"column":5}},"68":{"start":{"line":142,"column":6},"end":{"line":167,"column":7}},"69":{"start":{"line":143,"column":8},"end":{"line":162,"column":9}},"70":{"start":{"line":144,"column":10},"end":{"line":156,"column":12}},"71":{"start":{"line":157,"column":10},"end":{"line":157,"column":31}},"72":{"start":{"line":158,"column":10},"end":{"line":158,"column":38}},"73":{"start":{"line":160,"column":10},"end":{"line":160,"column":32}},"74":{"start":{"line":161,"column":10},"end":{"line":161,"column":35}},"75":{"start":{"line":164,"column":8},"end":{"line":164,"column":30}},"76":{"start":{"line":165,"column":8},"end":{"line":165,"column":37}},"77":{"start":{"line":166,"column":8},"end":{"line":166,"column":52}},"78":{"start":{"line":170,"column":38},"end":{"line":170,"column":88}},"79":{"start":{"line":171,"column":30},"end":{"line":171,"column":91}},"80":{"start":{"line":174,"column":4},"end":{"line":181,"column":5}},"81":{"start":{"line":175,"column":6},"end":{"line":179,"column":9}},"82":{"start":{"line":180,"column":6},"end":{"line":180,"column":74}},"83":{"start":{"line":183,"column":4},"end":{"line":199,"column":5}},"84":{"start":{"line":184,"column":6},"end":{"line":186,"column":7}},"85":{"start":{"line":185,"column":8},"end":{"line":185,"column":62}},"86":{"start":{"line":188,"column":6},"end":{"line":198,"column":7}},"87":{"start":{"line":189,"column":8},"end":{"line":194,"column":11}},"88":{"start":{"line":195,"column":8},"end":{"line":195,"column":76}},"89":{"start":{"line":197,"column":8},"end":{"line":197,"column":20}},"90":{"start":{"line":201,"column":20},"end":{"line":221,"column":6}},"91":{"start":{"line":223,"column":4},"end":{"line":232,"column":7}},"92":{"start":{"line":234,"column":4},"end":{"line":249,"column":7}},"93":{"start":{"line":251,"column":4},"end":{"line":253,"column":5}},"94":{"start":{"line":252,"column":6},"end":{"line":252,"column":131}},"95":{"start":{"line":254,"column":4},"end":{"line":254,"column":85}},"96":{"start":{"line":255,"column":4},"end":{"line":257,"column":7}},"97":{"start":{"line":261,"column":22},"end":{"line":368,"column":1}},"98":{"start":{"line":262,"column":2},"end":{"line":367,"column":3}},"99":{"start":{"line":263,"column":46},"end":{"line":263,"column":54}},"100":{"start":{"line":265,"column":4},"end":{"line":267,"column":5}},"101":{"start":{"line":266,"column":6},"end":{"line":266,"column":127}},"102":{"start":{"line":269,"column":20},"end":{"line":269,"column":71}},"103":{"start":{"line":270,"column":4},"end":{"line":272,"column":5}},"104":{"start":{"line":271,"column":6},"end":{"line":271,"column":104}},"105":{"start":{"line":275,"column":4},"end":{"line":291,"column":5}},"106":{"start":{"line":276,"column":6},"end":{"line":276,"column":114}},"107":{"start":{"line":277,"column":6},"end":{"line":290,"column":9}},"108":{"start":{"line":293,"column":23},"end":{"line":293,"column":84}},"109":{"start":{"line":295,"column":4},"end":{"line":308,"column":5}},"110":{"start":{"line":297,"column":33},"end":{"line":300,"column":22}},"111":{"start":{"line":302,"column":19},"end":{"line":302,"column":48}},"112":{"start":{"line":303,"column":19},"end":{"line":303,"column":57}},"113":{"start":{"line":304,"column":6},"end":{"line":307,"column":7}},"114":{"start":{"line":305,"column":8},"end":{"line":305,"column":96}},"115":{"start":{"line":306,"column":8},"end":{"line":306,"column":128}},"116":{"start":{"line":310,"column":25},"end":{"line":310,"column":29}},"117":{"start":{"line":311,"column":4},"end":{"line":317,"column":5}},"118":{"start":{"line":312,"column":6},"end":{"line":312,"column":64}},"119":{"start":{"line":314,"column":6},"end":{"line":316,"column":7}},"120":{"start":{"line":315,"column":8},"end":{"line":315,"column":111}},"121":{"start":{"line":320,"column":20},"end":{"line":332,"column":5}},"122":{"start":{"line":334,"column":4},"end":{"line":341,"column":5}},"123":{"start":{"line":336,"column":6},"end":{"line":336,"column":108}},"124":{"start":{"line":337,"column":6},"end":{"line":340,"column":9}},"125":{"start":{"line":343,"column":4},"end":{"line":349,"column":7}},"126":{"start":{"line":351,"column":4},"end":{"line":360,"column":7}},"127":{"start":{"line":362,"column":4},"end":{"line":364,"column":5}},"128":{"start":{"line":363,"column":6},"end":{"line":363,"column":131}},"129":{"start":{"line":365,"column":4},"end":{"line":365,"column":87}},"130":{"start":{"line":366,"column":4},"end":{"line":366,"column":96}},"131":{"start":{"line":370,"column":25},"end":{"line":408,"column":1}},"132":{"start":{"line":371,"column":2},"end":{"line":407,"column":3}},"133":{"start":{"line":372,"column":23},"end":{"line":372,"column":33}},"134":{"start":{"line":373,"column":19},"end":{"line":373,"column":31}},"135":{"start":{"line":375,"column":20},"end":{"line":379,"column":13}},"136":{"start":{"line":381,"column":4},"end":{"line":386,"column":5}},"137":{"start":{"line":382,"column":6},"end":{"line":385,"column":9}},"138":{"start":{"line":388,"column":4},"end":{"line":403,"column":7}},"139":{"start":{"line":405,"column":4},"end":{"line":405,"column":91}},"140":{"start":{"line":406,"column":4},"end":{"line":406,"column":102}},"141":{"start":{"line":410,"column":30},"end":{"line":444,"column":1}},"142":{"start":{"line":411,"column":2},"end":{"line":443,"column":3}},"143":{"start":{"line":412,"column":24},"end":{"line":412,"column":32}},"144":{"start":{"line":413,"column":19},"end":{"line":413,"column":31}},"145":{"start":{"line":415,"column":4},"end":{"line":417,"column":5}},"146":{"start":{"line":416,"column":6},"end":{"line":416,"column":107}},"147":{"start":{"line":419,"column":21},"end":{"line":423,"column":56}},"148":{"start":{"line":425,"column":22},"end":{"line":425,"column":24}},"149":{"start":{"line":426,"column":4},"end":{"line":428,"column":5}},"150":{"start":{"line":427,"column":6},"end":{"line":427,"column":42}},"151":{"start":{"line":429,"column":4},"end":{"line":437,"column":5}},"152":{"start":{"line":430,"column":6},"end":{"line":436,"column":8}},"153":{"start":{"line":439,"column":4},"end":{"line":439,"column":68}},"154":{"start":{"line":441,"column":4},"end":{"line":441,"column":93}},"155":{"start":{"line":442,"column":4},"end":{"line":442,"column":108}},"156":{"start":{"line":446,"column":26},"end":{"line":477,"column":1}},"157":{"start":{"line":447,"column":2},"end":{"line":476,"column":3}},"158":{"start":{"line":448,"column":80},"end":{"line":448,"column":88}},"159":{"start":{"line":450,"column":4},"end":{"line":452,"column":5}},"160":{"start":{"line":451,"column":6},"end":{"line":451,"column":106}},"161":{"start":{"line":454,"column":23},"end":{"line":454,"column":35}},"162":{"start":{"line":455,"column":19},"end":{"line":461,"column":5}},"163":{"start":{"line":463,"column":24},"end":{"line":467,"column":12}},"164":{"start":{"line":469,"column":4},"end":{"line":472,"column":7}},"165":{"start":{"line":474,"column":4},"end":{"line":474,"column":92}},"166":{"start":{"line":475,"column":4},"end":{"line":475,"column":100}},"167":{"start":{"line":479,"column":25},"end":{"line":490,"column":1}},"168":{"start":{"line":480,"column":2},"end":{"line":489,"column":3}},"169":{"start":{"line":481,"column":24},"end":{"line":481,"column":86}},"170":{"start":{"line":482,"column":4},"end":{"line":485,"column":7}},"171":{"start":{"line":487,"column":4},"end":{"line":487,"column":89}},"172":{"start":{"line":488,"column":4},"end":{"line":488,"column":101}},"173":{"start":{"line":492,"column":29},"end":{"line":542,"column":1}},"174":{"start":{"line":493,"column":2},"end":{"line":541,"column":3}},"175":{"start":{"line":494,"column":23},"end":{"line":494,"column":35}},"176":{"start":{"line":496,"column":20},"end":{"line":510,"column":6}},"177":{"start":{"line":512,"column":19},"end":{"line":519,"column":5}},"178":{"start":{"line":521,"column":4},"end":{"line":523,"column":7}},"179":{"start":{"line":522,"column":6},"end":{"line":522,"column":91}},"180":{"start":{"line":522,"column":42},"end":{"line":522,"column":91}},"181":{"start":{"line":525,"column":19},"end":{"line":529,"column":13}},"182":{"start":{"line":531,"column":4},"end":{"line":537,"column":7}},"183":{"start":{"line":539,"column":4},"end":{"line":539,"column":96}},"184":{"start":{"line":540,"column":4},"end":{"line":540,"column":103}},"185":{"start":{"line":544,"column":33},"end":{"line":575,"column":1}},"186":{"start":{"line":545,"column":18},"end":{"line":545,"column":40}},"187":{"start":{"line":546,"column":20},"end":{"line":546,"column":36}},"188":{"start":{"line":550,"column":18},"end":{"line":561,"column":3}},"189":{"start":{"line":563,"column":2},"end":{"line":567,"column":3}},"190":{"start":{"line":565,"column":4},"end":{"line":565,"column":105}},"191":{"start":{"line":566,"column":4},"end":{"line":566,"column":11}},"192":{"start":{"line":569,"column":2},"end":{"line":572,"column":3}},"193":{"start":{"line":570,"column":4},"end":{"line":570,"column":85}},"194":{"start":{"line":571,"column":4},"end":{"line":571,"column":25}},"195":{"start":{"line":574,"column":2},"end":{"line":574,"column":77}},"196":{"start":{"line":577,"column":22},"end":{"line":699,"column":1}},"197":{"start":{"line":579,"column":2},"end":{"line":698,"column":3}},"198":{"start":{"line":580,"column":29},"end":{"line":580,"column":64}},"199":{"start":{"line":581,"column":26},"end":{"line":581,"column":52}},"200":{"start":{"line":583,"column":4},"end":{"line":586,"column":5}},"201":{"start":{"line":584,"column":6},"end":{"line":584,"column":55}},"202":{"start":{"line":585,"column":6},"end":{"line":585,"column":120}},"203":{"start":{"line":588,"column":4},"end":{"line":591,"column":5}},"204":{"start":{"line":589,"column":6},"end":{"line":589,"column":48}},"205":{"start":{"line":590,"column":6},"end":{"line":590,"column":109}},"206":{"start":{"line":593,"column":30},"end":{"line":596,"column":20}},"207":{"start":{"line":599,"column":22},"end":{"line":599,"column":58}},"208":{"start":{"line":600,"column":27},"end":{"line":600,"column":64}},"209":{"start":{"line":601,"column":28},"end":{"line":602,"column":55}},"210":{"start":{"line":604,"column":4},"end":{"line":607,"column":5}},"211":{"start":{"line":605,"column":6},"end":{"line":605,"column":48}},"212":{"start":{"line":606,"column":6},"end":{"line":606,"column":109}},"213":{"start":{"line":609,"column":18},"end":{"line":609,"column":32}},"214":{"start":{"line":610,"column":26},"end":{"line":610,"column":59}},"215":{"start":{"line":613,"column":27},"end":{"line":613,"column":98}},"216":{"start":{"line":615,"column":4},"end":{"line":615,"column":97}},"217":{"start":{"line":618,"column":4},"end":{"line":618,"column":44}},"218":{"start":{"line":621,"column":4},"end":{"line":694,"column":5}},"219":{"start":{"line":622,"column":6},"end":{"line":669,"column":7}},"220":{"start":{"line":623,"column":8},"end":{"line":623,"column":54}},"221":{"start":{"line":624,"column":13},"end":{"line":669,"column":7}},"222":{"start":{"line":626,"column":8},"end":{"line":635,"column":10}},"223":{"start":{"line":636,"column":13},"end":{"line":669,"column":7}},"224":{"start":{"line":637,"column":8},"end":{"line":650,"column":10}},"225":{"start":{"line":651,"column":13},"end":{"line":669,"column":7}},"226":{"start":{"line":652,"column":31},"end":{"line":652,"column":65}},"227":{"start":{"line":653,"column":8},"end":{"line":668,"column":9}},"228":{"start":{"line":654,"column":10},"end":{"line":667,"column":12}},"229":{"start":{"line":671,"column":6},"end":{"line":676,"column":9}},"230":{"start":{"line":678,"column":6},"end":{"line":693,"column":86}},"231":{"start":{"line":693,"column":21},"end":{"line":693,"column":84}},"232":{"start":{"line":696,"column":4},"end":{"line":696,"column":88}},"233":{"start":{"line":697,"column":4},"end":{"line":697,"column":106}},"234":{"start":{"line":701,"column":0},"end":{"line":713,"column":2}}},"fnMap":{"0":{"name":"(anonymous_0)","decl":{"start":{"line":17,"column":16},"end":{"line":17,"column":17}},"loc":{"start":{"line":17,"column":28},"end":{"line":17,"column":65}},"line":17},"1":{"name":"(anonymous_1)","decl":{"start":{"line":18,"column":17},"end":{"line":18,"column":18}},"loc":{"start":{"line":18,"column":28},"end":{"line":18,"column":73}},"line":18},"2":{"name":"(anonymous_2)","decl":{"start":{"line":20,"column":21},"end":{"line":20,"column":22}},"loc":{"start":{"line":21,"column":2},"end":{"line":30,"column":4}},"line":21},"3":{"name":"(anonymous_3)","decl":{"start":{"line":32,"column":26},"end":{"line":32,"column":27}},"loc":{"start":{"line":32,"column":44},"end":{"line":35,"column":1}},"line":32},"4":{"name":"(anonymous_4)","decl":{"start":{"line":38,"column":21},"end":{"line":38,"column":22}},"loc":{"start":{"line":38,"column":81},"end":{"line":52,"column":1}},"line":38},"5":{"name":"(anonymous_5)","decl":{"start":{"line":54,"column":37},"end":{"line":54,"column":38}},"loc":{"start":{"line":54,"column":46},"end":{"line":59,"column":1}},"line":54},"6":{"name":"(anonymous_6)","decl":{"start":{"line":61,"column":32},"end":{"line":61,"column":33}},"loc":{"start":{"line":61,"column":52},"end":{"line":66,"column":1}},"line":61},"7":{"name":"(anonymous_7)","decl":{"start":{"line":68,"column":36},"end":{"line":68,"column":37}},"loc":{"start":{"line":69,"column":2},"end":{"line":69,"column":104}},"line":69},"8":{"name":"(anonymous_8)","decl":{"start":{"line":71,"column":31},"end":{"line":71,"column":32}},"loc":{"start":{"line":71,"column":44},"end":{"line":71,"column":90}},"line":71},"9":{"name":"(anonymous_9)","decl":{"start":{"line":73,"column":20},"end":{"line":73,"column":21}},"loc":{"start":{"line":73,"column":40},"end":{"line":259,"column":1}},"line":73},"10":{"name":"(anonymous_10)","decl":{"start":{"line":261,"column":22},"end":{"line":261,"column":23}},"loc":{"start":{"line":261,"column":42},"end":{"line":368,"column":1}},"line":261},"11":{"name":"(anonymous_11)","decl":{"start":{"line":370,"column":25},"end":{"line":370,"column":26}},"loc":{"start":{"line":370,"column":45},"end":{"line":408,"column":1}},"line":370},"12":{"name":"(anonymous_12)","decl":{"start":{"line":410,"column":30},"end":{"line":410,"column":31}},"loc":{"start":{"line":410,"column":50},"end":{"line":444,"column":1}},"line":410},"13":{"name":"(anonymous_13)","decl":{"start":{"line":446,"column":26},"end":{"line":446,"column":27}},"loc":{"start":{"line":446,"column":46},"end":{"line":477,"column":1}},"line":446},"14":{"name":"(anonymous_14)","decl":{"start":{"line":479,"column":25},"end":{"line":479,"column":26}},"loc":{"start":{"line":479,"column":45},"end":{"line":490,"column":1}},"line":479},"15":{"name":"(anonymous_15)","decl":{"start":{"line":492,"column":29},"end":{"line":492,"column":30}},"loc":{"start":{"line":492,"column":49},"end":{"line":542,"column":1}},"line":492},"16":{"name":"(anonymous_16)","decl":{"start":{"line":521,"column":20},"end":{"line":521,"column":21}},"loc":{"start":{"line":521,"column":30},"end":{"line":523,"column":5}},"line":521},"17":{"name":"(anonymous_17)","decl":{"start":{"line":544,"column":33},"end":{"line":544,"column":34}},"loc":{"start":{"line":544,"column":58},"end":{"line":575,"column":1}},"line":544},"18":{"name":"(anonymous_18)","decl":{"start":{"line":577,"column":22},"end":{"line":577,"column":23}},"loc":{"start":{"line":577,"column":42},"end":{"line":699,"column":1}},"line":577},"19":{"name":"(anonymous_19)","decl":{"start":{"line":693,"column":14},"end":{"line":693,"column":15}},"loc":{"start":{"line":693,"column":21},"end":{"line":693,"column":84}},"line":693}},"branchMap":{"0":{"loc":{"start":{"line":14,"column":36},"end":{"line":14,"column":74}},"type":"binary-expr","locations":[{"start":{"line":14,"column":36},"end":{"line":14,"column":68}},{"start":{"line":14,"column":72},"end":{"line":14,"column":74}}],"line":14},"1":{"loc":{"start":{"line":15,"column":35},"end":{"line":15,"column":76}},"type":"binary-expr","locations":[{"start":{"line":15,"column":35},"end":{"line":15,"column":66}},{"start":{"line":15,"column":70},"end":{"line":15,"column":76}}],"line":15},"2":{"loc":{"start":{"line":17,"column":46},"end":{"line":17,"column":57}},"type":"binary-expr","locations":[{"start":{"line":17,"column":46},"end":{"line":17,"column":52}},{"start":{"line":17,"column":56},"end":{"line":17,"column":57}}],"line":17},"3":{"loc":{"start":{"line":18,"column":43},"end":{"line":18,"column":53}},"type":"binary-expr","locations":[{"start":{"line":18,"column":43},"end":{"line":18,"column":48}},{"start":{"line":18,"column":52},"end":{"line":18,"column":53}}],"line":18},"4":{"loc":{"start":{"line":20,"column":65},"end":{"line":20,"column":76}},"type":"default-arg","locations":[{"start":{"line":20,"column":74},"end":{"line":20,"column":76}}],"line":20},"5":{"loc":{"start":{"line":33,"column":2},"end":{"line":33,"column":60}},"type":"if","locations":[{"start":{"line":33,"column":2},"end":{"line":33,"column":60}},{"start":{},"end":{}}],"line":33},"6":{"loc":{"start":{"line":38,"column":36},"end":{"line":38,"column":76}},"type":"default-arg","locations":[{"start":{"line":38,"column":56},"end":{"line":38,"column":76}}],"line":38},"7":{"loc":{"start":{"line":55,"column":2},"end":{"line":57,"column":3}},"type":"if","locations":[{"start":{"line":55,"column":2},"end":{"line":57,"column":3}},{"start":{},"end":{}}],"line":55},"8":{"loc":{"start":{"line":58,"column":36},"end":{"line":58,"column":50}},"type":"binary-expr","locations":[{"start":{"line":58,"column":36},"end":{"line":58,"column":44}},{"start":{"line":58,"column":48},"end":{"line":58,"column":50}}],"line":58},"9":{"loc":{"start":{"line":71,"column":51},"end":{"line":71,"column":64}},"type":"binary-expr","locations":[{"start":{"line":71,"column":51},"end":{"line":71,"column":58}},{"start":{"line":71,"column":62},"end":{"line":71,"column":64}}],"line":71},"10":{"loc":{"start":{"line":84,"column":4},"end":{"line":86,"column":5}},"type":"if","locations":[{"start":{"line":84,"column":4},"end":{"line":86,"column":5}},{"start":{},"end":{}}],"line":84},"11":{"loc":{"start":{"line":88,"column":4},"end":{"line":90,"column":5}},"type":"if","locations":[{"start":{"line":88,"column":4},"end":{"line":90,"column":5}},{"start":{},"end":{}}],"line":88},"12":{"loc":{"start":{"line":93,"column":4},"end":{"line":95,"column":5}},"type":"if","locations":[{"start":{"line":93,"column":4},"end":{"line":95,"column":5}},{"start":{},"end":{}}],"line":93},"13":{"loc":{"start":{"line":97,"column":4},"end":{"line":99,"column":5}},"type":"if","locations":[{"start":{"line":97,"column":4},"end":{"line":99,"column":5}},{"start":{},"end":{}}],"line":97},"14":{"loc":{"start":{"line":97,"column":8},"end":{"line":97,"column":52}},"type":"binary-expr","locations":[{"start":{"line":97,"column":8},"end":{"line":97,"column":20}},{"start":{"line":97,"column":24},"end":{"line":97,"column":52}}],"line":97},"15":{"loc":{"start":{"line":97,"column":31},"end":{"line":97,"column":46}},"type":"binary-expr","locations":[{"start":{"line":97,"column":31},"end":{"line":97,"column":41}},{"start":{"line":97,"column":45},"end":{"line":97,"column":46}}],"line":97},"16":{"loc":{"start":{"line":107,"column":4},"end":{"line":111,"column":5}},"type":"if","locations":[{"start":{"line":107,"column":4},"end":{"line":111,"column":5}},{"start":{},"end":{}}],"line":107},"17":{"loc":{"start":{"line":141,"column":4},"end":{"line":168,"column":5}},"type":"if","locations":[{"start":{"line":141,"column":4},"end":{"line":168,"column":5}},{"start":{},"end":{}}],"line":141},"18":{"loc":{"start":{"line":142,"column":6},"end":{"line":167,"column":7}},"type":"if","locations":[{"start":{"line":142,"column":6},"end":{"line":167,"column":7}},{"start":{"line":163,"column":13},"end":{"line":167,"column":7}}],"line":142},"19":{"loc":{"start":{"line":142,"column":10},"end":{"line":142,"column":80}},"type":"binary-expr","locations":[{"start":{"line":142,"column":10},"end":{"line":142,"column":49}},{"start":{"line":142,"column":53},"end":{"line":142,"column":80}}],"line":142},"20":{"loc":{"start":{"line":143,"column":8},"end":{"line":162,"column":9}},"type":"if","locations":[{"start":{"line":143,"column":8},"end":{"line":162,"column":9}},{"start":{"line":159,"column":15},"end":{"line":162,"column":9}}],"line":143},"21":{"loc":{"start":{"line":170,"column":38},"end":{"line":170,"column":88}},"type":"binary-expr","locations":[{"start":{"line":170,"column":38},"end":{"line":170,"column":59}},{"start":{"line":170,"column":63},"end":{"line":170,"column":88}}],"line":170},"22":{"loc":{"start":{"line":171,"column":30},"end":{"line":171,"column":91}},"type":"binary-expr","locations":[{"start":{"line":171,"column":30},"end":{"line":171,"column":56}},{"start":{"line":171,"column":60},"end":{"line":171,"column":91}}],"line":171},"23":{"loc":{"start":{"line":174,"column":4},"end":{"line":181,"column":5}},"type":"if","locations":[{"start":{"line":174,"column":4},"end":{"line":181,"column":5}},{"start":{},"end":{}}],"line":174},"24":{"loc":{"start":{"line":174,"column":8},"end":{"line":174,"column":54}},"type":"binary-expr","locations":[{"start":{"line":174,"column":8},"end":{"line":174,"column":33}},{"start":{"line":174,"column":37},"end":{"line":174,"column":54}}],"line":174},"25":{"loc":{"start":{"line":184,"column":6},"end":{"line":186,"column":7}},"type":"if","locations":[{"start":{"line":184,"column":6},"end":{"line":186,"column":7}},{"start":{},"end":{}}],"line":184},"26":{"loc":{"start":{"line":188,"column":6},"end":{"line":198,"column":7}},"type":"if","locations":[{"start":{"line":188,"column":6},"end":{"line":198,"column":7}},{"start":{"line":196,"column":13},"end":{"line":198,"column":7}}],"line":188},"27":{"loc":{"start":{"line":209,"column":27},"end":{"line":209,"column":63}},"type":"binary-expr","locations":[{"start":{"line":209,"column":27},"end":{"line":209,"column":55}},{"start":{"line":209,"column":59},"end":{"line":209,"column":63}}],"line":209},"28":{"loc":{"start":{"line":240,"column":13},"end":{"line":240,"column":54}},"type":"binary-expr","locations":[{"start":{"line":240,"column":13},"end":{"line":240,"column":40}},{"start":{"line":240,"column":44},"end":{"line":240,"column":54}}],"line":240},"29":{"loc":{"start":{"line":251,"column":4},"end":{"line":253,"column":5}},"type":"if","locations":[{"start":{"line":251,"column":4},"end":{"line":253,"column":5}},{"start":{},"end":{}}],"line":251},"30":{"loc":{"start":{"line":256,"column":13},"end":{"line":256,"column":72}},"type":"cond-expr","locations":[{"start":{"line":256,"column":47},"end":{"line":256,"column":60}},{"start":{"line":256,"column":63},"end":{"line":256,"column":72}}],"line":256},"31":{"loc":{"start":{"line":265,"column":4},"end":{"line":267,"column":5}},"type":"if","locations":[{"start":{"line":265,"column":4},"end":{"line":267,"column":5}},{"start":{},"end":{}}],"line":265},"32":{"loc":{"start":{"line":265,"column":8},"end":{"line":265,"column":44}},"type":"binary-expr","locations":[{"start":{"line":265,"column":8},"end":{"line":265,"column":16}},{"start":{"line":265,"column":20},"end":{"line":265,"column":30}},{"start":{"line":265,"column":34},"end":{"line":265,"column":44}}],"line":265},"33":{"loc":{"start":{"line":270,"column":4},"end":{"line":272,"column":5}},"type":"if","locations":[{"start":{"line":270,"column":4},"end":{"line":272,"column":5}},{"start":{},"end":{}}],"line":270},"34":{"loc":{"start":{"line":275,"column":4},"end":{"line":291,"column":5}},"type":"if","locations":[{"start":{"line":275,"column":4},"end":{"line":291,"column":5}},{"start":{},"end":{}}],"line":275},"35":{"loc":{"start":{"line":275,"column":8},"end":{"line":275,"column":81}},"type":"binary-expr","locations":[{"start":{"line":275,"column":8},"end":{"line":275,"column":38}},{"start":{"line":275,"column":42},"end":{"line":275,"column":81}}],"line":275},"36":{"loc":{"start":{"line":293,"column":23},"end":{"line":293,"column":84}},"type":"binary-expr","locations":[{"start":{"line":293,"column":23},"end":{"line":293,"column":49}},{"start":{"line":293,"column":53},"end":{"line":293,"column":84}}],"line":293},"37":{"loc":{"start":{"line":295,"column":4},"end":{"line":308,"column":5}},"type":"if","locations":[{"start":{"line":295,"column":4},"end":{"line":308,"column":5}},{"start":{},"end":{}}],"line":295},"38":{"loc":{"start":{"line":304,"column":6},"end":{"line":307,"column":7}},"type":"if","locations":[{"start":{"line":304,"column":6},"end":{"line":307,"column":7}},{"start":{},"end":{}}],"line":304},"39":{"loc":{"start":{"line":304,"column":10},"end":{"line":304,"column":76}},"type":"binary-expr","locations":[{"start":{"line":304,"column":10},"end":{"line":304,"column":37}},{"start":{"line":304,"column":41},"end":{"line":304,"column":76}}],"line":304},"40":{"loc":{"start":{"line":314,"column":6},"end":{"line":316,"column":7}},"type":"if","locations":[{"start":{"line":314,"column":6},"end":{"line":316,"column":7}},{"start":{},"end":{}}],"line":314},"41":{"loc":{"start":{"line":327,"column":37},"end":{"line":327,"column":61}},"type":"binary-expr","locations":[{"start":{"line":327,"column":37},"end":{"line":327,"column":56}},{"start":{"line":327,"column":60},"end":{"line":327,"column":61}}],"line":327},"42":{"loc":{"start":{"line":328,"column":30},"end":{"line":328,"column":54}},"type":"binary-expr","locations":[{"start":{"line":328,"column":30},"end":{"line":328,"column":49}},{"start":{"line":328,"column":53},"end":{"line":328,"column":54}}],"line":328},"43":{"loc":{"start":{"line":334,"column":4},"end":{"line":341,"column":5}},"type":"if","locations":[{"start":{"line":334,"column":4},"end":{"line":341,"column":5}},{"start":{},"end":{}}],"line":334},"44":{"loc":{"start":{"line":346,"column":12},"end":{"line":346,"column":43}},"type":"cond-expr","locations":[{"start":{"line":346,"column":25},"end":{"line":346,"column":31}},{"start":{"line":346,"column":34},"end":{"line":346,"column":43}}],"line":346},"45":{"loc":{"start":{"line":362,"column":4},"end":{"line":364,"column":5}},"type":"if","locations":[{"start":{"line":362,"column":4},"end":{"line":364,"column":5}},{"start":{},"end":{}}],"line":362},"46":{"loc":{"start":{"line":381,"column":4},"end":{"line":386,"column":5}},"type":"if","locations":[{"start":{"line":381,"column":4},"end":{"line":386,"column":5}},{"start":{},"end":{}}],"line":381},"47":{"loc":{"start":{"line":415,"column":4},"end":{"line":417,"column":5}},"type":"if","locations":[{"start":{"line":415,"column":4},"end":{"line":417,"column":5}},{"start":{},"end":{}}],"line":415},"48":{"loc":{"start":{"line":415,"column":8},"end":{"line":415,"column":43}},"type":"binary-expr","locations":[{"start":{"line":415,"column":8},"end":{"line":415,"column":16}},{"start":{"line":415,"column":20},"end":{"line":415,"column":43}}],"line":415},"49":{"loc":{"start":{"line":450,"column":4},"end":{"line":452,"column":5}},"type":"if","locations":[{"start":{"line":450,"column":4},"end":{"line":452,"column":5}},{"start":{},"end":{}}],"line":450},"50":{"loc":{"start":{"line":450,"column":8},"end":{"line":450,"column":59}},"type":"binary-expr","locations":[{"start":{"line":450,"column":8},"end":{"line":450,"column":24}},{"start":{"line":450,"column":28},"end":{"line":450,"column":59}}],"line":450},"51":{"loc":{"start":{"line":457,"column":21},"end":{"line":457,"column":51}},"type":"binary-expr","locations":[{"start":{"line":457,"column":21},"end":{"line":457,"column":34}},{"start":{"line":457,"column":38},"end":{"line":457,"column":51}}],"line":457},"52":{"loc":{"start":{"line":458,"column":22},"end":{"line":458,"column":51}},"type":"binary-expr","locations":[{"start":{"line":458,"column":22},"end":{"line":458,"column":36}},{"start":{"line":458,"column":40},"end":{"line":458,"column":51}}],"line":458},"53":{"loc":{"start":{"line":459,"column":17},"end":{"line":459,"column":32}},"type":"binary-expr","locations":[{"start":{"line":459,"column":17},"end":{"line":459,"column":26}},{"start":{"line":459,"column":30},"end":{"line":459,"column":32}}],"line":459},"54":{"loc":{"start":{"line":460,"column":12},"end":{"line":460,"column":22}},"type":"binary-expr","locations":[{"start":{"line":460,"column":12},"end":{"line":460,"column":16}},{"start":{"line":460,"column":20},"end":{"line":460,"column":22}}],"line":460},"55":{"loc":{"start":{"line":484,"column":12},"end":{"line":484,"column":31}},"type":"binary-expr","locations":[{"start":{"line":484,"column":12},"end":{"line":484,"column":23}},{"start":{"line":484,"column":27},"end":{"line":484,"column":31}}],"line":484},"56":{"loc":{"start":{"line":522,"column":6},"end":{"line":522,"column":91}},"type":"if","locations":[{"start":{"line":522,"column":6},"end":{"line":522,"column":91}},{"start":{},"end":{}}],"line":522},"57":{"loc":{"start":{"line":556,"column":35},"end":{"line":556,"column":57}},"type":"binary-expr","locations":[{"start":{"line":556,"column":35},"end":{"line":556,"column":52}},{"start":{"line":556,"column":56},"end":{"line":556,"column":57}}],"line":556},"58":{"loc":{"start":{"line":557,"column":28},"end":{"line":557,"column":50}},"type":"binary-expr","locations":[{"start":{"line":557,"column":28},"end":{"line":557,"column":45}},{"start":{"line":557,"column":49},"end":{"line":557,"column":50}}],"line":557},"59":{"loc":{"start":{"line":563,"column":2},"end":{"line":567,"column":3}},"type":"if","locations":[{"start":{"line":563,"column":2},"end":{"line":567,"column":3}},{"start":{},"end":{}}],"line":563},"60":{"loc":{"start":{"line":569,"column":2},"end":{"line":572,"column":3}},"type":"if","locations":[{"start":{"line":569,"column":2},"end":{"line":572,"column":3}},{"start":{},"end":{}}],"line":569},"61":{"loc":{"start":{"line":569,"column":6},"end":{"line":569,"column":62}},"type":"binary-expr","locations":[{"start":{"line":569,"column":6},"end":{"line":569,"column":36}},{"start":{"line":569,"column":40},"end":{"line":569,"column":62}}],"line":569},"62":{"loc":{"start":{"line":570,"column":27},"end":{"line":570,"column":84}},"type":"cond-expr","locations":[{"start":{"line":570,"column":56},"end":{"line":570,"column":69}},{"start":{"line":570,"column":72},"end":{"line":570,"column":84}}],"line":570},"63":{"loc":{"start":{"line":583,"column":4},"end":{"line":586,"column":5}},"type":"if","locations":[{"start":{"line":583,"column":4},"end":{"line":586,"column":5}},{"start":{},"end":{}}],"line":583},"64":{"loc":{"start":{"line":588,"column":4},"end":{"line":591,"column":5}},"type":"if","locations":[{"start":{"line":588,"column":4},"end":{"line":591,"column":5}},{"start":{},"end":{}}],"line":588},"65":{"loc":{"start":{"line":601,"column":28},"end":{"line":602,"column":55}},"type":"binary-expr","locations":[{"start":{"line":601,"column":28},"end":{"line":601,"column":70}},{"start":{"line":602,"column":6},"end":{"line":602,"column":55}}],"line":601},"66":{"loc":{"start":{"line":604,"column":4},"end":{"line":607,"column":5}},"type":"if","locations":[{"start":{"line":604,"column":4},"end":{"line":607,"column":5}},{"start":{},"end":{}}],"line":604},"67":{"loc":{"start":{"line":613,"column":39},"end":{"line":613,"column":96}},"type":"binary-expr","locations":[{"start":{"line":613,"column":39},"end":{"line":613,"column":56}},{"start":{"line":613,"column":60},"end":{"line":613,"column":83}},{"start":{"line":613,"column":87},"end":{"line":613,"column":96}}],"line":613},"68":{"loc":{"start":{"line":622,"column":6},"end":{"line":669,"column":7}},"type":"if","locations":[{"start":{"line":622,"column":6},"end":{"line":669,"column":7}},{"start":{"line":624,"column":13},"end":{"line":669,"column":7}}],"line":622},"69":{"loc":{"start":{"line":622,"column":10},"end":{"line":622,"column":55}},"type":"binary-expr","locations":[{"start":{"line":622,"column":10},"end":{"line":622,"column":38}},{"start":{"line":622,"column":42},"end":{"line":622,"column":55}}],"line":622},"70":{"loc":{"start":{"line":624,"column":13},"end":{"line":669,"column":7}},"type":"if","locations":[{"start":{"line":624,"column":13},"end":{"line":669,"column":7}},{"start":{"line":636,"column":13},"end":{"line":669,"column":7}}],"line":624},"71":{"loc":{"start":{"line":624,"column":17},"end":{"line":624,"column":60}},"type":"binary-expr","locations":[{"start":{"line":624,"column":17},"end":{"line":624,"column":43}},{"start":{"line":624,"column":47},"end":{"line":624,"column":60}}],"line":624},"72":{"loc":{"start":{"line":636,"column":13},"end":{"line":669,"column":7}},"type":"if","locations":[{"start":{"line":636,"column":13},"end":{"line":669,"column":7}},{"start":{"line":651,"column":13},"end":{"line":669,"column":7}}],"line":636},"73":{"loc":{"start":{"line":636,"column":17},"end":{"line":636,"column":62}},"type":"binary-expr","locations":[{"start":{"line":636,"column":17},"end":{"line":636,"column":45}},{"start":{"line":636,"column":49},"end":{"line":636,"column":62}}],"line":636},"74":{"loc":{"start":{"line":646,"column":37},"end":{"line":646,"column":95}},"type":"binary-expr","locations":[{"start":{"line":646,"column":37},"end":{"line":646,"column":66}},{"start":{"line":646,"column":70},"end":{"line":646,"column":90}},{"start":{"line":646,"column":94},"end":{"line":646,"column":95}}],"line":646},"75":{"loc":{"start":{"line":651,"column":13},"end":{"line":669,"column":7}},"type":"if","locations":[{"start":{"line":651,"column":13},"end":{"line":669,"column":7}},{"start":{},"end":{}}],"line":651},"76":{"loc":{"start":{"line":651,"column":17},"end":{"line":651,"column":78}},"type":"binary-expr","locations":[{"start":{"line":651,"column":17},"end":{"line":651,"column":47}},{"start":{"line":651,"column":51},"end":{"line":651,"column":78}}],"line":651},"77":{"loc":{"start":{"line":653,"column":8},"end":{"line":668,"column":9}},"type":"if","locations":[{"start":{"line":653,"column":8},"end":{"line":668,"column":9}},{"start":{},"end":{}}],"line":653},"78":{"loc":{"start":{"line":664,"column":30},"end":{"line":664,"column":87}},"type":"cond-expr","locations":[{"start":{"line":664,"column":63},"end":{"line":664,"column":76}},{"start":{"line":664,"column":79},"end":{"line":664,"column":87}}],"line":664}},"s":{"0":1,"1":1,"2":1,"3":1,"4":1,"5":1,"6":1,"7":1,"8":1,"9":1,"10":1,"11":1,"12":1,"13":1,"14":5,"15":1,"16":17,"17":1,"18":0,"19":1,"20":4,"21":0,"22":4,"23":1,"24":5,"25":5,"26":5,"27":5,"28":1,"29":1,"30":1,"31":0,"32":1,"33":5,"34":5,"35":5,"36":5,"37":1,"38":0,"39":1,"40":4,"41":1,"42":4,"43":4,"44":4,"45":4,"46":4,"47":0,"48":4,"49":0,"50":4,"51":4,"52":0,"53":4,"54":0,"55":4,"56":4,"57":0,"58":4,"59":4,"60":4,"61":4,"62":4,"63":4,"64":4,"65":4,"66":4,"67":4,"68":4,"69":3,"70":3,"71":3,"72":3,"73":0,"74":0,"75":1,"76":1,"77":1,"78":4,"79":4,"80":4,"81":0,"82":0,"83":4,"84":4,"85":4,"86":0,"87":0,"88":0,"89":0,"90":4,"91":4,"92":4,"93":0,"94":0,"95":0,"96":0,"97":1,"98":0,"99":0,"100":0,"101":0,"102":0,"103":0,"104":0,"105":0,"106":0,"107":0,"108":0,"109":0,"110":0,"111":0,"112":0,"113":0,"114":0,"115":0,"116":0,"117":0,"118":0,"119":0,"120":0,"121":0,"122":0,"123":0,"124":0,"125":0,"126":0,"127":0,"128":0,"129":0,"130":0,"131":1,"132":0,"133":0,"134":0,"135":0,"136":0,"137":0,"138":0,"139":0,"140":0,"141":1,"142":0,"143":0,"144":0,"145":0,"146":0,"147":0,"148":0,"149":0,"150":0,"151":0,"152":0,"153":0,"154":0,"155":0,"156":1,"157":0,"158":0,"159":0,"160":0,"161":0,"162":0,"163":0,"164":0,"165":0,"166":0,"167":1,"168":0,"169":0,"170":0,"171":0,"172":0,"173":1,"174":0,"175":0,"176":0,"177":0,"178":0,"179":0,"180":0,"181":0,"182":0,"183":0,"184":0,"185":1,"186":1,"187":1,"188":1,"189":1,"190":1,"191":1,"192":0,"193":0,"194":0,"195":0,"196":1,"197":1,"198":1,"199":1,"200":1,"201":0,"202":0,"203":1,"204":0,"205":0,"206":1,"207":1,"208":1,"209":1,"210":1,"211":0,"212":0,"213":1,"214":1,"215":1,"216":1,"217":1,"218":1,"219":1,"220":1,"221":0,"222":0,"223":0,"224":0,"225":0,"226":0,"227":0,"228":0,"229":0,"230":0,"231":0,"232":0,"233":0,"234":1},"f":{"0":5,"1":17,"2":0,"3":4,"4":5,"5":1,"6":5,"7":0,"8":4,"9":4,"10":0,"11":0,"12":0,"13":0,"14":0,"15":0,"16":0,"17":1,"18":1,"19":0},"b":{"0":[1,1],"1":[1,1],"2":[5,0],"3":[17,0],"4":[0],"5":[0,4],"6":[0],"7":[1,0],"8":[0,0],"9":[4,0],"10":[0,4],"11":[0,4],"12":[0,4],"13":[0,4],"14":[4,4],"15":[4,0],"16":[0,4],"17":[4,0],"18":[3,1],"19":[4,3],"20":[3,0],"21":[4,4],"22":[4,4],"23":[0,4],"24":[4,0],"25":[4,0],"26":[0,0],"27":[4,0],"28":[4,0],"29":[0,0],"30":[0,0],"31":[0,0],"32":[0,0,0],"33":[0,0],"34":[0,0],"35":[0,0],"36":[0,0],"37":[0,0],"38":[0,0],"39":[0,0],"40":[0,0],"41":[0,0],"42":[0,0],"43":[0,0],"44":[0,0],"45":[0,0],"46":[0,0],"47":[0,0],"48":[0,0],"49":[0,0],"50":[0,0],"51":[0,0],"52":[0,0],"53":[0,0],"54":[0,0],"55":[0,0],"56":[0,0],"57":[1,0],"58":[1,0],"59":[1,0],"60":[0,0],"61":[0,0],"62":[0,0],"63":[0,1],"64":[0,1],"65":[1,1],"66":[0,1],"67":[1,0,0],"68":[1,0],"69":[1,1],"70":[0,0],"71":[0,0],"72":[0,0],"73":[0,0],"74":[0,0,0],"75":[0,0],"76":[0,0],"77":[0,0],"78":[0,0]},"_coverageSchema":"1a1c01bbd47fc00a2c39e90264f33305004495a9","hash":"1288f507883e1f9bc5f3b4e290e8b8d43522e47c"}
,"C:\\Users\\Tarun\\.vscode\\workspace\\Resume Projects\\Quiz\\payment-service\\controllers\\subscriptionController.js": {"path":"C:\\Users\\Tarun\\.vscode\\workspace\\Resume Projects\\Quiz\\payment-service\\controllers\\subscriptionController.js","statementMap":{"0":{"start":{"line":1,"column":21},"end":{"line":1,"column":54}},"1":{"start":{"line":2,"column":15},"end":{"line":2,"column":41}},"2":{"start":{"line":9,"column":4},"end":{"line":9,"column":46}},"3":{"start":{"line":10,"column":59},"end":{"line":10,"column":96}},"4":{"start":{"line":11,"column":17},"end":{"line":11,"column":46}},"5":{"start":{"line":12,"column":15},"end":{"line":12,"column":39}},"6":{"start":{"line":14,"column":33},"end":{"line":19,"column":1}},"7":{"start":{"line":15,"column":22},"end":{"line":15,"column":46}},"8":{"start":{"line":16,"column":22},"end":{"line":16,"column":48}},"9":{"start":{"line":17,"column":22},"end":{"line":17,"column":53}},"10":{"start":{"line":18,"column":2},"end":{"line":18,"column":60}},"11":{"start":{"line":21,"column":37},"end":{"line":22,"column":107}},"12":{"start":{"line":22,"column":2},"end":{"line":22,"column":107}},"13":{"start":{"line":24,"column":32},"end":{"line":24,"column":90}},"14":{"start":{"line":24,"column":45},"end":{"line":24,"column":90}},"15":{"start":{"line":29,"column":32},"end":{"line":42,"column":1}},"16":{"start":{"line":30,"column":2},"end":{"line":41,"column":3}},"17":{"start":{"line":31,"column":18},"end":{"line":31,"column":31}},"18":{"start":{"line":32,"column":4},"end":{"line":35,"column":7}},"19":{"start":{"line":37,"column":4},"end":{"line":37,"column":62}},"20":{"start":{"line":38,"column":4},"end":{"line":40,"column":7}},"21":{"start":{"line":47,"column":28},"end":{"line":80,"column":1}},"22":{"start":{"line":48,"column":2},"end":{"line":79,"column":3}},"23":{"start":{"line":49,"column":19},"end":{"line":49,"column":31}},"24":{"start":{"line":51,"column":25},"end":{"line":51,"column":60}},"25":{"start":{"line":52,"column":17},"end":{"line":52,"column":45}},"26":{"start":{"line":53,"column":23},"end":{"line":53,"column":42}},"27":{"start":{"line":55,"column":4},"end":{"line":73,"column":7}},"28":{"start":{"line":75,"column":4},"end":{"line":75,"column":96}},"29":{"start":{"line":76,"column":4},"end":{"line":78,"column":7}},"30":{"start":{"line":82,"column":30},"end":{"line":107,"column":1}},"31":{"start":{"line":83,"column":2},"end":{"line":106,"column":3}},"32":{"start":{"line":84,"column":19},"end":{"line":84,"column":31}},"33":{"start":{"line":85,"column":25},"end":{"line":85,"column":60}},"34":{"start":{"line":86,"column":17},"end":{"line":86,"column":45}},"35":{"start":{"line":87,"column":23},"end":{"line":87,"column":42}},"36":{"start":{"line":89,"column":4},"end":{"line":100,"column":7}},"37":{"start":{"line":102,"column":4},"end":{"line":102,"column":98}},"38":{"start":{"line":103,"column":4},"end":{"line":105,"column":7}},"39":{"start":{"line":112,"column":32},"end":{"line":236,"column":1}},"40":{"start":{"line":113,"column":2},"end":{"line":235,"column":3}},"41":{"start":{"line":114,"column":23},"end":{"line":114,"column":31}},"42":{"start":{"line":115,"column":19},"end":{"line":115,"column":31}},"43":{"start":{"line":117,"column":4},"end":{"line":121,"column":5}},"44":{"start":{"line":118,"column":6},"end":{"line":120,"column":9}},"45":{"start":{"line":123,"column":23},"end":{"line":123,"column":44}},"46":{"start":{"line":126,"column":4},"end":{"line":135,"column":5}},"47":{"start":{"line":127,"column":27},"end":{"line":127,"column":67}},"48":{"start":{"line":128,"column":6},"end":{"line":134,"column":9}},"49":{"start":{"line":138,"column":4},"end":{"line":143,"column":5}},"50":{"start":{"line":139,"column":6},"end":{"line":139,"column":88}},"51":{"start":{"line":140,"column":6},"end":{"line":142,"column":9}},"52":{"start":{"line":147,"column":4},"end":{"line":195,"column":5}},"53":{"start":{"line":148,"column":6},"end":{"line":157,"column":9}},"54":{"start":{"line":159,"column":6},"end":{"line":180,"column":7}},"55":{"start":{"line":160,"column":28},"end":{"line":160,"column":72}},"56":{"start":{"line":161,"column":8},"end":{"line":167,"column":11}},"57":{"start":{"line":169,"column":8},"end":{"line":179,"column":11}},"58":{"start":{"line":182,"column":6},"end":{"line":187,"column":9}},"59":{"start":{"line":188,"column":6},"end":{"line":194,"column":9}},"60":{"start":{"line":197,"column":4},"end":{"line":202,"column":5}},"61":{"start":{"line":198,"column":6},"end":{"line":198,"column":87}},"62":{"start":{"line":199,"column":6},"end":{"line":201,"column":9}},"63":{"start":{"line":204,"column":4},"end":{"line":209,"column":7}},"64":{"start":{"line":211,"column":4},"end":{"line":220,"column":7}},"65":{"start":{"line":222,"column":4},"end":{"line":226,"column":5}},"66":{"start":{"line":223,"column":6},"end":{"line":225,"column":9}},"67":{"start":{"line":227,"column":4},"end":{"line":231,"column":7}},"68":{"start":{"line":232,"column":4},"end":{"line":234,"column":7}},"69":{"start":{"line":241,"column":34},"end":{"line":306,"column":1}},"70":{"start":{"line":242,"column":2},"end":{"line":305,"column":3}},"71":{"start":{"line":243,"column":54},"end":{"line":243,"column":62}},"72":{"start":{"line":244,"column":19},"end":{"line":244,"column":31}},"73":{"start":{"line":246,"column":4},"end":{"line":250,"column":5}},"74":{"start":{"line":247,"column":6},"end":{"line":249,"column":9}},"75":{"start":{"line":252,"column":23},"end":{"line":252,"column":85}},"76":{"start":{"line":254,"column":4},"end":{"line":270,"column":5}},"77":{"start":{"line":256,"column":21},"end":{"line":256,"column":38}},"78":{"start":{"line":257,"column":33},"end":{"line":260,"column":22}},"79":{"start":{"line":262,"column":19},"end":{"line":262,"column":48}},"80":{"start":{"line":263,"column":19},"end":{"line":263,"column":57}},"81":{"start":{"line":264,"column":6},"end":{"line":269,"column":7}},"82":{"start":{"line":265,"column":8},"end":{"line":265,"column":86}},"83":{"start":{"line":266,"column":8},"end":{"line":268,"column":11}},"84":{"start":{"line":272,"column":4},"end":{"line":276,"column":5}},"85":{"start":{"line":273,"column":6},"end":{"line":275,"column":9}},"86":{"start":{"line":279,"column":25},"end":{"line":279,"column":76}},"87":{"start":{"line":281,"column":4},"end":{"line":286,"column":7}},"88":{"start":{"line":288,"column":4},"end":{"line":294,"column":7}},"89":{"start":{"line":296,"column":4},"end":{"line":300,"column":5}},"90":{"start":{"line":297,"column":6},"end":{"line":299,"column":9}},"91":{"start":{"line":301,"column":4},"end":{"line":301,"column":80}},"92":{"start":{"line":302,"column":4},"end":{"line":304,"column":7}},"93":{"start":{"line":311,"column":31},"end":{"line":347,"column":1}},"94":{"start":{"line":312,"column":2},"end":{"line":346,"column":3}},"95":{"start":{"line":313,"column":19},"end":{"line":313,"column":31}},"96":{"start":{"line":314,"column":23},"end":{"line":314,"column":31}},"97":{"start":{"line":316,"column":25},"end":{"line":319,"column":6}},"98":{"start":{"line":321,"column":4},"end":{"line":325,"column":5}},"99":{"start":{"line":322,"column":6},"end":{"line":324,"column":9}},"100":{"start":{"line":327,"column":22},"end":{"line":327,"column":72}},"101":{"start":{"line":329,"column":4},"end":{"line":332,"column":7}},"102":{"start":{"line":334,"column":4},"end":{"line":340,"column":7}},"103":{"start":{"line":342,"column":4},"end":{"line":342,"column":94}},"104":{"start":{"line":343,"column":4},"end":{"line":345,"column":7}},"105":{"start":{"line":352,"column":34},"end":{"line":366,"column":1}},"106":{"start":{"line":353,"column":2},"end":{"line":365,"column":3}},"107":{"start":{"line":354,"column":18},"end":{"line":354,"column":46}},"108":{"start":{"line":356,"column":4},"end":{"line":359,"column":7}},"109":{"start":{"line":361,"column":4},"end":{"line":361,"column":75}},"110":{"start":{"line":362,"column":4},"end":{"line":364,"column":7}},"111":{"start":{"line":371,"column":34},"end":{"line":405,"column":1}},"112":{"start":{"line":372,"column":2},"end":{"line":404,"column":3}},"113":{"start":{"line":373,"column":43},"end":{"line":373,"column":52}},"114":{"start":{"line":375,"column":18},"end":{"line":375,"column":71}},"115":{"start":{"line":376,"column":4},"end":{"line":376,"column":32}},"116":{"start":{"line":376,"column":14},"end":{"line":376,"column":32}},"117":{"start":{"line":378,"column":26},"end":{"line":383,"column":13}},"118":{"start":{"line":385,"column":18},"end":{"line":385,"column":58}},"119":{"start":{"line":387,"column":4},"end":{"line":398,"column":7}},"120":{"start":{"line":400,"column":4},"end":{"line":400,"column":74}},"121":{"start":{"line":401,"column":4},"end":{"line":403,"column":7}},"122":{"start":{"line":407,"column":0},"end":{"line":417,"column":2}}},"fnMap":{"0":{"name":"(anonymous_0)","decl":{"start":{"line":14,"column":33},"end":{"line":14,"column":34}},"loc":{"start":{"line":14,"column":53},"end":{"line":19,"column":1}},"line":14},"1":{"name":"(anonymous_1)","decl":{"start":{"line":21,"column":37},"end":{"line":21,"column":38}},"loc":{"start":{"line":22,"column":2},"end":{"line":22,"column":107}},"line":22},"2":{"name":"(anonymous_2)","decl":{"start":{"line":24,"column":32},"end":{"line":24,"column":33}},"loc":{"start":{"line":24,"column":45},"end":{"line":24,"column":90}},"line":24},"3":{"name":"(anonymous_3)","decl":{"start":{"line":29,"column":32},"end":{"line":29,"column":33}},"loc":{"start":{"line":29,"column":52},"end":{"line":42,"column":1}},"line":29},"4":{"name":"(anonymous_4)","decl":{"start":{"line":47,"column":28},"end":{"line":47,"column":29}},"loc":{"start":{"line":47,"column":48},"end":{"line":80,"column":1}},"line":47},"5":{"name":"(anonymous_5)","decl":{"start":{"line":82,"column":30},"end":{"line":82,"column":31}},"loc":{"start":{"line":82,"column":50},"end":{"line":107,"column":1}},"line":82},"6":{"name":"(anonymous_6)","decl":{"start":{"line":112,"column":32},"end":{"line":112,"column":33}},"loc":{"start":{"line":112,"column":52},"end":{"line":236,"column":1}},"line":112},"7":{"name":"(anonymous_7)","decl":{"start":{"line":241,"column":34},"end":{"line":241,"column":35}},"loc":{"start":{"line":241,"column":54},"end":{"line":306,"column":1}},"line":241},"8":{"name":"(anonymous_8)","decl":{"start":{"line":311,"column":31},"end":{"line":311,"column":32}},"loc":{"start":{"line":311,"column":51},"end":{"line":347,"column":1}},"line":311},"9":{"name":"(anonymous_9)","decl":{"start":{"line":352,"column":34},"end":{"line":352,"column":35}},"loc":{"start":{"line":352,"column":54},"end":{"line":366,"column":1}},"line":352},"10":{"name":"(anonymous_10)","decl":{"start":{"line":371,"column":34},"end":{"line":371,"column":35}},"loc":{"start":{"line":371,"column":54},"end":{"line":405,"column":1}},"line":371}},"branchMap":{"0":{"loc":{"start":{"line":24,"column":52},"end":{"line":24,"column":65}},"type":"binary-expr","locations":[{"start":{"line":24,"column":52},"end":{"line":24,"column":59}},{"start":{"line":24,"column":63},"end":{"line":24,"column":65}}],"line":24},"1":{"loc":{"start":{"line":52,"column":17},"end":{"line":52,"column":45}},"type":"binary-expr","locations":[{"start":{"line":52,"column":17},"end":{"line":52,"column":35}},{"start":{"line":52,"column":39},"end":{"line":52,"column":45}}],"line":52},"2":{"loc":{"start":{"line":59,"column":16},"end":{"line":59,"column":48}},"type":"binary-expr","locations":[{"start":{"line":59,"column":16},"end":{"line":59,"column":36}},{"start":{"line":59,"column":40},"end":{"line":59,"column":48}}],"line":59},"3":{"loc":{"start":{"line":60,"column":22},"end":{"line":68,"column":9}},"type":"binary-expr","locations":[{"start":{"line":60,"column":22},"end":{"line":60,"column":34}},{"start":{"line":60,"column":38},"end":{"line":68,"column":9}}],"line":60},"4":{"loc":{"start":{"line":69,"column":26},"end":{"line":69,"column":83}},"type":"binary-expr","locations":[{"start":{"line":69,"column":26},"end":{"line":69,"column":56}},{"start":{"line":69,"column":60},"end":{"line":69,"column":83}}],"line":69},"5":{"loc":{"start":{"line":70,"column":20},"end":{"line":70,"column":69}},"type":"binary-expr","locations":[{"start":{"line":70,"column":20},"end":{"line":70,"column":44}},{"start":{"line":70,"column":48},"end":{"line":70,"column":69}}],"line":70},"6":{"loc":{"start":{"line":71,"column":27},"end":{"line":71,"column":90}},"type":"binary-expr","locations":[{"start":{"line":71,"column":27},"end":{"line":71,"column":58}},{"start":{"line":71,"column":62},"end":{"line":71,"column":90}}],"line":71},"7":{"loc":{"start":{"line":86,"column":17},"end":{"line":86,"column":45}},"type":"binary-expr","locations":[{"start":{"line":86,"column":17},"end":{"line":86,"column":35}},{"start":{"line":86,"column":39},"end":{"line":86,"column":45}}],"line":86},"8":{"loc":{"start":{"line":93,"column":16},"end":{"line":93,"column":50}},"type":"binary-expr","locations":[{"start":{"line":93,"column":16},"end":{"line":93,"column":36}},{"start":{"line":93,"column":40},"end":{"line":93,"column":50}}],"line":93},"9":{"loc":{"start":{"line":94,"column":26},"end":{"line":94,"column":83}},"type":"binary-expr","locations":[{"start":{"line":94,"column":26},"end":{"line":94,"column":56}},{"start":{"line":94,"column":60},"end":{"line":94,"column":83}}],"line":94},"10":{"loc":{"start":{"line":95,"column":20},"end":{"line":95,"column":69}},"type":"binary-expr","locations":[{"start":{"line":95,"column":20},"end":{"line":95,"column":44}},{"start":{"line":95,"column":48},"end":{"line":95,"column":69}}],"line":95},"11":{"loc":{"start":{"line":96,"column":27},"end":{"line":96,"column":90}},"type":"binary-expr","locations":[{"start":{"line":96,"column":27},"end":{"line":96,"column":58}},{"start":{"line":96,"column":62},"end":{"line":96,"column":90}}],"line":96},"12":{"loc":{"start":{"line":97,"column":20},"end":{"line":97,"column":52}},"type":"binary-expr","locations":[{"start":{"line":97,"column":20},"end":{"line":97,"column":44}},{"start":{"line":97,"column":48},"end":{"line":97,"column":52}}],"line":97},"13":{"loc":{"start":{"line":98,"column":22},"end":{"line":98,"column":42}},"type":"binary-expr","locations":[{"start":{"line":98,"column":22},"end":{"line":98,"column":34}},{"start":{"line":98,"column":38},"end":{"line":98,"column":42}}],"line":98},"14":{"loc":{"start":{"line":117,"column":4},"end":{"line":121,"column":5}},"type":"if","locations":[{"start":{"line":117,"column":4},"end":{"line":121,"column":5}},{"start":{},"end":{}}],"line":117},"15":{"loc":{"start":{"line":117,"column":8},"end":{"line":117,"column":46}},"type":"binary-expr","locations":[{"start":{"line":117,"column":8},"end":{"line":117,"column":15}},{"start":{"line":117,"column":19},"end":{"line":117,"column":46}}],"line":117},"16":{"loc":{"start":{"line":126,"column":4},"end":{"line":135,"column":5}},"type":"if","locations":[{"start":{"line":126,"column":4},"end":{"line":135,"column":5}},{"start":{},"end":{}}],"line":126},"17":{"loc":{"start":{"line":138,"column":4},"end":{"line":143,"column":5}},"type":"if","locations":[{"start":{"line":138,"column":4},"end":{"line":143,"column":5}},{"start":{},"end":{}}],"line":138},"18":{"loc":{"start":{"line":138,"column":8},"end":{"line":138,"column":66}},"type":"binary-expr","locations":[{"start":{"line":138,"column":8},"end":{"line":138,"column":33}},{"start":{"line":138,"column":37},"end":{"line":138,"column":66}}],"line":138},"19":{"loc":{"start":{"line":159,"column":6},"end":{"line":180,"column":7}},"type":"if","locations":[{"start":{"line":159,"column":6},"end":{"line":180,"column":7}},{"start":{},"end":{}}],"line":159},"20":{"loc":{"start":{"line":192,"column":19},"end":{"line":192,"column":93}},"type":"cond-expr","locations":[{"start":{"line":192,"column":60},"end":{"line":192,"column":81}},{"start":{"line":192,"column":84},"end":{"line":192,"column":93}}],"line":192},"21":{"loc":{"start":{"line":197,"column":4},"end":{"line":202,"column":5}},"type":"if","locations":[{"start":{"line":197,"column":4},"end":{"line":202,"column":5}},{"start":{},"end":{}}],"line":197},"22":{"loc":{"start":{"line":197,"column":8},"end":{"line":197,"column":27}},"type":"binary-expr","locations":[{"start":{"line":197,"column":8},"end":{"line":197,"column":14}},{"start":{"line":197,"column":18},"end":{"line":197,"column":27}}],"line":197},"23":{"loc":{"start":{"line":222,"column":4},"end":{"line":226,"column":5}},"type":"if","locations":[{"start":{"line":222,"column":4},"end":{"line":226,"column":5}},{"start":{},"end":{}}],"line":222},"24":{"loc":{"start":{"line":246,"column":4},"end":{"line":250,"column":5}},"type":"if","locations":[{"start":{"line":246,"column":4},"end":{"line":250,"column":5}},{"start":{},"end":{}}],"line":246},"25":{"loc":{"start":{"line":246,"column":8},"end":{"line":246,"column":55}},"type":"binary-expr","locations":[{"start":{"line":246,"column":8},"end":{"line":246,"column":16}},{"start":{"line":246,"column":20},"end":{"line":246,"column":30}},{"start":{"line":246,"column":34},"end":{"line":246,"column":44}},{"start":{"line":246,"column":48},"end":{"line":246,"column":55}}],"line":246},"26":{"loc":{"start":{"line":252,"column":23},"end":{"line":252,"column":85}},"type":"binary-expr","locations":[{"start":{"line":252,"column":23},"end":{"line":252,"column":49}},{"start":{"line":252,"column":53},"end":{"line":252,"column":85}}],"line":252},"27":{"loc":{"start":{"line":254,"column":4},"end":{"line":270,"column":5}},"type":"if","locations":[{"start":{"line":254,"column":4},"end":{"line":270,"column":5}},{"start":{},"end":{}}],"line":254},"28":{"loc":{"start":{"line":264,"column":6},"end":{"line":269,"column":7}},"type":"if","locations":[{"start":{"line":264,"column":6},"end":{"line":269,"column":7}},{"start":{},"end":{}}],"line":264},"29":{"loc":{"start":{"line":264,"column":10},"end":{"line":264,"column":76}},"type":"binary-expr","locations":[{"start":{"line":264,"column":10},"end":{"line":264,"column":37}},{"start":{"line":264,"column":41},"end":{"line":264,"column":76}}],"line":264},"30":{"loc":{"start":{"line":272,"column":4},"end":{"line":276,"column":5}},"type":"if","locations":[{"start":{"line":272,"column":4},"end":{"line":276,"column":5}},{"start":{},"end":{}}],"line":272},"31":{"loc":{"start":{"line":285,"column":12},"end":{"line":285,"column":43}},"type":"cond-expr","locations":[{"start":{"line":285,"column":25},"end":{"line":285,"column":31}},{"start":{"line":285,"column":34},"end":{"line":285,"column":43}}],"line":285},"32":{"loc":{"start":{"line":296,"column":4},"end":{"line":300,"column":5}},"type":"if","locations":[{"start":{"line":296,"column":4},"end":{"line":300,"column":5}},{"start":{},"end":{}}],"line":296},"33":{"loc":{"start":{"line":321,"column":4},"end":{"line":325,"column":5}},"type":"if","locations":[{"start":{"line":321,"column":4},"end":{"line":325,"column":5}},{"start":{},"end":{}}],"line":321},"34":{"loc":{"start":{"line":373,"column":18},"end":{"line":373,"column":28}},"type":"default-arg","locations":[{"start":{"line":373,"column":26},"end":{"line":373,"column":28}}],"line":373},"35":{"loc":{"start":{"line":373,"column":30},"end":{"line":373,"column":38}},"type":"default-arg","locations":[{"start":{"line":373,"column":37},"end":{"line":373,"column":38}}],"line":373},"36":{"loc":{"start":{"line":376,"column":4},"end":{"line":376,"column":32}},"type":"if","locations":[{"start":{"line":376,"column":4},"end":{"line":376,"column":32}},{"start":{},"end":{}}],"line":376}},"s":{"0":2,"1":2,"2":2,"3":2,"4":2,"5":2,"6":2,"7":1,"8":1,"9":1,"10":1,"11":2,"12":0,"13":2,"14":0,"15":2,"16":1,"17":1,"18":0,"19":1,"20":1,"21":2,"22":0,"23":0,"24":0,"25":0,"26":0,"27":0,"28":0,"29":0,"30":2,"31":1,"32":1,"33":1,"34":1,"35":1,"36":0,"37":1,"38":1,"39":2,"40":1,"41":1,"42":1,"43":1,"44":0,"45":1,"46":0,"47":0,"48":0,"49":0,"50":0,"51":0,"52":0,"53":0,"54":0,"55":0,"56":0,"57":0,"58":0,"59":0,"60":0,"61":0,"62":0,"63":0,"64":0,"65":1,"66":0,"67":1,"68":1,"69":2,"70":0,"71":0,"72":0,"73":0,"74":0,"75":0,"76":0,"77":0,"78":0,"79":0,"80":0,"81":0,"82":0,"83":0,"84":0,"85":0,"86":0,"87":0,"88":0,"89":0,"90":0,"91":0,"92":0,"93":2,"94":0,"95":0,"96":0,"97":0,"98":0,"99":0,"100":0,"101":0,"102":0,"103":0,"104":0,"105":2,"106":0,"107":0,"108":0,"109":0,"110":0,"111":2,"112":0,"113":0,"114":0,"115":0,"116":0,"117":0,"118":0,"119":0,"120":0,"121":0,"122":2},"f":{"0":1,"1":0,"2":0,"3":1,"4":0,"5":1,"6":1,"7":0,"8":0,"9":0,"10":0},"b":{"0":[0,0],"1":[0,0],"2":[0,0],"3":[0,0],"4":[0,0],"5":[0,0],"6":[0,0],"7":[1,1],"8":[0,0],"9":[0,0],"10":[0,0],"11":[0,0],"12":[0,0],"13":[0,0],"14":[0,1],"15":[1,1],"16":[0,0],"17":[0,0],"18":[0,0],"19":[0,0],"20":[0,0],"21":[0,0],"22":[0,0],"23":[0,1],"24":[0,0],"25":[0,0,0,0],"26":[0,0],"27":[0,0],"28":[0,0],"29":[0,0],"30":[0,0],"31":[0,0],"32":[0,0],"33":[0,0],"34":[0],"35":[0],"36":[0,0]},"_coverageSchema":"1a1c01bbd47fc00a2c39e90264f33305004495a9","hash":"610d4852ec2043aa92947fd4e94da55035c29231"}
,"C:\\Users\\Tarun\\.vscode\\workspace\\Resume Projects\\Quiz\\payment-service\\services\\subscriptionService.js": {"path":"C:\\Users\\Tarun\\.vscode\\workspace\\Resume Projects\\Quiz\\payment-service\\services\\subscriptionService.js","statementMap":{"0":{"start":{"line":1,"column":21},"end":{"line":1,"column":54}},"1":{"start":{"line":2,"column":26},"end":{"line":2,"column":63}},"2":{"start":{"line":3,"column":15},"end":{"line":3,"column":41}},"3":{"start":{"line":10,"column":14},"end":{"line":10,"column":24}},"4":{"start":{"line":11,"column":23},"end":{"line":15,"column":44}},"5":{"start":{"line":17,"column":2},"end":{"line":17,"column":22}},"6":{"start":{"line":25,"column":23},"end":{"line":25,"column":58}},"7":{"start":{"line":26,"column":2},"end":{"line":26,"column":51}},"8":{"start":{"line":33,"column":2},"end":{"line":146,"column":3}},"9":{"start":{"line":34,"column":16},"end":{"line":34,"column":26}},"10":{"start":{"line":35,"column":32},"end":{"line":39,"column":46}},"11":{"start":{"line":41,"column":32},"end":{"line":41,"column":62}},"12":{"start":{"line":42,"column":24},"end":{"line":42,"column":79}},"13":{"start":{"line":44,"column":4},"end":{"line":46,"column":5}},"14":{"start":{"line":45,"column":6},"end":{"line":45,"column":66}},"15":{"start":{"line":48,"column":4},"end":{"line":85,"column":5}},"16":{"start":{"line":49,"column":6},"end":{"line":61,"column":8}},"17":{"start":{"line":63,"column":31},"end":{"line":77,"column":8}},"18":{"start":{"line":79,"column":6},"end":{"line":82,"column":9}},"19":{"start":{"line":84,"column":6},"end":{"line":84,"column":63}},"20":{"start":{"line":87,"column":23},"end":{"line":87,"column":36}},"21":{"start":{"line":88,"column":4},"end":{"line":88,"column":51}},"22":{"start":{"line":90,"column":4},"end":{"line":102,"column":6}},"23":{"start":{"line":104,"column":25},"end":{"line":120,"column":6}},"24":{"start":{"line":122,"column":4},"end":{"line":133,"column":5}},"25":{"start":{"line":123,"column":6},"end":{"line":132,"column":9}},"26":{"start":{"line":135,"column":4},"end":{"line":140,"column":7}},"27":{"start":{"line":142,"column":4},"end":{"line":142,"column":43}},"28":{"start":{"line":144,"column":4},"end":{"line":144,"column":97}},"29":{"start":{"line":145,"column":4},"end":{"line":145,"column":14}},"30":{"start":{"line":154,"column":2},"end":{"line":176,"column":3}},"31":{"start":{"line":155,"column":4},"end":{"line":155,"column":36}},"32":{"start":{"line":156,"column":4},"end":{"line":156,"column":46}},"33":{"start":{"line":157,"column":4},"end":{"line":157,"column":38}},"34":{"start":{"line":158,"column":4},"end":{"line":158,"column":30}},"35":{"start":{"line":160,"column":47},"end":{"line":160,"column":100}},"36":{"start":{"line":162,"column":4},"end":{"line":166,"column":7}},"37":{"start":{"line":168,"column":4},"end":{"line":168,"column":28}},"38":{"start":{"line":170,"column":4},"end":{"line":174,"column":7}},"39":{"start":{"line":175,"column":4},"end":{"line":175,"column":14}},"40":{"start":{"line":183,"column":2},"end":{"line":211,"column":3}},"41":{"start":{"line":184,"column":25},"end":{"line":184,"column":68}},"42":{"start":{"line":185,"column":4},"end":{"line":185,"column":65}},"43":{"start":{"line":185,"column":23},"end":{"line":185,"column":65}},"44":{"start":{"line":187,"column":4},"end":{"line":187,"column":38}},"45":{"start":{"line":188,"column":4},"end":{"line":188,"column":45}},"46":{"start":{"line":189,"column":4},"end":{"line":189,"column":42}},"47":{"start":{"line":190,"column":4},"end":{"line":190,"column":46}},"48":{"start":{"line":191,"column":4},"end":{"line":191,"column":38}},"49":{"start":{"line":192,"column":4},"end":{"line":192,"column":41}},"50":{"start":{"line":193,"column":4},"end":{"line":193,"column":30}},"51":{"start":{"line":195,"column":4},"end":{"line":195,"column":58}},"52":{"start":{"line":197,"column":4},"end":{"line":201,"column":7}},"53":{"start":{"line":203,"column":4},"end":{"line":203,"column":24}},"54":{"start":{"line":205,"column":4},"end":{"line":209,"column":7}},"55":{"start":{"line":210,"column":4},"end":{"line":210,"column":14}},"56":{"start":{"line":219,"column":2},"end":{"line":251,"column":3}},"57":{"start":{"line":220,"column":25},"end":{"line":220,"column":68}},"58":{"start":{"line":221,"column":4},"end":{"line":221,"column":65}},"59":{"start":{"line":221,"column":23},"end":{"line":221,"column":65}},"60":{"start":{"line":223,"column":4},"end":{"line":223,"column":65}},"61":{"start":{"line":224,"column":4},"end":{"line":224,"column":40}},"62":{"start":{"line":227,"column":26},"end":{"line":227,"column":59}},"63":{"start":{"line":228,"column":4},"end":{"line":228,"column":57}},"64":{"start":{"line":229,"column":4},"end":{"line":229,"column":44}},"65":{"start":{"line":230,"column":4},"end":{"line":230,"column":41}},"66":{"start":{"line":231,"column":4},"end":{"line":231,"column":48}},"67":{"start":{"line":232,"column":4},"end":{"line":232,"column":49}},"68":{"start":{"line":234,"column":4},"end":{"line":234,"column":30}},"69":{"start":{"line":236,"column":4},"end":{"line":241,"column":7}},"70":{"start":{"line":243,"column":4},"end":{"line":243,"column":24}},"71":{"start":{"line":245,"column":4},"end":{"line":249,"column":7}},"72":{"start":{"line":250,"column":4},"end":{"line":250,"column":14}},"73":{"start":{"line":258,"column":2},"end":{"line":285,"column":3}},"74":{"start":{"line":259,"column":25},"end":{"line":259,"column":68}},"75":{"start":{"line":260,"column":4},"end":{"line":260,"column":65}},"76":{"start":{"line":260,"column":23},"end":{"line":260,"column":65}},"77":{"start":{"line":262,"column":4},"end":{"line":262,"column":81}},"78":{"start":{"line":265,"column":4},"end":{"line":267,"column":5}},"79":{"start":{"line":266,"column":6},"end":{"line":266,"column":37}},"80":{"start":{"line":269,"column":4},"end":{"line":269,"column":30}},"81":{"start":{"line":271,"column":4},"end":{"line":275,"column":7}},"82":{"start":{"line":277,"column":4},"end":{"line":277,"column":24}},"83":{"start":{"line":279,"column":4},"end":{"line":283,"column":7}},"84":{"start":{"line":284,"column":4},"end":{"line":284,"column":14}},"85":{"start":{"line":292,"column":14},"end":{"line":292,"column":24}},"86":{"start":{"line":294,"column":16},"end":{"line":314,"column":4}},"87":{"start":{"line":316,"column":2},"end":{"line":316,"column":18}},"88":{"start":{"line":319,"column":0},"end":{"line":328,"column":2}}},"fnMap":{"0":{"name":"getActiveSubscription","decl":{"start":{"line":9,"column":15},"end":{"line":9,"column":36}},"loc":{"start":{"line":9,"column":45},"end":{"line":18,"column":1}},"line":9},"1":{"name":"getHostCurrentPlan","decl":{"start":{"line":24,"column":15},"end":{"line":24,"column":33}},"loc":{"start":{"line":24,"column":42},"end":{"line":27,"column":1}},"line":24},"2":{"name":"createSubscription","decl":{"start":{"line":32,"column":15},"end":{"line":32,"column":33}},"loc":{"start":{"line":32,"column":73},"end":{"line":147,"column":1}},"line":32},"3":{"name":"handleSubscriptionExpiry","decl":{"start":{"line":153,"column":15},"end":{"line":153,"column":39}},"loc":{"start":{"line":153,"column":54},"end":{"line":177,"column":1}},"line":153},"4":{"name":"cancelSubscription","decl":{"start":{"line":182,"column":15},"end":{"line":182,"column":33}},"loc":{"start":{"line":182,"column":63},"end":{"line":212,"column":1}},"line":182},"5":{"name":"processSubscriptionPayment","decl":{"start":{"line":218,"column":15},"end":{"line":218,"column":41}},"loc":{"start":{"line":218,"column":90},"end":{"line":252,"column":1}},"line":218},"6":{"name":"handleFailedSubscriptionPayment","decl":{"start":{"line":257,"column":15},"end":{"line":257,"column":46}},"loc":{"start":{"line":257,"column":63},"end":{"line":286,"column":1}},"line":257},"7":{"name":"getSubscriptionStats","decl":{"start":{"line":291,"column":15},"end":{"line":291,"column":35}},"loc":{"start":{"line":291,"column":38},"end":{"line":317,"column":1}},"line":291}},"branchMap":{"0":{"loc":{"start":{"line":26,"column":9},"end":{"line":26,"column":50}},"type":"cond-expr","locations":[{"start":{"line":26,"column":24},"end":{"line":26,"column":41}},{"start":{"line":26,"column":44},"end":{"line":26,"column":50}}],"line":26},"1":{"loc":{"start":{"line":32,"column":51},"end":{"line":32,"column":71}},"type":"default-arg","locations":[{"start":{"line":32,"column":67},"end":{"line":32,"column":71}}],"line":32},"2":{"loc":{"start":{"line":41,"column":32},"end":{"line":41,"column":62}},"type":"binary-expr","locations":[{"start":{"line":41,"column":32},"end":{"line":41,"column":54}},{"start":{"line":41,"column":58},"end":{"line":41,"column":62}}],"line":41},"3":{"loc":{"start":{"line":42,"column":24},"end":{"line":42,"column":79}},"type":"cond-expr","locations":[{"start":{"line":42,"column":46},"end":{"line":42,"column":70}},{"start":{"line":42,"column":73},"end":{"line":42,"column":79}}],"line":42},"4":{"loc":{"start":{"line":44,"column":4},"end":{"line":46,"column":5}},"type":"if","locations":[{"start":{"line":44,"column":4},"end":{"line":46,"column":5}},{"start":{},"end":{}}],"line":44},"5":{"loc":{"start":{"line":44,"column":8},"end":{"line":44,"column":54}},"type":"binary-expr","locations":[{"start":{"line":44,"column":8},"end":{"line":44,"column":31}},{"start":{"line":44,"column":35},"end":{"line":44,"column":54}}],"line":44},"6":{"loc":{"start":{"line":48,"column":4},"end":{"line":85,"column":5}},"type":"if","locations":[{"start":{"line":48,"column":4},"end":{"line":85,"column":5}},{"start":{},"end":{}}],"line":48},"7":{"loc":{"start":{"line":122,"column":4},"end":{"line":133,"column":5}},"type":"if","locations":[{"start":{"line":122,"column":4},"end":{"line":133,"column":5}},{"start":{},"end":{}}],"line":122},"8":{"loc":{"start":{"line":182,"column":50},"end":{"line":182,"column":61}},"type":"default-arg","locations":[{"start":{"line":182,"column":59},"end":{"line":182,"column":61}}],"line":182},"9":{"loc":{"start":{"line":185,"column":4},"end":{"line":185,"column":65}},"type":"if","locations":[{"start":{"line":185,"column":4},"end":{"line":185,"column":65}},{"start":{},"end":{}}],"line":185},"10":{"loc":{"start":{"line":221,"column":4},"end":{"line":221,"column":65}},"type":"if","locations":[{"start":{"line":221,"column":4},"end":{"line":221,"column":65}},{"start":{},"end":{}}],"line":221},"11":{"loc":{"start":{"line":223,"column":31},"end":{"line":223,"column":59}},"type":"binary-expr","locations":[{"start":{"line":223,"column":31},"end":{"line":223,"column":54}},{"start":{"line":223,"column":58},"end":{"line":223,"column":59}}],"line":223},"12":{"loc":{"start":{"line":260,"column":4},"end":{"line":260,"column":65}},"type":"if","locations":[{"start":{"line":260,"column":4},"end":{"line":260,"column":65}},{"start":{},"end":{}}],"line":260},"13":{"loc":{"start":{"line":262,"column":39},"end":{"line":262,"column":75}},"type":"binary-expr","locations":[{"start":{"line":262,"column":39},"end":{"line":262,"column":70}},{"start":{"line":262,"column":74},"end":{"line":262,"column":75}}],"line":262},"14":{"loc":{"start":{"line":265,"column":4},"end":{"line":267,"column":5}},"type":"if","locations":[{"start":{"line":265,"column":4},"end":{"line":267,"column":5}},{"start":{},"end":{}}],"line":265}},"s":{"0":1,"1":1,"2":1,"3":1,"4":1,"5":1,"6":1,"7":1,"8":2,"9":2,"10":2,"11":2,"12":2,"13":2,"14":0,"15":2,"16":1,"17":1,"18":1,"19":1,"20":1,"21":1,"22":1,"23":1,"24":1,"25":1,"26":1,"27":1,"28":0,"29":0,"30":0,"31":0,"32":0,"33":0,"34":0,"35":0,"36":0,"37":0,"38":0,"39":0,"40":1,"41":1,"42":1,"43":0,"44":1,"45":1,"46":1,"47":1,"48":1,"49":1,"50":1,"51":1,"52":1,"53":1,"54":0,"55":0,"56":0,"57":0,"58":0,"59":0,"60":0,"61":0,"62":0,"63":0,"64":0,"65":0,"66":0,"67":0,"68":0,"69":0,"70":0,"71":0,"72":0,"73":0,"74":0,"75":0,"76":0,"77":0,"78":0,"79":0,"80":0,"81":0,"82":0,"83":0,"84":0,"85":0,"86":0,"87":0,"88":1},"f":{"0":1,"1":1,"2":2,"3":0,"4":1,"5":0,"6":0,"7":0},"b":{"0":[0,1],"1":[1],"2":[2,1],"3":[1,1],"4":[0,2],"5":[2,1],"6":[1,1],"7":[1,0],"8":[0],"9":[0,1],"10":[0,0],"11":[0,0],"12":[0,0],"13":[0,0],"14":[0,0]},"_coverageSchema":"1a1c01bbd47fc00a2c39e90264f33305004495a9","hash":"88c9691bbae4377feb6eaf28cb6b6cf7fc1544b8"}
,"C:\\Users\\Tarun\\.vscode\\workspace\\Resume Projects\\Quiz\\payment-service\\utils\\subscriptionPlans.js": {"path":"C:\\Users\\Tarun\\.vscode\\workspace\\Resume Projects\\Quiz\\payment-service\\utils\\subscriptionPlans.js","statementMap":{"0":{"start":{"line":1,"column":81},"end":{"line":1,"column":107}},"1":{"start":{"line":3,"column":0},"end":{"line":8,"column":2}}},"fnMap":{},"branchMap":{},"s":{"0":2,"1":2},"f":{},"b":{},"_coverageSchema":"1a1c01bbd47fc00a2c39e90264f33305004495a9","hash":"0e0a3bbdbcc2fe4b43e4d9e03ad02a23ec3c827a"}
}
