{"C:\\Users\\Tarun\\.vscode\\workspace\\Resume Projects\\Quiz\\payment-service\\server.js": {"path":"C:\\Users\\Tarun\\.vscode\\workspace\\Resume Projects\\Quiz\\payment-service\\server.js","statementMap":{"0":{"start":{"line":1,"column":0},"end":{"line":1,"column":27}},"1":{"start":{"line":2,"column":16},"end":{"line":2,"column":34}},"2":{"start":{"line":3,"column":13},"end":{"line":3,"column":28}},"3":{"start":{"line":4,"column":15},"end":{"line":4,"column":32}},"4":{"start":{"line":5,"column":17},"end":{"line":5,"column":36}},"5":{"start":{"line":6,"column":18},"end":{"line":6,"column":40}},"6":{"start":{"line":7,"column":15},"end":{"line":7,"column":40}},"7":{"start":{"line":8,"column":15},"end":{"line":8,"column":38}},"8":{"start":{"line":9,"column":33},"end":{"line":9,"column":72}},"9":{"start":{"line":10,"column":32},"end":{"line":10,"column":65}},"10":{"start":{"line":11,"column":18},"end":{"line":11,"column":47}},"11":{"start":{"line":12,"column":31},"end":{"line":12,"column":59}},"12":{"start":{"line":13,"column":22},"end":{"line":13,"column":57}},"13":{"start":{"line":15,"column":26},"end":{"line":15,"column":100}},"14":{"start":{"line":17,"column":12},"end":{"line":17,"column":21}},"15":{"start":{"line":20,"column":0},"end":{"line":20,"column":12}},"16":{"start":{"line":23,"column":0},"end":{"line":28,"column":4}},"17":{"start":{"line":30,"column":0},"end":{"line":42,"column":4}},"18":{"start":{"line":45,"column":18},"end":{"line":45,"column":47}},"19":{"start":{"line":48,"column":23},"end":{"line":61,"column":2}},"20":{"start":{"line":60,"column":17},"end":{"line":60,"column":82}},"21":{"start":{"line":63,"column":0},"end":{"line":63,"column":36}},"22":{"start":{"line":66,"column":0},"end":{"line":73,"column":4}},"23":{"start":{"line":69,"column":4},"end":{"line":71,"column":5}},"24":{"start":{"line":70,"column":6},"end":{"line":70,"column":37}},"25":{"start":{"line":74,"column":0},"end":{"line":74,"column":63}},"26":{"start":{"line":77,"column":0},"end":{"line":81,"column":3}},"27":{"start":{"line":78,"column":2},"end":{"line":78,"column":116}},"28":{"start":{"line":79,"column":2},"end":{"line":79,"column":55}},"29":{"start":{"line":80,"column":2},"end":{"line":80,"column":9}},"30":{"start":{"line":84,"column":0},"end":{"line":98,"column":3}},"31":{"start":{"line":85,"column":16},"end":{"line":85,"column":26}},"32":{"start":{"line":86,"column":2},"end":{"line":96,"column":5}},"33":{"start":{"line":87,"column":21},"end":{"line":87,"column":39}},"34":{"start":{"line":88,"column":4},"end":{"line":95,"column":7}},"35":{"start":{"line":97,"column":2},"end":{"line":97,"column":9}},"36":{"start":{"line":101,"column":0},"end":{"line":118,"column":3}},"37":{"start":{"line":102,"column":19},"end":{"line":114,"column":3}},"38":{"start":{"line":103,"column":4},"end":{"line":103,"column":70}},"39":{"start":{"line":103,"column":33},"end":{"line":103,"column":70}},"40":{"start":{"line":104,"column":4},"end":{"line":104,"column":53}},"41":{"start":{"line":104,"column":28},"end":{"line":104,"column":53}},"42":{"start":{"line":105,"column":4},"end":{"line":112,"column":5}},"43":{"start":{"line":106,"column":24},"end":{"line":106,"column":26}},"44":{"start":{"line":107,"column":6},"end":{"line":110,"column":7}},"45":{"start":{"line":108,"column":8},"end":{"line":108,"column":42}},"46":{"start":{"line":108,"column":33},"end":{"line":108,"column":42}},"47":{"start":{"line":109,"column":8},"end":{"line":109,"column":41}},"48":{"start":{"line":111,"column":6},"end":{"line":111,"column":23}},"49":{"start":{"line":113,"column":4},"end":{"line":113,"column":15}},"50":{"start":{"line":115,"column":2},"end":{"line":115,"column":78}},"51":{"start":{"line":115,"column":48},"end":{"line":115,"column":78}},"52":{"start":{"line":116,"column":2},"end":{"line":116,"column":82}},"53":{"start":{"line":116,"column":50},"end":{"line":116,"column":82}},"54":{"start":{"line":117,"column":2},"end":{"line":117,"column":9}},"55":{"start":{"line":121,"column":0},"end":{"line":121,"column":55}},"56":{"start":{"line":122,"column":0},"end":{"line":122,"column":65}},"57":{"start":{"line":125,"column":0},"end":{"line":151,"column":3}},"58":{"start":{"line":126,"column":18},"end":{"line":126,"column":48}},"59":{"start":{"line":127,"column":21},"end":{"line":127,"column":46}},"60":{"start":{"line":129,"column":19},"end":{"line":129,"column":54}},"61":{"start":{"line":130,"column":2},"end":{"line":138,"column":3}},"62":{"start":{"line":131,"column":34},"end":{"line":134,"column":6}},"63":{"start":{"line":135,"column":4},"end":{"line":135,"column":41}},"64":{"start":{"line":137,"column":4},"end":{"line":137,"column":98}},"65":{"start":{"line":140,"column":2},"end":{"line":150,"column":5}},"66":{"start":{"line":154,"column":0},"end":{"line":183,"column":3}},"67":{"start":{"line":155,"column":19},"end":{"line":155,"column":54}},"68":{"start":{"line":156,"column":18},"end":{"line":156,"column":44}},"69":{"start":{"line":158,"column":2},"end":{"line":164,"column":3}},"70":{"start":{"line":159,"column":4},"end":{"line":159,"column":21}},"71":{"start":{"line":160,"column":4},"end":{"line":160,"column":35}},"72":{"start":{"line":161,"column":9},"end":{"line":164,"column":3}},"73":{"start":{"line":162,"column":4},"end":{"line":162,"column":21}},"74":{"start":{"line":163,"column":4},"end":{"line":163,"column":34}},"75":{"start":{"line":166,"column":2},"end":{"line":174,"column":5}},"76":{"start":{"line":176,"column":2},"end":{"line":182,"column":5}},"77":{"start":{"line":185,"column":20},"end":{"line":199,"column":1}},"78":{"start":{"line":186,"column":2},"end":{"line":191,"column":3}},"79":{"start":{"line":187,"column":4},"end":{"line":187,"column":27}},"80":{"start":{"line":188,"column":4},"end":{"line":188,"column":45}},"81":{"start":{"line":190,"column":4},"end":{"line":190,"column":46}},"82":{"start":{"line":193,"column":2},"end":{"line":198,"column":3}},"83":{"start":{"line":194,"column":4},"end":{"line":194,"column":26}},"84":{"start":{"line":195,"column":4},"end":{"line":195,"column":51}},"85":{"start":{"line":197,"column":4},"end":{"line":197,"column":52}},"86":{"start":{"line":205,"column":32},"end":{"line":228,"column":1}},"87":{"start":{"line":206,"column":2},"end":{"line":227,"column":3}},"88":{"start":{"line":207,"column":33},"end":{"line":207,"column":53}},"89":{"start":{"line":209,"column":4},"end":{"line":214,"column":5}},"90":{"start":{"line":210,"column":6},"end":{"line":212,"column":9}},"91":{"start":{"line":213,"column":6},"end":{"line":213,"column":13}},"92":{"start":{"line":216,"column":4},"end":{"line":216,"column":39}},"93":{"start":{"line":218,"column":4},"end":{"line":221,"column":7}},"94":{"start":{"line":220,"column":34},"end":{"line":220,"column":45}},"95":{"start":{"line":223,"column":4},"end":{"line":226,"column":7}},"96":{"start":{"line":230,"column":13},"end":{"line":230,"column":17}},"97":{"start":{"line":231,"column":0},"end":{"line":243,"column":1}},"98":{"start":{"line":232,"column":2},"end":{"line":236,"column":5}},"99":{"start":{"line":233,"column":4},"end":{"line":233,"column":66}},"100":{"start":{"line":234,"column":4},"end":{"line":234,"column":30}},"101":{"start":{"line":235,"column":4},"end":{"line":235,"column":18}},"102":{"start":{"line":238,"column":2},"end":{"line":240,"column":5}},"103":{"start":{"line":241,"column":2},"end":{"line":241,"column":28}},"104":{"start":{"line":242,"column":2},"end":{"line":242,"column":16}},"105":{"start":{"line":246,"column":25},"end":{"line":281,"column":1}},"106":{"start":{"line":247,"column":2},"end":{"line":247,"column":62}},"107":{"start":{"line":250,"column":2},"end":{"line":254,"column":3}},"108":{"start":{"line":251,"column":4},"end":{"line":251,"column":41}},"109":{"start":{"line":253,"column":4},"end":{"line":253,"column":76}},"110":{"start":{"line":256,"column":25},"end":{"line":265,"column":3}},"111":{"start":{"line":257,"column":4},"end":{"line":262,"column":5}},"112":{"start":{"line":258,"column":6},"end":{"line":258,"column":40}},"113":{"start":{"line":259,"column":6},"end":{"line":259,"column":48}},"114":{"start":{"line":261,"column":6},"end":{"line":261,"column":80}},"115":{"start":{"line":264,"column":4},"end":{"line":264,"column":20}},"116":{"start":{"line":267,"column":2},"end":{"line":270,"column":3}},"117":{"start":{"line":268,"column":4},"end":{"line":268,"column":21}},"118":{"start":{"line":269,"column":4},"end":{"line":269,"column":11}},"119":{"start":{"line":272,"column":2},"end":{"line":275,"column":5}},"120":{"start":{"line":273,"column":4},"end":{"line":273,"column":38}},"121":{"start":{"line":274,"column":4},"end":{"line":274,"column":27}},"122":{"start":{"line":277,"column":2},"end":{"line":280,"column":12}},"123":{"start":{"line":278,"column":4},"end":{"line":278,"column":50}},"124":{"start":{"line":279,"column":4},"end":{"line":279,"column":20}},"125":{"start":{"line":283,"column":0},"end":{"line":283,"column":57}},"126":{"start":{"line":283,"column":28},"end":{"line":283,"column":55}},"127":{"start":{"line":284,"column":0},"end":{"line":284,"column":55}},"128":{"start":{"line":284,"column":27},"end":{"line":284,"column":53}},"129":{"start":{"line":286,"column":0},"end":{"line":286,"column":21}}},"fnMap":{"0":{"name":"(anonymous_0)","decl":{"start":{"line":60,"column":8},"end":{"line":60,"column":9}},"loc":{"start":{"line":60,"column":17},"end":{"line":60,"column":82}},"line":60},"1":{"name":"(anonymous_1)","decl":{"start":{"line":68,"column":10},"end":{"line":68,"column":11}},"loc":{"start":{"line":68,"column":29},"end":{"line":72,"column":3}},"line":68},"2":{"name":"(anonymous_2)","decl":{"start":{"line":77,"column":8},"end":{"line":77,"column":9}},"loc":{"start":{"line":77,"column":28},"end":{"line":81,"column":1}},"line":77},"3":{"name":"(anonymous_3)","decl":{"start":{"line":84,"column":8},"end":{"line":84,"column":9}},"loc":{"start":{"line":84,"column":28},"end":{"line":98,"column":1}},"line":84},"4":{"name":"(anonymous_4)","decl":{"start":{"line":86,"column":19},"end":{"line":86,"column":20}},"loc":{"start":{"line":86,"column":25},"end":{"line":96,"column":3}},"line":86},"5":{"name":"(anonymous_5)","decl":{"start":{"line":101,"column":8},"end":{"line":101,"column":9}},"loc":{"start":{"line":101,"column":28},"end":{"line":118,"column":1}},"line":101},"6":{"name":"(anonymous_6)","decl":{"start":{"line":102,"column":19},"end":{"line":102,"column":20}},"loc":{"start":{"line":102,"column":28},"end":{"line":114,"column":3}},"line":102},"7":{"name":"(anonymous_7)","decl":{"start":{"line":125,"column":27},"end":{"line":125,"column":28}},"loc":{"start":{"line":125,"column":47},"end":{"line":151,"column":1}},"line":125},"8":{"name":"(anonymous_8)","decl":{"start":{"line":154,"column":8},"end":{"line":154,"column":9}},"loc":{"start":{"line":154,"column":33},"end":{"line":183,"column":1}},"line":154},"9":{"name":"(anonymous_9)","decl":{"start":{"line":185,"column":20},"end":{"line":185,"column":21}},"loc":{"start":{"line":185,"column":26},"end":{"line":199,"column":1}},"line":185},"10":{"name":"(anonymous_10)","decl":{"start":{"line":205,"column":32},"end":{"line":205,"column":33}},"loc":{"start":{"line":205,"column":38},"end":{"line":228,"column":1}},"line":205},"11":{"name":"(anonymous_11)","decl":{"start":{"line":220,"column":29},"end":{"line":220,"column":30}},"loc":{"start":{"line":220,"column":34},"end":{"line":220,"column":45}},"line":220},"12":{"name":"(anonymous_12)","decl":{"start":{"line":232,"column":35},"end":{"line":232,"column":36}},"loc":{"start":{"line":232,"column":41},"end":{"line":236,"column":3}},"line":232},"13":{"name":"(anonymous_13)","decl":{"start":{"line":246,"column":25},"end":{"line":246,"column":26}},"loc":{"start":{"line":246,"column":37},"end":{"line":281,"column":1}},"line":246},"14":{"name":"(anonymous_14)","decl":{"start":{"line":256,"column":25},"end":{"line":256,"column":26}},"loc":{"start":{"line":256,"column":37},"end":{"line":265,"column":3}},"line":256},"15":{"name":"(anonymous_15)","decl":{"start":{"line":272,"column":15},"end":{"line":272,"column":16}},"loc":{"start":{"line":272,"column":27},"end":{"line":275,"column":3}},"line":272},"16":{"name":"(anonymous_16)","decl":{"start":{"line":277,"column":13},"end":{"line":277,"column":14}},"loc":{"start":{"line":277,"column":19},"end":{"line":280,"column":3}},"line":277},"17":{"name":"(anonymous_17)","decl":{"start":{"line":283,"column":22},"end":{"line":283,"column":23}},"loc":{"start":{"line":283,"column":28},"end":{"line":283,"column":55}},"line":283},"18":{"name":"(anonymous_18)","decl":{"start":{"line":284,"column":21},"end":{"line":284,"column":22}},"loc":{"start":{"line":284,"column":27},"end":{"line":284,"column":53}},"line":284}},"branchMap":{"0":{"loc":{"start":{"line":15,"column":33},"end":{"line":15,"column":74}},"type":"binary-expr","locations":[{"start":{"line":15,"column":33},"end":{"line":15,"column":64}},{"start":{"line":15,"column":68},"end":{"line":15,"column":74}}],"line":15},"1":{"loc":{"start":{"line":60,"column":17},"end":{"line":60,"column":82}},"type":"binary-expr","locations":[{"start":{"line":60,"column":17},"end":{"line":60,"column":47}},{"start":{"line":60,"column":51},"end":{"line":60,"column":82}}],"line":60},"2":{"loc":{"start":{"line":69,"column":4},"end":{"line":71,"column":5}},"type":"if","locations":[{"start":{"line":69,"column":4},"end":{"line":71,"column":5}},{"start":{},"end":{}}],"line":69},"3":{"loc":{"start":{"line":78,"column":22},"end":{"line":78,"column":115}},"type":"binary-expr","locations":[{"start":{"line":78,"column":22},"end":{"line":78,"column":53}},{"start":{"line":78,"column":57},"end":{"line":78,"column":115}}],"line":78},"4":{"loc":{"start":{"line":103,"column":4},"end":{"line":103,"column":70}},"type":"if","locations":[{"start":{"line":103,"column":4},"end":{"line":103,"column":70}},{"start":{},"end":{}}],"line":103},"5":{"loc":{"start":{"line":104,"column":4},"end":{"line":104,"column":53}},"type":"if","locations":[{"start":{"line":104,"column":4},"end":{"line":104,"column":53}},{"start":{},"end":{}}],"line":104},"6":{"loc":{"start":{"line":105,"column":4},"end":{"line":112,"column":5}},"type":"if","locations":[{"start":{"line":105,"column":4},"end":{"line":112,"column":5}},{"start":{},"end":{}}],"line":105},"7":{"loc":{"start":{"line":105,"column":8},"end":{"line":105,"column":38}},"type":"binary-expr","locations":[{"start":{"line":105,"column":8},"end":{"line":105,"column":11}},{"start":{"line":105,"column":15},"end":{"line":105,"column":38}}],"line":105},"8":{"loc":{"start":{"line":108,"column":8},"end":{"line":108,"column":42}},"type":"if","locations":[{"start":{"line":108,"column":8},"end":{"line":108,"column":42}},{"start":{},"end":{}}],"line":108},"9":{"loc":{"start":{"line":115,"column":2},"end":{"line":115,"column":78}},"type":"if","locations":[{"start":{"line":115,"column":2},"end":{"line":115,"column":78}},{"start":{},"end":{}}],"line":115},"10":{"loc":{"start":{"line":115,"column":6},"end":{"line":115,"column":46}},"type":"binary-expr","locations":[{"start":{"line":115,"column":6},"end":{"line":115,"column":14}},{"start":{"line":115,"column":18},"end":{"line":115,"column":46}}],"line":115},"11":{"loc":{"start":{"line":116,"column":2},"end":{"line":116,"column":82}},"type":"if","locations":[{"start":{"line":116,"column":2},"end":{"line":116,"column":82}},{"start":{},"end":{}}],"line":116},"12":{"loc":{"start":{"line":116,"column":6},"end":{"line":116,"column":48}},"type":"binary-expr","locations":[{"start":{"line":116,"column":6},"end":{"line":116,"column":15}},{"start":{"line":116,"column":19},"end":{"line":116,"column":48}}],"line":116},"13":{"loc":{"start":{"line":127,"column":21},"end":{"line":127,"column":46}},"type":"cond-expr","locations":[{"start":{"line":127,"column":37},"end":{"line":127,"column":40}},{"start":{"line":127,"column":43},"end":{"line":127,"column":46}}],"line":127},"14":{"loc":{"start":{"line":141,"column":12},"end":{"line":141,"column":56}},"type":"cond-expr","locations":[{"start":{"line":141,"column":33},"end":{"line":141,"column":42}},{"start":{"line":141,"column":45},"end":{"line":141,"column":56}}],"line":141},"15":{"loc":{"start":{"line":143,"column":18},"end":{"line":143,"column":103}},"type":"cond-expr","locations":[{"start":{"line":143,"column":43},"end":{"line":143,"column":52}},{"start":{"line":143,"column":55},"end":{"line":143,"column":103}}],"line":143},"16":{"loc":{"start":{"line":143,"column":55},"end":{"line":143,"column":103}},"type":"cond-expr","locations":[{"start":{"line":143,"column":84},"end":{"line":143,"column":90}},{"start":{"line":143,"column":93},"end":{"line":143,"column":103}}],"line":143},"17":{"loc":{"start":{"line":144,"column":14},"end":{"line":144,"column":58}},"type":"cond-expr","locations":[{"start":{"line":144,"column":30},"end":{"line":144,"column":41}},{"start":{"line":144,"column":44},"end":{"line":144,"column":58}}],"line":144},"18":{"loc":{"start":{"line":146,"column":30},"end":{"line":146,"column":71}},"type":"binary-expr","locations":[{"start":{"line":146,"column":30},"end":{"line":146,"column":61}},{"start":{"line":146,"column":65},"end":{"line":146,"column":71}}],"line":146},"19":{"loc":{"start":{"line":147,"column":13},"end":{"line":147,"column":55}},"type":"binary-expr","locations":[{"start":{"line":147,"column":13},"end":{"line":147,"column":44}},{"start":{"line":147,"column":48},"end":{"line":147,"column":55}}],"line":147},"20":{"loc":{"start":{"line":155,"column":19},"end":{"line":155,"column":54}},"type":"binary-expr","locations":[{"start":{"line":155,"column":19},"end":{"line":155,"column":29}},{"start":{"line":155,"column":33},"end":{"line":155,"column":47}},{"start":{"line":155,"column":51},"end":{"line":155,"column":54}}],"line":155},"21":{"loc":{"start":{"line":156,"column":18},"end":{"line":156,"column":44}},"type":"binary-expr","locations":[{"start":{"line":156,"column":18},"end":{"line":156,"column":26}},{"start":{"line":156,"column":30},"end":{"line":156,"column":44}}],"line":156},"22":{"loc":{"start":{"line":158,"column":2},"end":{"line":164,"column":3}},"type":"if","locations":[{"start":{"line":158,"column":2},"end":{"line":164,"column":3}},{"start":{"line":161,"column":9},"end":{"line":164,"column":3}}],"line":158},"23":{"loc":{"start":{"line":161,"column":9},"end":{"line":164,"column":3}},"type":"if","locations":[{"start":{"line":161,"column":9},"end":{"line":164,"column":3}},{"start":{},"end":{}}],"line":161},"24":{"loc":{"start":{"line":179,"column":15},"end":{"line":179,"column":73}},"type":"cond-expr","locations":[{"start":{"line":179,"column":36},"end":{"line":179,"column":59}},{"start":{"line":179,"column":62},"end":{"line":179,"column":73}}],"line":179},"25":{"loc":{"start":{"line":186,"column":2},"end":{"line":191,"column":3}},"type":"if","locations":[{"start":{"line":186,"column":2},"end":{"line":191,"column":3}},{"start":{"line":189,"column":9},"end":{"line":191,"column":3}}],"line":186},"26":{"loc":{"start":{"line":186,"column":13},"end":{"line":186,"column":61}},"type":"binary-expr","locations":[{"start":{"line":186,"column":13},"end":{"line":186,"column":50}},{"start":{"line":186,"column":54},"end":{"line":186,"column":61}}],"line":186},"27":{"loc":{"start":{"line":193,"column":2},"end":{"line":198,"column":3}},"type":"if","locations":[{"start":{"line":193,"column":2},"end":{"line":198,"column":3}},{"start":{"line":196,"column":9},"end":{"line":198,"column":3}}],"line":193},"28":{"loc":{"start":{"line":193,"column":13},"end":{"line":193,"column":60}},"type":"binary-expr","locations":[{"start":{"line":193,"column":13},"end":{"line":193,"column":50}},{"start":{"line":193,"column":54},"end":{"line":193,"column":60}}],"line":193},"29":{"loc":{"start":{"line":209,"column":4},"end":{"line":214,"column":5}},"type":"if","locations":[{"start":{"line":209,"column":4},"end":{"line":214,"column":5}},{"start":{},"end":{}}],"line":209},"30":{"loc":{"start":{"line":211,"column":16},"end":{"line":211,"column":54}},"type":"cond-expr","locations":[{"start":{"line":211,"column":36},"end":{"line":211,"column":42}},{"start":{"line":211,"column":45},"end":{"line":211,"column":54}}],"line":211},"31":{"loc":{"start":{"line":231,"column":0},"end":{"line":243,"column":1}},"type":"if","locations":[{"start":{"line":231,"column":0},"end":{"line":243,"column":1}},{"start":{"line":237,"column":7},"end":{"line":243,"column":1}}],"line":231},"32":{"loc":{"start":{"line":267,"column":2},"end":{"line":270,"column":3}},"type":"if","locations":[{"start":{"line":267,"column":2},"end":{"line":270,"column":3}},{"start":{},"end":{}}],"line":267}},"s":{"0":1,"1":1,"2":1,"3":1,"4":1,"5":1,"6":1,"7":1,"8":1,"9":1,"10":1,"11":1,"12":1,"13":1,"14":1,"15":1,"16":1,"17":1,"18":1,"19":1,"20":0,"21":1,"22":1,"23":0,"24":0,"25":1,"26":1,"27":0,"28":0,"29":0,"30":1,"31":0,"32":0,"33":0,"34":0,"35":0,"36":1,"37":0,"38":0,"39":0,"40":0,"41":0,"42":0,"43":0,"44":0,"45":0,"46":0,"47":0,"48":0,"49":0,"50":0,"51":0,"52":0,"53":0,"54":0,"55":1,"56":1,"57":1,"58":0,"59":0,"60":0,"61":0,"62":0,"63":0,"64":0,"65":0,"66":1,"67":0,"68":0,"69":0,"70":0,"71":0,"72":0,"73":0,"74":0,"75":0,"76":0,"77":1,"78":1,"79":0,"80":0,"81":1,"82":1,"83":0,"84":0,"85":1,"86":1,"87":1,"88":1,"89":1,"90":0,"91":0,"92":1,"93":1,"94":1,"95":0,"96":1,"97":1,"98":0,"99":0,"100":0,"101":0,"102":1,"103":1,"104":1,"105":1,"106":0,"107":0,"108":0,"109":0,"110":0,"111":0,"112":0,"113":0,"114":0,"115":0,"116":0,"117":0,"118":0,"119":0,"120":0,"121":0,"122":0,"123":0,"124":0,"125":1,"126":0,"127":1,"128":0,"129":1},"f":{"0":0,"1":0,"2":0,"3":0,"4":0,"5":0,"6":0,"7":0,"8":0,"9":1,"10":1,"11":1,"12":0,"13":0,"14":0,"15":0,"16":0,"17":0,"18":0},"b":{"0":[1,0],"1":[0,0],"2":[0,0],"3":[0,0],"4":[0,0],"5":[0,0],"6":[0,0],"7":[0,0],"8":[0,0],"9":[0,0],"10":[0,0],"11":[0,0],"12":[0,0],"13":[0,0],"14":[0,0],"15":[0,0],"16":[0,0],"17":[0,0],"18":[0,0],"19":[0,0],"20":[0,0,0],"21":[0,0],"22":[0,0],"23":[0,0],"24":[0,0],"25":[0,1],"26":[1,0],"27":[0,1],"28":[1,0],"29":[0,1],"30":[0,0],"31":[0,1],"32":[0,0]},"_coverageSchema":"1a1c01bbd47fc00a2c39e90264f33305004495a9","hash":"611a7aafee2fbac79b53f9c55284b430594ca39c"}
,"C:\\Users\\Tarun\\.vscode\\workspace\\Resume Projects\\Quiz\\payment-service\\config\\db.js": {"path":"C:\\Users\\Tarun\\.vscode\\workspace\\Resume Projects\\Quiz\\payment-service\\config\\db.js","statementMap":{"0":{"start":{"line":1,"column":17},"end":{"line":1,"column":36}},"1":{"start":{"line":2,"column":15},"end":{"line":2,"column":31}},"2":{"start":{"line":4,"column":18},"end":{"line":14,"column":1}},"3":{"start":{"line":5,"column":2},"end":{"line":13,"column":3}},"4":{"start":{"line":6,"column":17},"end":{"line":6,"column":59}},"5":{"start":{"line":8,"column":4},"end":{"line":8,"column":62}},"6":{"start":{"line":9,"column":4},"end":{"line":9,"column":16}},"7":{"start":{"line":11,"column":4},"end":{"line":11,"column":67}},"8":{"start":{"line":12,"column":4},"end":{"line":12,"column":20}},"9":{"start":{"line":16,"column":0},"end":{"line":16,"column":27}}},"fnMap":{"0":{"name":"(anonymous_0)","decl":{"start":{"line":4,"column":18},"end":{"line":4,"column":19}},"loc":{"start":{"line":4,"column":30},"end":{"line":14,"column":1}},"line":4}},"branchMap":{},"s":{"0":1,"1":1,"2":1,"3":1,"4":1,"5":1,"6":1,"7":0,"8":0,"9":1},"f":{"0":1},"b":{},"_coverageSchema":"1a1c01bbd47fc00a2c39e90264f33305004495a9","hash":"dcc6aa7bc54d94167fbe0f41902e26f886ad08f6"}
,"C:\\Users\\Tarun\\.vscode\\workspace\\Resume Projects\\Quiz\\payment-service\\config\\env.js": {"path":"C:\\Users\\Tarun\\.vscode\\workspace\\Resume Projects\\Quiz\\payment-service\\config\\env.js","statementMap":{"0":{"start":{"line":1,"column":13},"end":{"line":1,"column":28}},"1":{"start":{"line":2,"column":0},"end":{"line":2,"column":90}},"2":{"start":{"line":4,"column":24},"end":{"line":4,"column":95}},"3":{"start":{"line":5,"column":21},"end":{"line":5,"column":77}},"4":{"start":{"line":6,"column":28},"end":{"line":8,"column":80}},"5":{"start":{"line":10,"column":24},"end":{"line":14,"column":1}},"6":{"start":{"line":16,"column":0},"end":{"line":18,"column":1}},"7":{"start":{"line":17,"column":4},"end":{"line":17,"column":67}},"8":{"start":{"line":20,"column":23},"end":{"line":20,"column":79}},"9":{"start":{"line":20,"column":57},"end":{"line":20,"column":78}},"10":{"start":{"line":22,"column":0},"end":{"line":25,"column":1}},"11":{"start":{"line":23,"column":4},"end":{"line":23,"column":105}},"12":{"start":{"line":24,"column":4},"end":{"line":24,"column":20}},"13":{"start":{"line":27,"column":0},"end":{"line":30,"column":1}},"14":{"start":{"line":28,"column":4},"end":{"line":28,"column":99}},"15":{"start":{"line":29,"column":4},"end":{"line":29,"column":20}},"16":{"start":{"line":32,"column":15},"end":{"line":45,"column":1}},"17":{"start":{"line":47,"column":0},"end":{"line":47,"column":24}}},"fnMap":{"0":{"name":"(anonymous_0)","decl":{"start":{"line":20,"column":46},"end":{"line":20,"column":47}},"loc":{"start":{"line":20,"column":57},"end":{"line":20,"column":78}},"line":20}},"branchMap":{"0":{"loc":{"start":{"line":4,"column":31},"end":{"line":4,"column":69}},"type":"binary-expr","locations":[{"start":{"line":4,"column":31},"end":{"line":4,"column":59}},{"start":{"line":4,"column":63},"end":{"line":4,"column":69}}],"line":4},"1":{"loc":{"start":{"line":5,"column":22},"end":{"line":5,"column":59}},"type":"binary-expr","locations":[{"start":{"line":5,"column":22},"end":{"line":5,"column":42}},{"start":{"line":5,"column":46},"end":{"line":5,"column":59}}],"line":5},"2":{"loc":{"start":{"line":6,"column":28},"end":{"line":8,"column":80}},"type":"binary-expr","locations":[{"start":{"line":6,"column":28},"end":{"line":6,"column":44}},{"start":{"line":7,"column":4},"end":{"line":7,"column":17}},{"start":{"line":8,"column":4},"end":{"line":8,"column":80}}],"line":6},"3":{"loc":{"start":{"line":8,"column":11},"end":{"line":8,"column":54}},"type":"binary-expr","locations":[{"start":{"line":8,"column":11},"end":{"line":8,"column":44}},{"start":{"line":8,"column":48},"end":{"line":8,"column":54}}],"line":8},"4":{"loc":{"start":{"line":16,"column":0},"end":{"line":18,"column":1}},"type":"if","locations":[{"start":{"line":16,"column":0},"end":{"line":18,"column":1}},{"start":{},"end":{}}],"line":16},"5":{"loc":{"start":{"line":22,"column":0},"end":{"line":25,"column":1}},"type":"if","locations":[{"start":{"line":22,"column":0},"end":{"line":25,"column":1}},{"start":{},"end":{}}],"line":22},"6":{"loc":{"start":{"line":27,"column":0},"end":{"line":30,"column":1}},"type":"if","locations":[{"start":{"line":27,"column":0},"end":{"line":30,"column":1}},{"start":{},"end":{}}],"line":27},"7":{"loc":{"start":{"line":27,"column":4},"end":{"line":27,"column":69}},"type":"binary-expr","locations":[{"start":{"line":27,"column":4},"end":{"line":27,"column":16}},{"start":{"line":27,"column":20},"end":{"line":27,"column":69}}],"line":27},"8":{"loc":{"start":{"line":33,"column":10},"end":{"line":33,"column":70}},"type":"binary-expr","locations":[{"start":{"line":33,"column":10},"end":{"line":33,"column":42}},{"start":{"line":33,"column":46},"end":{"line":33,"column":62}},{"start":{"line":33,"column":66},"end":{"line":33,"column":70}}],"line":33},"9":{"loc":{"start":{"line":34,"column":13},"end":{"line":34,"column":50}},"type":"binary-expr","locations":[{"start":{"line":34,"column":13},"end":{"line":34,"column":33}},{"start":{"line":34,"column":37},"end":{"line":34,"column":50}}],"line":34},"10":{"loc":{"start":{"line":41,"column":31},"end":{"line":41,"column":69}},"type":"binary-expr","locations":[{"start":{"line":41,"column":31},"end":{"line":41,"column":63}},{"start":{"line":41,"column":67},"end":{"line":41,"column":69}}],"line":41},"11":{"loc":{"start":{"line":42,"column":30},"end":{"line":42,"column":71}},"type":"binary-expr","locations":[{"start":{"line":42,"column":30},"end":{"line":42,"column":61}},{"start":{"line":42,"column":65},"end":{"line":42,"column":71}}],"line":42},"12":{"loc":{"start":{"line":44,"column":16},"end":{"line":44,"column":129}},"type":"cond-expr","locations":[{"start":{"line":44,"column":42},"end":{"line":44,"column":76}},{"start":{"line":44,"column":79},"end":{"line":44,"column":129}}],"line":44}},"s":{"0":1,"1":1,"2":1,"3":1,"4":1,"5":1,"6":1,"7":1,"8":1,"9":5,"10":1,"11":0,"12":0,"13":1,"14":0,"15":0,"16":1,"17":1},"f":{"0":5},"b":{"0":[1,1],"1":[1,0],"2":[1,0,0],"3":[0,0],"4":[1,0],"5":[0,1],"6":[0,1],"7":[1,0],"8":[1,0,0],"9":[1,0],"10":[1,1],"11":[1,1],"12":[1,0]},"_coverageSchema":"1a1c01bbd47fc00a2c39e90264f33305004495a9","hash":"1e00588ebdf532576d3f34c39cfd2cc1703245d3"}
,"C:\\Users\\Tarun\\.vscode\\workspace\\Resume Projects\\Quiz\\payment-service\\config\\gateways.js": {"path":"C:\\Users\\Tarun\\.vscode\\workspace\\Resume Projects\\Quiz\\payment-service\\config\\gateways.js","statementMap":{"0":{"start":{"line":1,"column":24},"end":{"line":1,"column":71}},"1":{"start":{"line":2,"column":15},"end":{"line":2,"column":41}},"2":{"start":{"line":31,"column":17},"end":{"line":31,"column":56}},"3":{"start":{"line":33,"column":17},"end":{"line":40,"column":3}},"4":{"start":{"line":42,"column":2},"end":{"line":42,"column":16}},"5":{"start":{"line":50,"column":17},"end":{"line":50,"column":19}},"6":{"start":{"line":52,"column":2},"end":{"line":54,"column":3}},"7":{"start":{"line":53,"column":4},"end":{"line":53,"column":44}},"8":{"start":{"line":56,"column":2},"end":{"line":72,"column":3}},"9":{"start":{"line":57,"column":4},"end":{"line":59,"column":5}},"10":{"start":{"line":58,"column":6},"end":{"line":58,"column":79}},"11":{"start":{"line":61,"column":4},"end":{"line":63,"column":5}},"12":{"start":{"line":62,"column":6},"end":{"line":62,"column":83}},"13":{"start":{"line":65,"column":4},"end":{"line":67,"column":5}},"14":{"start":{"line":66,"column":6},"end":{"line":66,"column":76}},"15":{"start":{"line":69,"column":4},"end":{"line":71,"column":5}},"16":{"start":{"line":70,"column":6},"end":{"line":70,"column":71}},"17":{"start":{"line":74,"column":2},"end":{"line":74,"column":16}},"18":{"start":{"line":81,"column":22},"end":{"line":81,"column":47}},"19":{"start":{"line":83,"column":2},"end":{"line":93,"column":3}},"20":{"start":{"line":85,"column":6},"end":{"line":85,"column":41}},"21":{"start":{"line":92,"column":6},"end":{"line":92,"column":62}},"22":{"start":{"line":101,"column":19},"end":{"line":101,"column":21}},"23":{"start":{"line":102,"column":17},"end":{"line":102,"column":19}},"24":{"start":{"line":106,"column":28},"end":{"line":106,"column":40}},"25":{"start":{"line":109,"column":28},"end":{"line":109,"column":90}},"26":{"start":{"line":111,"column":2},"end":{"line":163,"column":3}},"27":{"start":{"line":112,"column":17},"end":{"line":112,"column":48}},"28":{"start":{"line":115,"column":4},"end":{"line":125,"column":5}},"29":{"start":{"line":116,"column":6},"end":{"line":116,"column":114}},"30":{"start":{"line":117,"column":6},"end":{"line":124,"column":8}},"31":{"start":{"line":128,"column":4},"end":{"line":131,"column":5}},"32":{"start":{"line":129,"column":6},"end":{"line":129,"column":92}},"33":{"start":{"line":130,"column":6},"end":{"line":130,"column":15}},"34":{"start":{"line":134,"column":29},"end":{"line":134,"column":58}},"35":{"start":{"line":135,"column":4},"end":{"line":143,"column":5}},"36":{"start":{"line":137,"column":6},"end":{"line":140,"column":9}},"37":{"start":{"line":141,"column":6},"end":{"line":141,"column":39}},"38":{"start":{"line":142,"column":6},"end":{"line":142,"column":15}},"39":{"start":{"line":145,"column":4},"end":{"line":162,"column":5}},"40":{"start":{"line":147,"column":22},"end":{"line":147,"column":51}},"41":{"start":{"line":148,"column":6},"end":{"line":148,"column":29}},"42":{"start":{"line":150,"column":6},"end":{"line":154,"column":9}},"43":{"start":{"line":157,"column":6},"end":{"line":160,"column":9}},"44":{"start":{"line":161,"column":6},"end":{"line":161,"column":54}},"45":{"start":{"line":167,"column":2},"end":{"line":167,"column":61}},"46":{"start":{"line":167,"column":26},"end":{"line":167,"column":59}},"47":{"start":{"line":169,"column":2},"end":{"line":176,"column":5}},"48":{"start":{"line":170,"column":33},"end":{"line":174,"column":5}},"49":{"start":{"line":178,"column":2},"end":{"line":181,"column":4}},"50":{"start":{"line":189,"column":2},"end":{"line":196,"column":6}},"51":{"start":{"line":189,"column":34},"end":{"line":196,"column":3}},"52":{"start":{"line":207,"column":2},"end":{"line":207,"column":50}},"53":{"start":{"line":208,"column":2},"end":{"line":208,"column":30}},"54":{"start":{"line":211,"column":0},"end":{"line":217,"column":2}}},"fnMap":{"0":{"name":"parseGatewayConfig","decl":{"start":{"line":30,"column":9},"end":{"line":30,"column":27}},"loc":{"start":{"line":30,"column":41},"end":{"line":43,"column":1}},"line":30},"1":{"name":"validateGatewayConfig","decl":{"start":{"line":49,"column":9},"end":{"line":49,"column":30}},"loc":{"start":{"line":49,"column":39},"end":{"line":75,"column":1}},"line":49},"2":{"name":"createGatewayInstance","decl":{"start":{"line":80,"column":9},"end":{"line":80,"column":30}},"loc":{"start":{"line":80,"column":39},"end":{"line":94,"column":1}},"line":80},"3":{"name":"loadGatewayConfigs","decl":{"start":{"line":100,"column":9},"end":{"line":100,"column":27}},"loc":{"start":{"line":100,"column":30},"end":{"line":182,"column":1}},"line":100},"4":{"name":"(anonymous_4)","decl":{"start":{"line":167,"column":16},"end":{"line":167,"column":17}},"loc":{"start":{"line":167,"column":26},"end":{"line":167,"column":59}},"line":167},"5":{"name":"(anonymous_5)","decl":{"start":{"line":170,"column":27},"end":{"line":170,"column":28}},"loc":{"start":{"line":170,"column":33},"end":{"line":174,"column":5}},"line":170},"6":{"name":"getGatewayConfigSummary","decl":{"start":{"line":188,"column":9},"end":{"line":188,"column":32}},"loc":{"start":{"line":188,"column":43},"end":{"line":197,"column":1}},"line":188},"7":{"name":"(anonymous_7)","decl":{"start":{"line":189,"column":22},"end":{"line":189,"column":23}},"loc":{"start":{"line":189,"column":34},"end":{"line":196,"column":3}},"line":189},"8":{"name":"reloadGatewayConfigs","decl":{"start":{"line":206,"column":9},"end":{"line":206,"column":29}},"loc":{"start":{"line":206,"column":32},"end":{"line":209,"column":1}},"line":206}},"branchMap":{"0":{"loc":{"start":{"line":35,"column":20},"end":{"line":35,"column":62}},"type":"binary-expr","locations":[{"start":{"line":35,"column":20},"end":{"line":35,"column":51}},{"start":{"line":35,"column":55},"end":{"line":35,"column":62}}],"line":35},"1":{"loc":{"start":{"line":36,"column":23},"end":{"line":36,"column":64}},"type":"binary-expr","locations":[{"start":{"line":36,"column":23},"end":{"line":36,"column":55}},{"start":{"line":36,"column":59},"end":{"line":36,"column":64}}],"line":36},"2":{"loc":{"start":{"line":37,"column":11},"end":{"line":37,"column":47}},"type":"binary-expr","locations":[{"start":{"line":37,"column":11},"end":{"line":37,"column":41}},{"start":{"line":37,"column":45},"end":{"line":37,"column":47}}],"line":37},"3":{"loc":{"start":{"line":38,"column":15},"end":{"line":38,"column":55}},"type":"binary-expr","locations":[{"start":{"line":38,"column":15},"end":{"line":38,"column":49}},{"start":{"line":38,"column":53},"end":{"line":38,"column":55}}],"line":38},"4":{"loc":{"start":{"line":39,"column":22},"end":{"line":39,"column":64}},"type":"binary-expr","locations":[{"start":{"line":39,"column":22},"end":{"line":39,"column":53}},{"start":{"line":39,"column":57},"end":{"line":39,"column":64}}],"line":39},"5":{"loc":{"start":{"line":52,"column":2},"end":{"line":54,"column":3}},"type":"if","locations":[{"start":{"line":52,"column":2},"end":{"line":54,"column":3}},{"start":{},"end":{}}],"line":52},"6":{"loc":{"start":{"line":56,"column":2},"end":{"line":72,"column":3}},"type":"if","locations":[{"start":{"line":56,"column":2},"end":{"line":72,"column":3}},{"start":{},"end":{}}],"line":56},"7":{"loc":{"start":{"line":57,"column":4},"end":{"line":59,"column":5}},"type":"if","locations":[{"start":{"line":57,"column":4},"end":{"line":59,"column":5}},{"start":{},"end":{}}],"line":57},"8":{"loc":{"start":{"line":57,"column":8},"end":{"line":57,"column":51}},"type":"binary-expr","locations":[{"start":{"line":57,"column":8},"end":{"line":57,"column":21}},{"start":{"line":57,"column":25},"end":{"line":57,"column":51}}],"line":57},"9":{"loc":{"start":{"line":61,"column":4},"end":{"line":63,"column":5}},"type":"if","locations":[{"start":{"line":61,"column":4},"end":{"line":63,"column":5}},{"start":{},"end":{}}],"line":61},"10":{"loc":{"start":{"line":61,"column":8},"end":{"line":61,"column":59}},"type":"binary-expr","locations":[{"start":{"line":61,"column":8},"end":{"line":61,"column":25}},{"start":{"line":61,"column":29},"end":{"line":61,"column":59}}],"line":61},"11":{"loc":{"start":{"line":65,"column":4},"end":{"line":67,"column":5}},"type":"if","locations":[{"start":{"line":65,"column":4},"end":{"line":67,"column":5}},{"start":{},"end":{}}],"line":65},"12":{"loc":{"start":{"line":65,"column":8},"end":{"line":65,"column":53}},"type":"binary-expr","locations":[{"start":{"line":65,"column":8},"end":{"line":65,"column":30}},{"start":{"line":65,"column":34},"end":{"line":65,"column":53}}],"line":65},"13":{"loc":{"start":{"line":69,"column":4},"end":{"line":71,"column":5}},"type":"if","locations":[{"start":{"line":69,"column":4},"end":{"line":71,"column":5}},{"start":{},"end":{}}],"line":69},"14":{"loc":{"start":{"line":69,"column":8},"end":{"line":69,"column":52}},"type":"binary-expr","locations":[{"start":{"line":69,"column":8},"end":{"line":69,"column":29}},{"start":{"line":69,"column":33},"end":{"line":69,"column":52}}],"line":69},"15":{"loc":{"start":{"line":83,"column":2},"end":{"line":93,"column":3}},"type":"switch","locations":[{"start":{"line":84,"column":4},"end":{"line":85,"column":41}},{"start":{"line":91,"column":4},"end":{"line":92,"column":62}}],"line":83},"16":{"loc":{"start":{"line":109,"column":28},"end":{"line":109,"column":90}},"type":"binary-expr","locations":[{"start":{"line":109,"column":28},"end":{"line":109,"column":55}},{"start":{"line":109,"column":59},"end":{"line":109,"column":90}}],"line":109},"17":{"loc":{"start":{"line":115,"column":4},"end":{"line":125,"column":5}},"type":"if","locations":[{"start":{"line":115,"column":4},"end":{"line":125,"column":5}},{"start":{},"end":{}}],"line":115},"18":{"loc":{"start":{"line":115,"column":8},"end":{"line":115,"column":72}},"type":"binary-expr","locations":[{"start":{"line":115,"column":8},"end":{"line":115,"column":34}},{"start":{"line":115,"column":38},"end":{"line":115,"column":51}},{"start":{"line":115,"column":55},"end":{"line":115,"column":72}}],"line":115},"19":{"loc":{"start":{"line":119,"column":24},"end":{"line":119,"column":62}},"type":"binary-expr","locations":[{"start":{"line":119,"column":24},"end":{"line":119,"column":52}},{"start":{"line":119,"column":56},"end":{"line":119,"column":62}}],"line":119},"20":{"loc":{"start":{"line":128,"column":4},"end":{"line":131,"column":5}},"type":"if","locations":[{"start":{"line":128,"column":4},"end":{"line":131,"column":5}},{"start":{},"end":{}}],"line":128},"21":{"loc":{"start":{"line":135,"column":4},"end":{"line":143,"column":5}},"type":"if","locations":[{"start":{"line":135,"column":4},"end":{"line":143,"column":5}},{"start":{},"end":{}}],"line":135},"22":{"loc":{"start":{"line":175,"column":12},"end":{"line":175,"column":50}},"type":"cond-expr","locations":[{"start":{"line":175,"column":32},"end":{"line":175,"column":38}},{"start":{"line":175,"column":41},"end":{"line":175,"column":50}}],"line":175},"23":{"loc":{"start":{"line":195,"column":11},"end":{"line":195,"column":85}},"type":"cond-expr","locations":[{"start":{"line":195,"column":34},"end":{"line":195,"column":78}},{"start":{"line":195,"column":81},"end":{"line":195,"column":85}}],"line":195}},"s":{"0":1,"1":1,"2":1,"3":1,"4":1,"5":1,"6":1,"7":0,"8":1,"9":1,"10":0,"11":1,"12":0,"13":1,"14":0,"15":1,"16":0,"17":1,"18":1,"19":1,"20":1,"21":0,"22":1,"23":1,"24":1,"25":1,"26":1,"27":1,"28":1,"29":1,"30":1,"31":1,"32":0,"33":0,"34":1,"35":1,"36":0,"37":0,"38":0,"39":1,"40":1,"41":1,"42":1,"43":0,"44":0,"45":1,"46":0,"47":1,"48":1,"49":1,"50":0,"51":0,"52":0,"53":0,"54":1},"f":{"0":1,"1":1,"2":1,"3":1,"4":0,"5":1,"6":0,"7":0,"8":0},"b":{"0":[1,1],"1":[1,1],"2":[1,1],"3":[1,1],"4":[1,1],"5":[0,1],"6":[1,0],"7":[0,1],"8":[1,1],"9":[0,1],"10":[1,1],"11":[0,1],"12":[1,1],"13":[0,1],"14":[1,1],"15":[1,0],"16":[1,1],"17":[1,0],"18":[1,1,1],"19":[1,1],"20":[0,1],"21":[0,1],"22":[0,1],"23":[0,0]},"_coverageSchema":"1a1c01bbd47fc00a2c39e90264f33305004495a9","hash":"8fa85a7ef7236f34d89451c4ca8eaf3ed1457206"}
,"C:\\Users\\Tarun\\.vscode\\workspace\\Resume Projects\\Quiz\\payment-service\\config\\plans.js": {"path":"C:\\Users\\Tarun\\.vscode\\workspace\\Resume Projects\\Quiz\\payment-service\\config\\plans.js","statementMap":{"0":{"start":{"line":7,"column":4},"end":{"line":7,"column":40}},"1":{"start":{"line":9,"column":0},"end":{"line":15,"column":2}}},"fnMap":{},"branchMap":{},"s":{"0":1,"1":1},"f":{},"b":{},"_coverageSchema":"1a1c01bbd47fc00a2c39e90264f33305004495a9","hash":"57afbdf89d183d2cee1a463beb82fe214ebe5744"}
,"C:\\Users\\Tarun\\.vscode\\workspace\\Resume Projects\\Quiz\\payment-service\\config\\razorpay.js": {"path":"C:\\Users\\Tarun\\.vscode\\workspace\\Resume Projects\\Quiz\\payment-service\\config\\razorpay.js","statementMap":{"0":{"start":{"line":1,"column":17},"end":{"line":1,"column":36}},"1":{"start":{"line":2,"column":15},"end":{"line":2,"column":31}},"2":{"start":{"line":4,"column":30},"end":{"line":8,"column":1}},"3":{"start":{"line":5,"column":16},"end":{"line":5,"column":70}},"4":{"start":{"line":6,"column":2},"end":{"line":6,"column":35}},"5":{"start":{"line":7,"column":2},"end":{"line":7,"column":14}},"6":{"start":{"line":12,"column":17},"end":{"line":20,"column":3}},"7":{"start":{"line":22,"column":0},"end":{"line":22,"column":26}}},"fnMap":{"0":{"name":"(anonymous_0)","decl":{"start":{"line":4,"column":30},"end":{"line":4,"column":31}},"loc":{"start":{"line":4,"column":36},"end":{"line":8,"column":1}},"line":4}},"branchMap":{"0":{"loc":{"start":{"line":12,"column":17},"end":{"line":20,"column":3}},"type":"cond-expr","locations":[{"start":{"line":13,"column":4},"end":{"line":16,"column":4}},{"start":{"line":17,"column":4},"end":{"line":20,"column":3}}],"line":12}},"s":{"0":1,"1":1,"2":1,"3":0,"4":0,"5":0,"6":1,"7":1},"f":{"0":0},"b":{"0":[1,0]},"_coverageSchema":"1a1c01bbd47fc00a2c39e90264f33305004495a9","hash":"3796b6060155d3f5af80744b2245a359b1f65d9e"}
,"C:\\Users\\Tarun\\.vscode\\workspace\\Resume Projects\\Quiz\\payment-service\\controllers\\paymentController.js": {"path":"C:\\Users\\Tarun\\.vscode\\workspace\\Resume Projects\\Quiz\\payment-service\\controllers\\paymentController.js","statementMap":{"0":{"start":{"line":1,"column":17},"end":{"line":1,"column":46}},"1":{"start":{"line":2,"column":15},"end":{"line":2,"column":32}},"2":{"start":{"line":3,"column":17},"end":{"line":3,"column":36}},"3":{"start":{"line":4,"column":16},"end":{"line":4,"column":44}},"4":{"start":{"line":5,"column":20},"end":{"line":5,"column":52}},"5":{"start":{"line":6,"column":21},"end":{"line":6,"column":54}},"6":{"start":{"line":7,"column":18},"end":{"line":7,"column":48}},"7":{"start":{"line":8,"column":15},"end":{"line":8,"column":41}},"8":{"start":{"line":9,"column":31},"end":{"line":9,"column":73}},"9":{"start":{"line":10,"column":33},"end":{"line":10,"column":70}},"10":{"start":{"line":11,"column":15},"end":{"line":11,"column":39}},"11":{"start":{"line":12,"column":22},"end":{"line":12,"column":58}},"12":{"start":{"line":15,"column":29},"end":{"line":15,"column":75}},"13":{"start":{"line":16,"column":28},"end":{"line":16,"column":102}},"14":{"start":{"line":18,"column":16},"end":{"line":18,"column":65}},"15":{"start":{"line":18,"column":28},"end":{"line":18,"column":65}},"16":{"start":{"line":19,"column":17},"end":{"line":19,"column":73}},"17":{"start":{"line":19,"column":28},"end":{"line":19,"column":73}},"18":{"start":{"line":21,"column":21},"end":{"line":31,"column":4}},"19":{"start":{"line":22,"column":2},"end":{"line":31,"column":4}},"20":{"start":{"line":33,"column":26},"end":{"line":36,"column":1}},"21":{"start":{"line":34,"column":2},"end":{"line":34,"column":60}},"22":{"start":{"line":34,"column":48},"end":{"line":34,"column":60}},"23":{"start":{"line":35,"column":2},"end":{"line":35,"column":82}},"24":{"start":{"line":39,"column":21},"end":{"line":53,"column":1}},"25":{"start":{"line":40,"column":21},"end":{"line":40,"column":42}},"26":{"start":{"line":41,"column":27},"end":{"line":41,"column":77}},"27":{"start":{"line":42,"column":20},"end":{"line":42,"column":62}},"28":{"start":{"line":44,"column":2},"end":{"line":52,"column":4}},"29":{"start":{"line":55,"column":37},"end":{"line":60,"column":1}},"30":{"start":{"line":56,"column":2},"end":{"line":58,"column":3}},"31":{"start":{"line":57,"column":4},"end":{"line":57,"column":23}},"32":{"start":{"line":59,"column":2},"end":{"line":59,"column":61}},"33":{"start":{"line":62,"column":32},"end":{"line":67,"column":1}},"34":{"start":{"line":63,"column":22},"end":{"line":63,"column":46}},"35":{"start":{"line":64,"column":22},"end":{"line":64,"column":46}},"36":{"start":{"line":65,"column":22},"end":{"line":65,"column":53}},"37":{"start":{"line":66,"column":2},"end":{"line":66,"column":61}},"38":{"start":{"line":69,"column":36},"end":{"line":70,"column":104}},"39":{"start":{"line":70,"column":2},"end":{"line":70,"column":104}},"40":{"start":{"line":72,"column":31},"end":{"line":72,"column":90}},"41":{"start":{"line":72,"column":44},"end":{"line":72,"column":90}},"42":{"start":{"line":74,"column":20},"end":{"line":255,"column":1}},"43":{"start":{"line":75,"column":2},"end":{"line":254,"column":3}},"44":{"start":{"line":76,"column":23},"end":{"line":76,"column":31}},"45":{"start":{"line":77,"column":19},"end":{"line":77,"column":31}},"46":{"start":{"line":79,"column":4},"end":{"line":81,"column":5}},"47":{"start":{"line":80,"column":6},"end":{"line":80,"column":100}},"48":{"start":{"line":83,"column":17},"end":{"line":83,"column":48}},"49":{"start":{"line":84,"column":4},"end":{"line":86,"column":5}},"50":{"start":{"line":85,"column":6},"end":{"line":85,"column":91}},"51":{"start":{"line":88,"column":4},"end":{"line":90,"column":5}},"52":{"start":{"line":89,"column":6},"end":{"line":89,"column":113}},"53":{"start":{"line":92,"column":28},"end":{"line":96,"column":13}},"54":{"start":{"line":98,"column":4},"end":{"line":102,"column":5}},"55":{"start":{"line":99,"column":6},"end":{"line":101,"column":9}},"56":{"start":{"line":104,"column":24},"end":{"line":106,"column":13}},"57":{"start":{"line":109,"column":21},"end":{"line":109,"column":58}},"58":{"start":{"line":110,"column":30},"end":{"line":110,"column":60}},"59":{"start":{"line":112,"column":18},"end":{"line":112,"column":61}},"60":{"start":{"line":113,"column":18},"end":{"line":119,"column":5}},"61":{"start":{"line":121,"column":20},"end":{"line":126,"column":5}},"62":{"start":{"line":128,"column":21},"end":{"line":128,"column":27}},"63":{"start":{"line":129,"column":23},"end":{"line":129,"column":39}},"64":{"start":{"line":130,"column":30},"end":{"line":130,"column":34}},"65":{"start":{"line":132,"column":4},"end":{"line":159,"column":5}},"66":{"start":{"line":133,"column":6},"end":{"line":158,"column":7}},"67":{"start":{"line":134,"column":8},"end":{"line":153,"column":9}},"68":{"start":{"line":135,"column":10},"end":{"line":147,"column":12}},"69":{"start":{"line":148,"column":10},"end":{"line":148,"column":31}},"70":{"start":{"line":149,"column":10},"end":{"line":149,"column":38}},"71":{"start":{"line":151,"column":10},"end":{"line":151,"column":32}},"72":{"start":{"line":152,"column":10},"end":{"line":152,"column":35}},"73":{"start":{"line":155,"column":8},"end":{"line":155,"column":30}},"74":{"start":{"line":156,"column":8},"end":{"line":156,"column":37}},"75":{"start":{"line":157,"column":8},"end":{"line":157,"column":52}},"76":{"start":{"line":163,"column":4},"end":{"line":190,"column":5}},"77":{"start":{"line":165,"column":6},"end":{"line":165,"column":68}},"78":{"start":{"line":166,"column":6},"end":{"line":166,"column":47}},"79":{"start":{"line":168,"column":6},"end":{"line":189,"column":7}},"80":{"start":{"line":169,"column":8},"end":{"line":173,"column":11}},"81":{"start":{"line":174,"column":8},"end":{"line":174,"column":76}},"82":{"start":{"line":175,"column":8},"end":{"line":186,"column":10}},"83":{"start":{"line":188,"column":8},"end":{"line":188,"column":20}},"84":{"start":{"line":192,"column":20},"end":{"line":219,"column":6}},"85":{"start":{"line":221,"column":4},"end":{"line":230,"column":7}},"86":{"start":{"line":232,"column":4},"end":{"line":247,"column":7}},"87":{"start":{"line":249,"column":4},"end":{"line":251,"column":5}},"88":{"start":{"line":250,"column":6},"end":{"line":250,"column":131}},"89":{"start":{"line":252,"column":4},"end":{"line":252,"column":85}},"90":{"start":{"line":253,"column":4},"end":{"line":253,"column":101}},"91":{"start":{"line":257,"column":22},"end":{"line":364,"column":1}},"92":{"start":{"line":258,"column":2},"end":{"line":363,"column":3}},"93":{"start":{"line":259,"column":46},"end":{"line":259,"column":54}},"94":{"start":{"line":261,"column":4},"end":{"line":263,"column":5}},"95":{"start":{"line":262,"column":6},"end":{"line":262,"column":127}},"96":{"start":{"line":265,"column":20},"end":{"line":265,"column":71}},"97":{"start":{"line":266,"column":4},"end":{"line":268,"column":5}},"98":{"start":{"line":267,"column":6},"end":{"line":267,"column":104}},"99":{"start":{"line":271,"column":4},"end":{"line":287,"column":5}},"100":{"start":{"line":272,"column":6},"end":{"line":272,"column":114}},"101":{"start":{"line":273,"column":6},"end":{"line":286,"column":9}},"102":{"start":{"line":289,"column":23},"end":{"line":289,"column":84}},"103":{"start":{"line":291,"column":4},"end":{"line":304,"column":5}},"104":{"start":{"line":293,"column":33},"end":{"line":296,"column":22}},"105":{"start":{"line":298,"column":19},"end":{"line":298,"column":48}},"106":{"start":{"line":299,"column":19},"end":{"line":299,"column":57}},"107":{"start":{"line":300,"column":6},"end":{"line":303,"column":7}},"108":{"start":{"line":301,"column":8},"end":{"line":301,"column":96}},"109":{"start":{"line":302,"column":8},"end":{"line":302,"column":128}},"110":{"start":{"line":306,"column":25},"end":{"line":306,"column":29}},"111":{"start":{"line":307,"column":4},"end":{"line":313,"column":5}},"112":{"start":{"line":308,"column":6},"end":{"line":308,"column":64}},"113":{"start":{"line":310,"column":6},"end":{"line":312,"column":7}},"114":{"start":{"line":311,"column":8},"end":{"line":311,"column":111}},"115":{"start":{"line":316,"column":20},"end":{"line":328,"column":5}},"116":{"start":{"line":330,"column":4},"end":{"line":337,"column":5}},"117":{"start":{"line":332,"column":6},"end":{"line":332,"column":108}},"118":{"start":{"line":333,"column":6},"end":{"line":336,"column":9}},"119":{"start":{"line":339,"column":4},"end":{"line":345,"column":7}},"120":{"start":{"line":347,"column":4},"end":{"line":356,"column":7}},"121":{"start":{"line":358,"column":4},"end":{"line":360,"column":5}},"122":{"start":{"line":359,"column":6},"end":{"line":359,"column":131}},"123":{"start":{"line":361,"column":4},"end":{"line":361,"column":87}},"124":{"start":{"line":362,"column":4},"end":{"line":362,"column":96}},"125":{"start":{"line":366,"column":25},"end":{"line":404,"column":1}},"126":{"start":{"line":367,"column":2},"end":{"line":403,"column":3}},"127":{"start":{"line":368,"column":23},"end":{"line":368,"column":33}},"128":{"start":{"line":369,"column":19},"end":{"line":369,"column":31}},"129":{"start":{"line":371,"column":20},"end":{"line":375,"column":13}},"130":{"start":{"line":377,"column":4},"end":{"line":382,"column":5}},"131":{"start":{"line":378,"column":6},"end":{"line":381,"column":9}},"132":{"start":{"line":384,"column":4},"end":{"line":399,"column":7}},"133":{"start":{"line":401,"column":4},"end":{"line":401,"column":91}},"134":{"start":{"line":402,"column":4},"end":{"line":402,"column":102}},"135":{"start":{"line":406,"column":30},"end":{"line":440,"column":1}},"136":{"start":{"line":407,"column":2},"end":{"line":439,"column":3}},"137":{"start":{"line":408,"column":24},"end":{"line":408,"column":32}},"138":{"start":{"line":409,"column":19},"end":{"line":409,"column":31}},"139":{"start":{"line":411,"column":4},"end":{"line":413,"column":5}},"140":{"start":{"line":412,"column":6},"end":{"line":412,"column":107}},"141":{"start":{"line":415,"column":21},"end":{"line":419,"column":56}},"142":{"start":{"line":421,"column":22},"end":{"line":421,"column":24}},"143":{"start":{"line":422,"column":4},"end":{"line":424,"column":5}},"144":{"start":{"line":423,"column":6},"end":{"line":423,"column":42}},"145":{"start":{"line":425,"column":4},"end":{"line":433,"column":5}},"146":{"start":{"line":426,"column":6},"end":{"line":432,"column":8}},"147":{"start":{"line":435,"column":4},"end":{"line":435,"column":68}},"148":{"start":{"line":437,"column":4},"end":{"line":437,"column":93}},"149":{"start":{"line":438,"column":4},"end":{"line":438,"column":108}},"150":{"start":{"line":442,"column":26},"end":{"line":473,"column":1}},"151":{"start":{"line":443,"column":2},"end":{"line":472,"column":3}},"152":{"start":{"line":444,"column":80},"end":{"line":444,"column":88}},"153":{"start":{"line":446,"column":4},"end":{"line":448,"column":5}},"154":{"start":{"line":447,"column":6},"end":{"line":447,"column":106}},"155":{"start":{"line":450,"column":23},"end":{"line":450,"column":35}},"156":{"start":{"line":451,"column":19},"end":{"line":457,"column":5}},"157":{"start":{"line":459,"column":24},"end":{"line":463,"column":12}},"158":{"start":{"line":465,"column":4},"end":{"line":468,"column":7}},"159":{"start":{"line":470,"column":4},"end":{"line":470,"column":92}},"160":{"start":{"line":471,"column":4},"end":{"line":471,"column":100}},"161":{"start":{"line":475,"column":25},"end":{"line":486,"column":1}},"162":{"start":{"line":476,"column":2},"end":{"line":485,"column":3}},"163":{"start":{"line":477,"column":24},"end":{"line":477,"column":86}},"164":{"start":{"line":478,"column":4},"end":{"line":481,"column":7}},"165":{"start":{"line":483,"column":4},"end":{"line":483,"column":89}},"166":{"start":{"line":484,"column":4},"end":{"line":484,"column":101}},"167":{"start":{"line":488,"column":29},"end":{"line":538,"column":1}},"168":{"start":{"line":489,"column":2},"end":{"line":537,"column":3}},"169":{"start":{"line":490,"column":23},"end":{"line":490,"column":35}},"170":{"start":{"line":492,"column":20},"end":{"line":506,"column":6}},"171":{"start":{"line":508,"column":19},"end":{"line":515,"column":5}},"172":{"start":{"line":517,"column":4},"end":{"line":519,"column":7}},"173":{"start":{"line":518,"column":6},"end":{"line":518,"column":91}},"174":{"start":{"line":518,"column":42},"end":{"line":518,"column":91}},"175":{"start":{"line":521,"column":19},"end":{"line":525,"column":13}},"176":{"start":{"line":527,"column":4},"end":{"line":533,"column":7}},"177":{"start":{"line":535,"column":4},"end":{"line":535,"column":96}},"178":{"start":{"line":536,"column":4},"end":{"line":536,"column":103}},"179":{"start":{"line":540,"column":33},"end":{"line":571,"column":1}},"180":{"start":{"line":541,"column":18},"end":{"line":541,"column":40}},"181":{"start":{"line":542,"column":20},"end":{"line":542,"column":36}},"182":{"start":{"line":546,"column":18},"end":{"line":557,"column":3}},"183":{"start":{"line":559,"column":2},"end":{"line":563,"column":3}},"184":{"start":{"line":561,"column":4},"end":{"line":561,"column":105}},"185":{"start":{"line":562,"column":4},"end":{"line":562,"column":11}},"186":{"start":{"line":565,"column":2},"end":{"line":568,"column":3}},"187":{"start":{"line":566,"column":4},"end":{"line":566,"column":85}},"188":{"start":{"line":567,"column":4},"end":{"line":567,"column":25}},"189":{"start":{"line":570,"column":2},"end":{"line":570,"column":77}},"190":{"start":{"line":573,"column":22},"end":{"line":695,"column":1}},"191":{"start":{"line":575,"column":2},"end":{"line":694,"column":3}},"192":{"start":{"line":576,"column":29},"end":{"line":576,"column":64}},"193":{"start":{"line":577,"column":26},"end":{"line":577,"column":52}},"194":{"start":{"line":579,"column":4},"end":{"line":582,"column":5}},"195":{"start":{"line":580,"column":6},"end":{"line":580,"column":55}},"196":{"start":{"line":581,"column":6},"end":{"line":581,"column":120}},"197":{"start":{"line":584,"column":4},"end":{"line":587,"column":5}},"198":{"start":{"line":585,"column":6},"end":{"line":585,"column":48}},"199":{"start":{"line":586,"column":6},"end":{"line":586,"column":109}},"200":{"start":{"line":589,"column":30},"end":{"line":592,"column":20}},"201":{"start":{"line":595,"column":22},"end":{"line":595,"column":58}},"202":{"start":{"line":596,"column":27},"end":{"line":596,"column":64}},"203":{"start":{"line":597,"column":28},"end":{"line":598,"column":55}},"204":{"start":{"line":600,"column":4},"end":{"line":603,"column":5}},"205":{"start":{"line":601,"column":6},"end":{"line":601,"column":48}},"206":{"start":{"line":602,"column":6},"end":{"line":602,"column":109}},"207":{"start":{"line":605,"column":18},"end":{"line":605,"column":32}},"208":{"start":{"line":606,"column":26},"end":{"line":606,"column":59}},"209":{"start":{"line":609,"column":27},"end":{"line":609,"column":98}},"210":{"start":{"line":611,"column":4},"end":{"line":611,"column":97}},"211":{"start":{"line":614,"column":4},"end":{"line":614,"column":44}},"212":{"start":{"line":617,"column":4},"end":{"line":690,"column":5}},"213":{"start":{"line":618,"column":6},"end":{"line":665,"column":7}},"214":{"start":{"line":619,"column":8},"end":{"line":619,"column":54}},"215":{"start":{"line":620,"column":13},"end":{"line":665,"column":7}},"216":{"start":{"line":622,"column":8},"end":{"line":631,"column":10}},"217":{"start":{"line":632,"column":13},"end":{"line":665,"column":7}},"218":{"start":{"line":633,"column":8},"end":{"line":646,"column":10}},"219":{"start":{"line":647,"column":13},"end":{"line":665,"column":7}},"220":{"start":{"line":648,"column":31},"end":{"line":648,"column":65}},"221":{"start":{"line":649,"column":8},"end":{"line":664,"column":9}},"222":{"start":{"line":650,"column":10},"end":{"line":663,"column":12}},"223":{"start":{"line":667,"column":6},"end":{"line":672,"column":9}},"224":{"start":{"line":674,"column":6},"end":{"line":689,"column":86}},"225":{"start":{"line":689,"column":21},"end":{"line":689,"column":84}},"226":{"start":{"line":692,"column":4},"end":{"line":692,"column":88}},"227":{"start":{"line":693,"column":4},"end":{"line":693,"column":106}},"228":{"start":{"line":697,"column":0},"end":{"line":709,"column":2}}},"fnMap":{"0":{"name":"(anonymous_0)","decl":{"start":{"line":18,"column":16},"end":{"line":18,"column":17}},"loc":{"start":{"line":18,"column":28},"end":{"line":18,"column":65}},"line":18},"1":{"name":"(anonymous_1)","decl":{"start":{"line":19,"column":17},"end":{"line":19,"column":18}},"loc":{"start":{"line":19,"column":28},"end":{"line":19,"column":73}},"line":19},"2":{"name":"(anonymous_2)","decl":{"start":{"line":21,"column":21},"end":{"line":21,"column":22}},"loc":{"start":{"line":22,"column":2},"end":{"line":31,"column":4}},"line":22},"3":{"name":"(anonymous_3)","decl":{"start":{"line":33,"column":26},"end":{"line":33,"column":27}},"loc":{"start":{"line":33,"column":44},"end":{"line":36,"column":1}},"line":33},"4":{"name":"(anonymous_4)","decl":{"start":{"line":39,"column":21},"end":{"line":39,"column":22}},"loc":{"start":{"line":39,"column":81},"end":{"line":53,"column":1}},"line":39},"5":{"name":"(anonymous_5)","decl":{"start":{"line":55,"column":37},"end":{"line":55,"column":38}},"loc":{"start":{"line":55,"column":46},"end":{"line":60,"column":1}},"line":55},"6":{"name":"(anonymous_6)","decl":{"start":{"line":62,"column":32},"end":{"line":62,"column":33}},"loc":{"start":{"line":62,"column":52},"end":{"line":67,"column":1}},"line":62},"7":{"name":"(anonymous_7)","decl":{"start":{"line":69,"column":36},"end":{"line":69,"column":37}},"loc":{"start":{"line":70,"column":2},"end":{"line":70,"column":104}},"line":70},"8":{"name":"(anonymous_8)","decl":{"start":{"line":72,"column":31},"end":{"line":72,"column":32}},"loc":{"start":{"line":72,"column":44},"end":{"line":72,"column":90}},"line":72},"9":{"name":"(anonymous_9)","decl":{"start":{"line":74,"column":20},"end":{"line":74,"column":21}},"loc":{"start":{"line":74,"column":40},"end":{"line":255,"column":1}},"line":74},"10":{"name":"(anonymous_10)","decl":{"start":{"line":257,"column":22},"end":{"line":257,"column":23}},"loc":{"start":{"line":257,"column":42},"end":{"line":364,"column":1}},"line":257},"11":{"name":"(anonymous_11)","decl":{"start":{"line":366,"column":25},"end":{"line":366,"column":26}},"loc":{"start":{"line":366,"column":45},"end":{"line":404,"column":1}},"line":366},"12":{"name":"(anonymous_12)","decl":{"start":{"line":406,"column":30},"end":{"line":406,"column":31}},"loc":{"start":{"line":406,"column":50},"end":{"line":440,"column":1}},"line":406},"13":{"name":"(anonymous_13)","decl":{"start":{"line":442,"column":26},"end":{"line":442,"column":27}},"loc":{"start":{"line":442,"column":46},"end":{"line":473,"column":1}},"line":442},"14":{"name":"(anonymous_14)","decl":{"start":{"line":475,"column":25},"end":{"line":475,"column":26}},"loc":{"start":{"line":475,"column":45},"end":{"line":486,"column":1}},"line":475},"15":{"name":"(anonymous_15)","decl":{"start":{"line":488,"column":29},"end":{"line":488,"column":30}},"loc":{"start":{"line":488,"column":49},"end":{"line":538,"column":1}},"line":488},"16":{"name":"(anonymous_16)","decl":{"start":{"line":517,"column":20},"end":{"line":517,"column":21}},"loc":{"start":{"line":517,"column":30},"end":{"line":519,"column":5}},"line":517},"17":{"name":"(anonymous_17)","decl":{"start":{"line":540,"column":33},"end":{"line":540,"column":34}},"loc":{"start":{"line":540,"column":58},"end":{"line":571,"column":1}},"line":540},"18":{"name":"(anonymous_18)","decl":{"start":{"line":573,"column":22},"end":{"line":573,"column":23}},"loc":{"start":{"line":573,"column":42},"end":{"line":695,"column":1}},"line":573},"19":{"name":"(anonymous_19)","decl":{"start":{"line":689,"column":14},"end":{"line":689,"column":15}},"loc":{"start":{"line":689,"column":21},"end":{"line":689,"column":84}},"line":689}},"branchMap":{"0":{"loc":{"start":{"line":15,"column":36},"end":{"line":15,"column":74}},"type":"binary-expr","locations":[{"start":{"line":15,"column":36},"end":{"line":15,"column":68}},{"start":{"line":15,"column":72},"end":{"line":15,"column":74}}],"line":15},"1":{"loc":{"start":{"line":16,"column":35},"end":{"line":16,"column":76}},"type":"binary-expr","locations":[{"start":{"line":16,"column":35},"end":{"line":16,"column":66}},{"start":{"line":16,"column":70},"end":{"line":16,"column":76}}],"line":16},"2":{"loc":{"start":{"line":18,"column":46},"end":{"line":18,"column":57}},"type":"binary-expr","locations":[{"start":{"line":18,"column":46},"end":{"line":18,"column":52}},{"start":{"line":18,"column":56},"end":{"line":18,"column":57}}],"line":18},"3":{"loc":{"start":{"line":19,"column":43},"end":{"line":19,"column":53}},"type":"binary-expr","locations":[{"start":{"line":19,"column":43},"end":{"line":19,"column":48}},{"start":{"line":19,"column":52},"end":{"line":19,"column":53}}],"line":19},"4":{"loc":{"start":{"line":21,"column":65},"end":{"line":21,"column":76}},"type":"default-arg","locations":[{"start":{"line":21,"column":74},"end":{"line":21,"column":76}}],"line":21},"5":{"loc":{"start":{"line":34,"column":2},"end":{"line":34,"column":60}},"type":"if","locations":[{"start":{"line":34,"column":2},"end":{"line":34,"column":60}},{"start":{},"end":{}}],"line":34},"6":{"loc":{"start":{"line":39,"column":36},"end":{"line":39,"column":76}},"type":"default-arg","locations":[{"start":{"line":39,"column":56},"end":{"line":39,"column":76}}],"line":39},"7":{"loc":{"start":{"line":56,"column":2},"end":{"line":58,"column":3}},"type":"if","locations":[{"start":{"line":56,"column":2},"end":{"line":58,"column":3}},{"start":{},"end":{}}],"line":56},"8":{"loc":{"start":{"line":59,"column":36},"end":{"line":59,"column":50}},"type":"binary-expr","locations":[{"start":{"line":59,"column":36},"end":{"line":59,"column":44}},{"start":{"line":59,"column":48},"end":{"line":59,"column":50}}],"line":59},"9":{"loc":{"start":{"line":72,"column":51},"end":{"line":72,"column":64}},"type":"binary-expr","locations":[{"start":{"line":72,"column":51},"end":{"line":72,"column":58}},{"start":{"line":72,"column":62},"end":{"line":72,"column":64}}],"line":72},"10":{"loc":{"start":{"line":79,"column":4},"end":{"line":81,"column":5}},"type":"if","locations":[{"start":{"line":79,"column":4},"end":{"line":81,"column":5}},{"start":{},"end":{}}],"line":79},"11":{"loc":{"start":{"line":84,"column":4},"end":{"line":86,"column":5}},"type":"if","locations":[{"start":{"line":84,"column":4},"end":{"line":86,"column":5}},{"start":{},"end":{}}],"line":84},"12":{"loc":{"start":{"line":88,"column":4},"end":{"line":90,"column":5}},"type":"if","locations":[{"start":{"line":88,"column":4},"end":{"line":90,"column":5}},{"start":{},"end":{}}],"line":88},"13":{"loc":{"start":{"line":88,"column":8},"end":{"line":88,"column":52}},"type":"binary-expr","locations":[{"start":{"line":88,"column":8},"end":{"line":88,"column":20}},{"start":{"line":88,"column":24},"end":{"line":88,"column":52}}],"line":88},"14":{"loc":{"start":{"line":88,"column":31},"end":{"line":88,"column":46}},"type":"binary-expr","locations":[{"start":{"line":88,"column":31},"end":{"line":88,"column":41}},{"start":{"line":88,"column":45},"end":{"line":88,"column":46}}],"line":88},"15":{"loc":{"start":{"line":98,"column":4},"end":{"line":102,"column":5}},"type":"if","locations":[{"start":{"line":98,"column":4},"end":{"line":102,"column":5}},{"start":{},"end":{}}],"line":98},"16":{"loc":{"start":{"line":132,"column":4},"end":{"line":159,"column":5}},"type":"if","locations":[{"start":{"line":132,"column":4},"end":{"line":159,"column":5}},{"start":{},"end":{}}],"line":132},"17":{"loc":{"start":{"line":133,"column":6},"end":{"line":158,"column":7}},"type":"if","locations":[{"start":{"line":133,"column":6},"end":{"line":158,"column":7}},{"start":{"line":154,"column":13},"end":{"line":158,"column":7}}],"line":133},"18":{"loc":{"start":{"line":133,"column":10},"end":{"line":133,"column":80}},"type":"binary-expr","locations":[{"start":{"line":133,"column":10},"end":{"line":133,"column":49}},{"start":{"line":133,"column":53},"end":{"line":133,"column":80}}],"line":133},"19":{"loc":{"start":{"line":134,"column":8},"end":{"line":153,"column":9}},"type":"if","locations":[{"start":{"line":134,"column":8},"end":{"line":153,"column":9}},{"start":{"line":150,"column":15},"end":{"line":153,"column":9}}],"line":134},"20":{"loc":{"start":{"line":168,"column":6},"end":{"line":189,"column":7}},"type":"if","locations":[{"start":{"line":168,"column":6},"end":{"line":189,"column":7}},{"start":{"line":187,"column":13},"end":{"line":189,"column":7}}],"line":168},"21":{"loc":{"start":{"line":200,"column":27},"end":{"line":200,"column":63}},"type":"binary-expr","locations":[{"start":{"line":200,"column":27},"end":{"line":200,"column":55}},{"start":{"line":200,"column":59},"end":{"line":200,"column":63}}],"line":200},"22":{"loc":{"start":{"line":213,"column":19},"end":{"line":213,"column":53}},"type":"binary-expr","locations":[{"start":{"line":213,"column":19},"end":{"line":213,"column":45}},{"start":{"line":213,"column":49},"end":{"line":213,"column":53}}],"line":213},"23":{"loc":{"start":{"line":214,"column":20},"end":{"line":214,"column":70}},"type":"binary-expr","locations":[{"start":{"line":214,"column":20},"end":{"line":214,"column":65}},{"start":{"line":214,"column":69},"end":{"line":214,"column":70}}],"line":214},"24":{"loc":{"start":{"line":215,"column":22},"end":{"line":217,"column":14}},"type":"cond-expr","locations":[{"start":{"line":216,"column":11},"end":{"line":216,"column":102}},{"start":{"line":217,"column":10},"end":{"line":217,"column":14}}],"line":215},"25":{"loc":{"start":{"line":216,"column":11},"end":{"line":216,"column":102}},"type":"binary-expr","locations":[{"start":{"line":216,"column":11},"end":{"line":216,"column":69}},{"start":{"line":216,"column":73},"end":{"line":216,"column":102}}],"line":216},"26":{"loc":{"start":{"line":218,"column":23},"end":{"line":218,"column":61}},"type":"binary-expr","locations":[{"start":{"line":218,"column":23},"end":{"line":218,"column":53}},{"start":{"line":218,"column":57},"end":{"line":218,"column":61}}],"line":218},"27":{"loc":{"start":{"line":238,"column":13},"end":{"line":238,"column":54}},"type":"binary-expr","locations":[{"start":{"line":238,"column":13},"end":{"line":238,"column":40}},{"start":{"line":238,"column":44},"end":{"line":238,"column":54}}],"line":238},"28":{"loc":{"start":{"line":239,"column":14},"end":{"line":239,"column":84}},"type":"binary-expr","locations":[{"start":{"line":239,"column":14},"end":{"line":239,"column":40}},{"start":{"line":239,"column":44},"end":{"line":239,"column":84}}],"line":239},"29":{"loc":{"start":{"line":249,"column":4},"end":{"line":251,"column":5}},"type":"if","locations":[{"start":{"line":249,"column":4},"end":{"line":251,"column":5}},{"start":{},"end":{}}],"line":249},"30":{"loc":{"start":{"line":261,"column":4},"end":{"line":263,"column":5}},"type":"if","locations":[{"start":{"line":261,"column":4},"end":{"line":263,"column":5}},{"start":{},"end":{}}],"line":261},"31":{"loc":{"start":{"line":261,"column":8},"end":{"line":261,"column":44}},"type":"binary-expr","locations":[{"start":{"line":261,"column":8},"end":{"line":261,"column":16}},{"start":{"line":261,"column":20},"end":{"line":261,"column":30}},{"start":{"line":261,"column":34},"end":{"line":261,"column":44}}],"line":261},"32":{"loc":{"start":{"line":266,"column":4},"end":{"line":268,"column":5}},"type":"if","locations":[{"start":{"line":266,"column":4},"end":{"line":268,"column":5}},{"start":{},"end":{}}],"line":266},"33":{"loc":{"start":{"line":271,"column":4},"end":{"line":287,"column":5}},"type":"if","locations":[{"start":{"line":271,"column":4},"end":{"line":287,"column":5}},{"start":{},"end":{}}],"line":271},"34":{"loc":{"start":{"line":271,"column":8},"end":{"line":271,"column":81}},"type":"binary-expr","locations":[{"start":{"line":271,"column":8},"end":{"line":271,"column":38}},{"start":{"line":271,"column":42},"end":{"line":271,"column":81}}],"line":271},"35":{"loc":{"start":{"line":289,"column":23},"end":{"line":289,"column":84}},"type":"binary-expr","locations":[{"start":{"line":289,"column":23},"end":{"line":289,"column":49}},{"start":{"line":289,"column":53},"end":{"line":289,"column":84}}],"line":289},"36":{"loc":{"start":{"line":291,"column":4},"end":{"line":304,"column":5}},"type":"if","locations":[{"start":{"line":291,"column":4},"end":{"line":304,"column":5}},{"start":{},"end":{}}],"line":291},"37":{"loc":{"start":{"line":300,"column":6},"end":{"line":303,"column":7}},"type":"if","locations":[{"start":{"line":300,"column":6},"end":{"line":303,"column":7}},{"start":{},"end":{}}],"line":300},"38":{"loc":{"start":{"line":300,"column":10},"end":{"line":300,"column":76}},"type":"binary-expr","locations":[{"start":{"line":300,"column":10},"end":{"line":300,"column":37}},{"start":{"line":300,"column":41},"end":{"line":300,"column":76}}],"line":300},"39":{"loc":{"start":{"line":310,"column":6},"end":{"line":312,"column":7}},"type":"if","locations":[{"start":{"line":310,"column":6},"end":{"line":312,"column":7}},{"start":{},"end":{}}],"line":310},"40":{"loc":{"start":{"line":323,"column":37},"end":{"line":323,"column":61}},"type":"binary-expr","locations":[{"start":{"line":323,"column":37},"end":{"line":323,"column":56}},{"start":{"line":323,"column":60},"end":{"line":323,"column":61}}],"line":323},"41":{"loc":{"start":{"line":324,"column":30},"end":{"line":324,"column":54}},"type":"binary-expr","locations":[{"start":{"line":324,"column":30},"end":{"line":324,"column":49}},{"start":{"line":324,"column":53},"end":{"line":324,"column":54}}],"line":324},"42":{"loc":{"start":{"line":330,"column":4},"end":{"line":337,"column":5}},"type":"if","locations":[{"start":{"line":330,"column":4},"end":{"line":337,"column":5}},{"start":{},"end":{}}],"line":330},"43":{"loc":{"start":{"line":342,"column":12},"end":{"line":342,"column":43}},"type":"cond-expr","locations":[{"start":{"line":342,"column":25},"end":{"line":342,"column":31}},{"start":{"line":342,"column":34},"end":{"line":342,"column":43}}],"line":342},"44":{"loc":{"start":{"line":358,"column":4},"end":{"line":360,"column":5}},"type":"if","locations":[{"start":{"line":358,"column":4},"end":{"line":360,"column":5}},{"start":{},"end":{}}],"line":358},"45":{"loc":{"start":{"line":377,"column":4},"end":{"line":382,"column":5}},"type":"if","locations":[{"start":{"line":377,"column":4},"end":{"line":382,"column":5}},{"start":{},"end":{}}],"line":377},"46":{"loc":{"start":{"line":411,"column":4},"end":{"line":413,"column":5}},"type":"if","locations":[{"start":{"line":411,"column":4},"end":{"line":413,"column":5}},{"start":{},"end":{}}],"line":411},"47":{"loc":{"start":{"line":411,"column":8},"end":{"line":411,"column":43}},"type":"binary-expr","locations":[{"start":{"line":411,"column":8},"end":{"line":411,"column":16}},{"start":{"line":411,"column":20},"end":{"line":411,"column":43}}],"line":411},"48":{"loc":{"start":{"line":446,"column":4},"end":{"line":448,"column":5}},"type":"if","locations":[{"start":{"line":446,"column":4},"end":{"line":448,"column":5}},{"start":{},"end":{}}],"line":446},"49":{"loc":{"start":{"line":446,"column":8},"end":{"line":446,"column":59}},"type":"binary-expr","locations":[{"start":{"line":446,"column":8},"end":{"line":446,"column":24}},{"start":{"line":446,"column":28},"end":{"line":446,"column":59}}],"line":446},"50":{"loc":{"start":{"line":453,"column":21},"end":{"line":453,"column":51}},"type":"binary-expr","locations":[{"start":{"line":453,"column":21},"end":{"line":453,"column":34}},{"start":{"line":453,"column":38},"end":{"line":453,"column":51}}],"line":453},"51":{"loc":{"start":{"line":454,"column":22},"end":{"line":454,"column":51}},"type":"binary-expr","locations":[{"start":{"line":454,"column":22},"end":{"line":454,"column":36}},{"start":{"line":454,"column":40},"end":{"line":454,"column":51}}],"line":454},"52":{"loc":{"start":{"line":455,"column":17},"end":{"line":455,"column":32}},"type":"binary-expr","locations":[{"start":{"line":455,"column":17},"end":{"line":455,"column":26}},{"start":{"line":455,"column":30},"end":{"line":455,"column":32}}],"line":455},"53":{"loc":{"start":{"line":456,"column":12},"end":{"line":456,"column":22}},"type":"binary-expr","locations":[{"start":{"line":456,"column":12},"end":{"line":456,"column":16}},{"start":{"line":456,"column":20},"end":{"line":456,"column":22}}],"line":456},"54":{"loc":{"start":{"line":480,"column":12},"end":{"line":480,"column":31}},"type":"binary-expr","locations":[{"start":{"line":480,"column":12},"end":{"line":480,"column":23}},{"start":{"line":480,"column":27},"end":{"line":480,"column":31}}],"line":480},"55":{"loc":{"start":{"line":518,"column":6},"end":{"line":518,"column":91}},"type":"if","locations":[{"start":{"line":518,"column":6},"end":{"line":518,"column":91}},{"start":{},"end":{}}],"line":518},"56":{"loc":{"start":{"line":552,"column":35},"end":{"line":552,"column":57}},"type":"binary-expr","locations":[{"start":{"line":552,"column":35},"end":{"line":552,"column":52}},{"start":{"line":552,"column":56},"end":{"line":552,"column":57}}],"line":552},"57":{"loc":{"start":{"line":553,"column":28},"end":{"line":553,"column":50}},"type":"binary-expr","locations":[{"start":{"line":553,"column":28},"end":{"line":553,"column":45}},{"start":{"line":553,"column":49},"end":{"line":553,"column":50}}],"line":553},"58":{"loc":{"start":{"line":559,"column":2},"end":{"line":563,"column":3}},"type":"if","locations":[{"start":{"line":559,"column":2},"end":{"line":563,"column":3}},{"start":{},"end":{}}],"line":559},"59":{"loc":{"start":{"line":565,"column":2},"end":{"line":568,"column":3}},"type":"if","locations":[{"start":{"line":565,"column":2},"end":{"line":568,"column":3}},{"start":{},"end":{}}],"line":565},"60":{"loc":{"start":{"line":565,"column":6},"end":{"line":565,"column":62}},"type":"binary-expr","locations":[{"start":{"line":565,"column":6},"end":{"line":565,"column":36}},{"start":{"line":565,"column":40},"end":{"line":565,"column":62}}],"line":565},"61":{"loc":{"start":{"line":566,"column":27},"end":{"line":566,"column":84}},"type":"cond-expr","locations":[{"start":{"line":566,"column":56},"end":{"line":566,"column":69}},{"start":{"line":566,"column":72},"end":{"line":566,"column":84}}],"line":566},"62":{"loc":{"start":{"line":579,"column":4},"end":{"line":582,"column":5}},"type":"if","locations":[{"start":{"line":579,"column":4},"end":{"line":582,"column":5}},{"start":{},"end":{}}],"line":579},"63":{"loc":{"start":{"line":584,"column":4},"end":{"line":587,"column":5}},"type":"if","locations":[{"start":{"line":584,"column":4},"end":{"line":587,"column":5}},{"start":{},"end":{}}],"line":584},"64":{"loc":{"start":{"line":597,"column":28},"end":{"line":598,"column":55}},"type":"binary-expr","locations":[{"start":{"line":597,"column":28},"end":{"line":597,"column":70}},{"start":{"line":598,"column":6},"end":{"line":598,"column":55}}],"line":597},"65":{"loc":{"start":{"line":600,"column":4},"end":{"line":603,"column":5}},"type":"if","locations":[{"start":{"line":600,"column":4},"end":{"line":603,"column":5}},{"start":{},"end":{}}],"line":600},"66":{"loc":{"start":{"line":609,"column":39},"end":{"line":609,"column":96}},"type":"binary-expr","locations":[{"start":{"line":609,"column":39},"end":{"line":609,"column":56}},{"start":{"line":609,"column":60},"end":{"line":609,"column":83}},{"start":{"line":609,"column":87},"end":{"line":609,"column":96}}],"line":609},"67":{"loc":{"start":{"line":618,"column":6},"end":{"line":665,"column":7}},"type":"if","locations":[{"start":{"line":618,"column":6},"end":{"line":665,"column":7}},{"start":{"line":620,"column":13},"end":{"line":665,"column":7}}],"line":618},"68":{"loc":{"start":{"line":618,"column":10},"end":{"line":618,"column":55}},"type":"binary-expr","locations":[{"start":{"line":618,"column":10},"end":{"line":618,"column":38}},{"start":{"line":618,"column":42},"end":{"line":618,"column":55}}],"line":618},"69":{"loc":{"start":{"line":620,"column":13},"end":{"line":665,"column":7}},"type":"if","locations":[{"start":{"line":620,"column":13},"end":{"line":665,"column":7}},{"start":{"line":632,"column":13},"end":{"line":665,"column":7}}],"line":620},"70":{"loc":{"start":{"line":620,"column":17},"end":{"line":620,"column":60}},"type":"binary-expr","locations":[{"start":{"line":620,"column":17},"end":{"line":620,"column":43}},{"start":{"line":620,"column":47},"end":{"line":620,"column":60}}],"line":620},"71":{"loc":{"start":{"line":632,"column":13},"end":{"line":665,"column":7}},"type":"if","locations":[{"start":{"line":632,"column":13},"end":{"line":665,"column":7}},{"start":{"line":647,"column":13},"end":{"line":665,"column":7}}],"line":632},"72":{"loc":{"start":{"line":632,"column":17},"end":{"line":632,"column":62}},"type":"binary-expr","locations":[{"start":{"line":632,"column":17},"end":{"line":632,"column":45}},{"start":{"line":632,"column":49},"end":{"line":632,"column":62}}],"line":632},"73":{"loc":{"start":{"line":642,"column":37},"end":{"line":642,"column":95}},"type":"binary-expr","locations":[{"start":{"line":642,"column":37},"end":{"line":642,"column":66}},{"start":{"line":642,"column":70},
[...]
ocations":[{"start":{"line":26,"column":24},"end":{"line":26,"column":41}},{"start":{"line":26,"column":44},"end":{"line":26,"column":50}}],"line":26},"1":{"loc":{"start":{"line":32,"column":51},"end":{"line":32,"column":71}},"type":"default-arg","locations":[{"start":{"line":32,"column":67},"end":{"line":32,"column":71}}],"line":32},"2":{"loc":{"start":{"line":41,"column":32},"end":{"line":41,"column":62}},"type":"binary-expr","locations":[{"start":{"line":41,"column":32},"end":{"line":41,"column":54}},{"start":{"line":41,"column":58},"end":{"line":41,"column":62}}],"line":41},"3":{"loc":{"start":{"line":42,"column":24},"end":{"line":42,"column":79}},"type":"cond-expr","locations":[{"start":{"line":42,"column":46},"end":{"line":42,"column":70}},{"start":{"line":42,"column":73},"end":{"line":42,"column":79}}],"line":42},"4":{"loc":{"start":{"line":44,"column":4},"end":{"line":46,"column":5}},"type":"if","locations":[{"start":{"line":44,"column":4},"end":{"line":46,"column":5}},{"start":{},"end":{}}],"line":44},"5":{"loc":{"start":{"line":44,"column":8},"end":{"line":44,"column":54}},"type":"binary-expr","locations":[{"start":{"line":44,"column":8},"end":{"line":44,"column":31}},{"start":{"line":44,"column":35},"end":{"line":44,"column":54}}],"line":44},"6":{"loc":{"start":{"line":48,"column":4},"end":{"line":85,"column":5}},"type":"if","locations":[{"start":{"line":48,"column":4},"end":{"line":85,"column":5}},{"start":{},"end":{}}],"line":48},"7":{"loc":{"start":{"line":122,"column":4},"end":{"line":133,"column":5}},"type":"if","locations":[{"start":{"line":122,"column":4},"end":{"line":133,"column":5}},{"start":{},"end":{}}],"line":122},"8":{"loc":{"start":{"line":182,"column":50},"end":{"line":182,"column":61}},"type":"default-arg","locations":[{"start":{"line":182,"column":59},"end":{"line":182,"column":61}}],"line":182},"9":{"loc":{"start":{"line":185,"column":4},"end":{"line":185,"column":65}},"type":"if","locations":[{"start":{"line":185,"column":4},"end":{"line":185,"column":65}},{"start":{},"end":{}}],"line":185},"10":{"loc":{"start":{"line":221,"column":4},"end":{"line":221,"column":65}},"type":"if","locations":[{"start":{"line":221,"column":4},"end":{"line":221,"column":65}},{"start":{},"end":{}}],"line":221},"11":{"loc":{"start":{"line":223,"column":31},"end":{"line":223,"column":59}},"type":"binary-expr","locations":[{"start":{"line":223,"column":31},"end":{"line":223,"column":54}},{"start":{"line":223,"column":58},"end":{"line":223,"column":59}}],"line":223},"12":{"loc":{"start":{"line":260,"column":4},"end":{"line":260,"column":65}},"type":"if","locations":[{"start":{"line":260,"column":4},"end":{"line":260,"column":65}},{"start":{},"end":{}}],"line":260},"13":{"loc":{"start":{"line":262,"column":39},"end":{"line":262,"column":75}},"type":"binary-expr","locations":[{"start":{"line":262,"column":39},"end":{"line":262,"column":70}},{"start":{"line":262,"column":74},"end":{"line":262,"column":75}}],"line":262},"14":{"loc":{"start":{"line":265,"column":4},"end":{"line":267,"column":5}},"type":"if","locations":[{"start":{"line":265,"column":4},"end":{"line":267,"column":5}},{"start":{},"end":{}}],"line":265}},"s":{"0":1,"1":1,"2":1,"3":0,"4":0,"5":0,"6":0,"7":0,"8":0,"9":0,"10":0,"11":0,"12":0,"13":0,"14":0,"15":0,"16":0,"17":0,"18":0,"19":0,"20":0,"21":0,"22":0,"23":0,"24":0,"25":0,"26":0,"27":0,"28":0,"29":0,"30":0,"31":0,"32":0,"33":0,"34":0,"35":0,"36":0,"37":0,"38":0,"39":0,"40":0,"41":0,"42":0,"43":0,"44":0,"45":0,"46":0,"47":0,"48":0,"49":0,"50":0,"51":0,"52":0,"53":0,"54":0,"55":0,"56":0,"57":0,"58":0,"59":0,"60":0,"61":0,"62":0,"63":0,"64":0,"65":0,"66":0,"67":0,"68":0,"69":0,"70":0,"71":0,"72":0,"73":0,"74":0,"75":0,"76":0,"77":0,"78":0,"79":0,"80":0,"81":0,"82":0,"83":0,"84":0,"85":0,"86":0,"87":0,"88":1},"f":{"0":0,"1":0,"2":0,"3":0,"4":0,"5":0,"6":0,"7":0},"b":{"0":[0,0],"1":[0],"2":[0,0],"3":[0,0],"4":[0,0],"5":[0,0],"6":[0,0],"7":[0,0],"8":[0],"9":[0,0],"10":[0,0],"11":[0,0],"12":[0,0],"13":[0,0],"14":[0,0]},"_coverageSchema":"1a1c01bbd47fc00a2c39e90264f33305004495a9","hash":"88c9691bbae4377feb6eaf28cb6b6cf7fc1544b8"}
,"C:\\Users\\Tarun\\.vscode\\workspace\\Resume Projects\\Quiz\\payment-service\\services\\gateways\\GatewayInterface.js": {"path":"C:\\Users\\Tarun\\.vscode\\workspace\\Resume Projects\\Quiz\\payment-service\\services\\gateways\\GatewayInterface.js","statementMap":{"0":{"start":{"line":11,"column":4},"end":{"line":13,"column":5}},"1":{"start":{"line":12,"column":6},"end":{"line":12,"column":90}},"2":{"start":{"line":14,"column":4},"end":{"line":14,"column":25}},"3":{"start":{"line":15,"column":4},"end":{"line":15,"column":41}},"4":{"start":{"line":16,"column":4},"end":{"line":16,"column":43}},"5":{"start":{"line":17,"column":4},"end":{"line":17,"column":44}},"6":{"start":{"line":31,"column":4},"end":{"line":31,"column":76}},"7":{"start":{"line":43,"column":4},"end":{"line":43,"column":78}},"8":{"start":{"line":52,"column":4},"end":{"line":52,"column":84}},"9":{"start":{"line":60,"column":4},"end":{"line":60,"column":76}},"10":{"start":{"line":68,"column":4},"end":{"line":68,"column":21}},"11":{"start":{"line":76,"column":4},"end":{"line":76,"column":25}},"12":{"start":{"line":84,"column":4},"end":{"line":84,"column":24}},"13":{"start":{"line":91,"column":4},"end":{"line":91,"column":24}},"14":{"start":{"line":98,"column":4},"end":{"line":98,"column":25}},"15":{"start":{"line":102,"column":0},"end":{"line":102,"column":34}}},"fnMap":{"0":{"name":"(anonymous_0)","decl":{"start":{"line":10,"column":2},"end":{"line":10,"column":3}},"loc":{"start":{"line":10,"column":22},"end":{"line":18,"column":3}},"line":10},"1":{"name":"(anonymous_1)","decl":{"start":{"line":30,"column":2},"end":{"line":30,"column":3}},"loc":{"start":{"line":30,"column":31},"end":{"line":32,"column":3}},"line":30},"2":{"name":"(anonymous_2)","decl":{"start":{"line":42,"column":2},"end":{"line":42,"column":3}},"loc":{"start":{"line":42,"column":40},"end":{"line":44,"column":3}},"line":42},"3":{"name":"(anonymous_3)","decl":{"start":{"line":51,"column":2},"end":{"line":51,"column":3}},"loc":{"start":{"line":51,"column":39},"end":{"line":53,"column":3}},"line":51},"4":{"name":"(anonymous_4)","decl":{"start":{"line":59,"column":2},"end":{"line":59,"column":3}},"loc":{"start":{"line":59,"column":22},"end":{"line":61,"column":3}},"line":59},"5":{"name":"(anonymous_5)","decl":{"start":{"line":67,"column":2},"end":{"line":67,"column":3}},"loc":{"start":{"line":67,"column":12},"end":{"line":69,"column":3}},"line":67},"6":{"name":"(anonymous_6)","decl":{"start":{"line":75,"column":2},"end":{"line":75,"column":3}},"loc":{"start":{"line":75,"column":16},"end":{"line":77,"column":3}},"line":75},"7":{"name":"(anonymous_7)","decl":{"start":{"line":83,"column":2},"end":{"line":83,"column":3}},"loc":{"start":{"line":83,"column":14},"end":{"line":85,"column":3}},"line":83},"8":{"name":"(anonymous_8)","decl":{"start":{"line":90,"column":2},"end":{"line":90,"column":3}},"loc":{"start":{"line":90,"column":11},"end":{"line":92,"column":3}},"line":90},"9":{"name":"(anonymous_9)","decl":{"start":{"line":97,"column":2},"end":{"line":97,"column":3}},"loc":{"start":{"line":97,"column":12},"end":{"line":99,"column":3}},"line":97}},"branchMap":{"0":{"loc":{"start":{"line":11,"column":4},"end":{"line":13,"column":5}},"type":"if","locations":[{"start":{"line":11,"column":4},"end":{"line":13,"column":5}},{"start":{},"end":{}}],"line":11},"1":{"loc":{"start":{"line":15,"column":16},"end":{"line":15,"column":40}},"type":"binary-expr","locations":[{"start":{"line":15,"column":16},"end":{"line":15,"column":27}},{"start":{"line":15,"column":31},"end":{"line":15,"column":40}}],"line":15},"2":{"loc":{"start":{"line":16,"column":20},"end":{"line":16,"column":42}},"type":"binary-expr","locations":[{"start":{"line":16,"column":20},"end":{"line":16,"column":35}},{"start":{"line":16,"column":39},"end":{"line":16,"column":42}}],"line":16}},"s":{"0":1,"1":0,"2":1,"3":1,"4":1,"5":1,"6":0,"7":0,"8":0,"9":0,"10":7,"11":2,"12":2,"13":0,"14":0,"15":1},"f":{"0":1,"1":0,"2":0,"3":0,"4":0,"5":7,"6":2,"7":2,"8":0,"9":0},"b":{"0":[0,1],"1":[1,0],"2":[1,0]},"_coverageSchema":"1a1c01bbd47fc00a2c39e90264f33305004495a9","hash":"94ae0f8f94c972fe170d83876a60cd9886557f18"}
,"C:\\Users\\Tarun\\.vscode\\workspace\\Resume Projects\\Quiz\\payment-service\\services\\gateways\\RazorpayGateway.js": {"path":"C:\\Users\\Tarun\\.vscode\\workspace\\Resume Projects\\Quiz\\payment-service\\services\\gateways\\RazorpayGateway.js","statementMap":{"0":{"start":{"line":1,"column":17},"end":{"line":1,"column":36}},"1":{"start":{"line":2,"column":15},"end":{"line":2,"column":32}},"2":{"start":{"line":3,"column":25},"end":{"line":3,"column":54}},"3":{"start":{"line":4,"column":15},"end":{"line":4,"column":44}},"4":{"start":{"line":16,"column":4},"end":{"line":16,"column":18}},"5":{"start":{"line":18,"column":4},"end":{"line":20,"column":5}},"6":{"start":{"line":19,"column":6},"end":{"line":19,"column":71}},"7":{"start":{"line":22,"column":4},"end":{"line":22,"column":30}},"8":{"start":{"line":23,"column":4},"end":{"line":23,"column":38}},"9":{"start":{"line":24,"column":4},"end":{"line":24,"column":43}},"10":{"start":{"line":27,"column":4},"end":{"line":30,"column":7}},"11":{"start":{"line":32,"column":4},"end":{"line":36,"column":7}},"12":{"start":{"line":45,"column":4},"end":{"line":86,"column":5}},"13":{"start":{"line":46,"column":24},"end":{"line":46,"column":34}},"14":{"start":{"line":48,"column":22},"end":{"line":53,"column":7}},"15":{"start":{"line":56,"column":6},"end":{"line":58,"column":7}},"16":{"start":{"line":57,"column":8},"end":{"line":57,"column":48}},"17":{"start":{"line":60,"column":20},"end":{"line":60,"column":60}},"18":{"start":{"line":62,"column":22},"end":{"line":62,"column":44}},"19":{"start":{"line":63,"column":6},"end":{"line":68,"column":9}},"20":{"start":{"line":70,"column":6},"end":{"line":77,"column":8}},"21":{"start":{"line":79,"column":6},"end":{"line":84,"column":9}},"22":{"start":{"line":85,"column":6},"end":{"line":85,"column":71}},"23":{"start":{"line":95,"column":4},"end":{"line":144,"column":5}},"24":{"start":{"line":96,"column":48},"end":{"line":96,"column":64}},"25":{"start":{"line":98,"column":6},"end":{"line":100,"column":7}},"26":{"start":{"line":99,"column":8},"end":{"line":99,"column":96}},"27":{"start":{"line":103,"column":33},"end":{"line":106,"column":22}},"28":{"start":{"line":109,"column":19},"end":{"line":109,"column":48}},"29":{"start":{"line":110,"column":19},"end":{"line":110,"column":57}},"30":{"start":{"line":112,"column":6},"end":{"line":119,"column":7}},"31":{"start":{"line":113,"column":8},"end":{"line":117,"column":11}},"32":{"start":{"line":118,"column":8},"end":{"line":118,"column":21}},"33":{"start":{"line":121,"column":22},"end":{"line":121,"column":56}},"34":{"start":{"line":123,"column":6},"end":{"line":135,"column":7}},"35":{"start":{"line":124,"column":8},"end":{"line":128,"column":11}},"36":{"start":{"line":130,"column":8},"end":{"line":134,"column":11}},"37":{"start":{"line":137,"column":6},"end":{"line":137,"column":21}},"38":{"start":{"line":139,"column":6},"end":{"line":142,"column":9}},"39":{"start":{"line":143,"column":6},"end":{"line":143,"column":19}},"40":{"start":{"line":153,"column":4},"end":{"line":181,"column":5}},"41":{"start":{"line":154,"column":22},"end":{"line":154,"column":65}},"42":{"start":{"line":156,"column":6},"end":{"line":160,"column":9}},"43":{"start":{"line":162,"column":6},"end":{"line":173,"column":8}},"44":{"start":{"line":175,"column":6},"end":{"line":179,"column":9}},"45":{"start":{"line":180,"column":6},"end":{"line":180,"column":79}},"46":{"start":{"line":190,"column":22},"end":{"line":190,"column":32}},"47":{"start":{"line":192,"column":4},"end":{"line":227,"column":5}},"48":{"start":{"line":196,"column":6},"end":{"line":198,"column":9}},"49":{"start":{"line":200,"column":22},"end":{"line":200,"column":44}},"50":{"start":{"line":202,"column":6},"end":{"line":205,"column":9}},"51":{"start":{"line":207,"column":6},"end":{"line":211,"column":8}},"52":{"start":{"line":213,"column":22},"end":{"line":213,"column":44}},"53":{"start":{"line":215,"column":6},"end":{"line":219,"column":9}},"54":{"start":{"line":221,"column":6},"end":{"line":226,"column":8}},"55":{"start":{"line":235,"column":4},"end":{"line":235,"column":22}},"56":{"start":{"line":239,"column":0},"end":{"line":239,"column":33}}},"fnMap":{"0":{"name":"(anonymous_0)","decl":{"start":{"line":15,"column":2},"end":{"line":15,"column":3}},"loc":{"start":{"line":15,"column":22},"end":{"line":37,"column":3}},"line":15},"1":{"name":"(anonymous_1)","decl":{"start":{"line":44,"column":2},"end":{"line":44,"column":3}},"loc":{"start":{"line":44,"column":31},"end":{"line":87,"column":3}},"line":44},"2":{"name":"(anonymous_2)","decl":{"start":{"line":94,"column":2},"end":{"line":94,"column":3}},"loc":{"start":{"line":94,"column":40},"end":{"line":145,"column":3}},"line":94},"3":{"name":"(anonymous_3)","decl":{"start":{"line":152,"column":2},"end":{"line":152,"column":3}},"loc":{"start":{"line":152,"column":39},"end":{"line":182,"column":3}},"line":152},"4":{"name":"(anonymous_4)","decl":{"start":{"line":189,"column":2},"end":{"line":189,"column":3}},"loc":{"start":{"line":189,"column":22},"end":{"line":228,"column":3}},"line":189},"5":{"name":"(anonymous_5)","decl":{"start":{"line":196,"column":69},"end":{"line":196,"column":70}},"loc":{"start":{"line":196,"column":75},"end":{"line":198,"column":7}},"line":196},"6":{"name":"(anonymous_6)","decl":{"start":{"line":234,"column":2},"end":{"line":234,"column":3}},"loc":{"start":{"line":234,"column":19},"end":{"line":236,"column":3}},"line":234}},"branchMap":{"0":{"loc":{"start":{"line":18,"column":4},"end":{"line":20,"column":5}},"type":"if","locations":[{"start":{"line":18,"column":4},"end":{"line":20,"column":5}},{"start":{},"end":{}}],"line":18},"1":{"loc":{"start":{"line":18,"column":8},"end":{"line":18,"column":42}},"type":"binary-expr","locations":[{"start":{"line":18,"column":8},"end":{"line":18,"column":21}},{"start":{"line":18,"column":25},"end":{"line":18,"column":42}}],"line":18},"2":{"loc":{"start":{"line":24,"column":19},"end":{"line":24,"column":42}},"type":"binary-expr","locations":[{"start":{"line":24,"column":19},"end":{"line":24,"column":33}},{"start":{"line":24,"column":37},"end":{"line":24,"column":42}}],"line":24},"3":{"loc":{"start":{"line":50,"column":18},"end":{"line":50,"column":45}},"type":"binary-expr","locations":[{"start":{"line":50,"column":18},"end":{"line":50,"column":36}},{"start":{"line":50,"column":40},"end":{"line":50,"column":45}}],"line":50},"4":{"loc":{"start":{"line":52,"column":15},"end":{"line":52,"column":36}},"type":"binary-expr","locations":[{"start":{"line":52,"column":15},"end":{"line":52,"column":30}},{"start":{"line":52,"column":34},"end":{"line":52,"column":36}}],"line":52},"5":{"loc":{"start":{"line":56,"column":6},"end":{"line":58,"column":7}},"type":"if","locations":[{"start":{"line":56,"column":6},"end":{"line":58,"column":7}},{"start":{},"end":{}}],"line":56},"6":{"loc":{"start":{"line":56,"column":10},"end":{"line":56,"column":67}},"type":"binary-expr","locations":[{"start":{"line":56,"column":10},"end":{"line":56,"column":29}},{"start":{"line":56,"column":33},"end":{"line":56,"column":67}}],"line":56},"7":{"loc":{"start":{"line":98,"column":6},"end":{"line":100,"column":7}},"type":"if","locations":[{"start":{"line":98,"column":6},"end":{"line":100,"column":7}},{"start":{},"end":{}}],"line":98},"8":{"loc":{"start":{"line":98,"column":10},"end":{"line":98,"column":46}},"type":"binary-expr","locations":[{"start":{"line":98,"column":10},"end":{"line":98,"column":18}},{"start":{"line":98,"column":22},"end":{"line":98,"column":32}},{"start":{"line":98,"column":36},"end":{"line":98,"column":46}}],"line":98},"9":{"loc":{"start":{"line":112,"column":6},"end":{"line":119,"column":7}},"type":"if","locations":[{"start":{"line":112,"column":6},"end":{"line":119,"column":7}},{"start":{},"end":{}}],"line":112},"10":{"loc":{"start":{"line":123,"column":6},"end":{"line":135,"column":7}},"type":"if","locations":[{"start":{"line":123,"column":6},"end":{"line":135,"column":7}},{"start":{"line":129,"column":13},"end":{"line":135,"column":7}}],"line":123},"11":{"loc":{"start":{"line":169,"column":13},"end":{"line":169,"column":29}},"type":"binary-expr","locations":[{"start":{"line":169,"column":13},"end":{"line":169,"column":24}},{"start":{"line":169,"column":28},"end":{"line":169,"column":29}}],"line":169},"12":{"loc":{"start":{"line":170,"column":13},"end":{"line":170,"column":29}},"type":"binary-expr","locations":[{"start":{"line":170,"column":13},"end":{"line":170,"column":24}},{"start":{"line":170,"column":28},"end":{"line":170,"column":29}}],"line":170}},"s":{"0":1,"1":1,"2":1,"3":1,"4":1,"5":1,"6":0,"7":1,"8":1,"9":1,"10":1,"11":1,"12":0,"13":0,"14":0,"15":0,"16":0,"17":0,"18":0,"19":0,"20":0,"21":0,"22":0,"23":0,"24":0,"25":0,"26":0,"27":0,"28":0,"29":0,"30":0,"31":0,"32":0,"33":0,"34":0,"35":0,"36":0,"37":0,"38":0,"39":0,"40":0,"41":0,"42":0,"43":0,"44":0,"45":0,"46":1,"47":1,"48":1,"49":1,"50":1,"51":1,"52":0,"53":0,"54":0,"55":0,"56":1},"f":{"0":1,"1":0,"2":0,"3":0,"4":1,"5":1,"6":0},"b":{"0":[0,1],"1":[1,1],"2":[1,0],"3":[0,0],"4":[0,0],"5":[0,0],"6":[0,0],"7":[0,0],"8":[0,0,0],"9":[0,0],"10":[0,0],"11":[0,0],"12":[0,0]},"_coverageSchema":"1a1c01bbd47fc00a2c39e90264f33305004495a9","hash":"c71c8d5a0caca435bba00b6a7a304579d5cc68b1"}
,"C:\\Users\\Tarun\\.vscode\\workspace\\Resume Projects\\Quiz\\payment-service\\utils\\logger.js": {"path":"C:\\Users\\Tarun\\.vscode\\workspace\\Resume Projects\\Quiz\\payment-service\\utils\\logger.js","statementMap":{"0":{"start":{"line":1,"column":16},"end":{"line":1,"column":34}},"1":{"start":{"line":3,"column":21},"end":{"line":3,"column":66}},"2":{"start":{"line":5,"column":19},"end":{"line":21,"column":1}},"3":{"start":{"line":9,"column":21},"end":{"line":15,"column":5}},"4":{"start":{"line":16,"column":4},"end":{"line":18,"column":5}},"5":{"start":{"line":17,"column":6},"end":{"line":17,"column":29}},"6":{"start":{"line":19,"column":4},"end":{"line":19,"column":36}},"7":{"start":{"line":23,"column":15},"end":{"line":30,"column":2}},"8":{"start":{"line":32,"column":0},"end":{"line":32,"column":24}}},"fnMap":{"0":{"name":"(anonymous_0)","decl":{"start":{"line":8,"column":24},"end":{"line":8,"column":25}},"loc":{"start":{"line":8,"column":75},"end":{"line":20,"column":3}},"line":8}},"branchMap":{"0":{"loc":{"start":{"line":3,"column":21},"end":{"line":3,"column":66}},"type":"binary-expr","locations":[{"start":{"line":3,"column":21},"end":{"line":3,"column":45}},{"start":{"line":3,"column":49},"end":{"line":3,"column":66}}],"line":3},"1":{"loc":{"start":{"line":16,"column":4},"end":{"line":18,"column":5}},"type":"if","locations":[{"start":{"line":16,"column":4},"end":{"line":18,"column":5}},{"start":{},"end":{}}],"line":16},"2":{"loc":{"start":{"line":24,"column":9},"end":{"line":24,"column":40}},"type":"binary-expr","locations":[{"start":{"line":24,"column":9},"end":{"line":24,"column":30}},{"start":{"line":24,"column":34},"end":{"line":24,"column":40}}],"line":24}},"s":{"0":1,"1":1,"2":1,"3":14,"4":14,"5":0,"6":14,"7":1,"8":1},"f":{"0":14},"b":{"0":[1,1],"1":[0,14],"2":[1,1]},"_coverageSchema":"1a1c01bbd47fc00a2c39e90264f33305004495a9","hash":"c9db55cdaf814c2c0bad3ce34af96902a4e23400"}
,"C:\\Users\\Tarun\\.vscode\\workspace\\Resume Projects\\Quiz\\payment-service\\utils\\subscriptionPlans.js": {"path":"C:\\Users\\Tarun\\.vscode\\workspace\\Resume Projects\\Quiz\\payment-service\\utils\\subscriptionPlans.js","statementMap":{"0":{"start":{"line":1,"column":81},"end":{"line":1,"column":107}},"1":{"start":{"line":3,"column":0},"end":{"line":8,"column":2}}},"fnMap":{},"branchMap":{},"s":{"0":1,"1":1},"f":{},"b":{},"_coverageSchema":"1a1c01bbd47fc00a2c39e90264f33305004495a9","hash":"0e0a3bbdbcc2fe4b43e4d9e03ad02a23ec3c827a"}
}
