TN:
SF:server.js
FN:60,(anonymous_0)
FN:68,(anonymous_1)
FN:77,(anonymous_2)
FN:84,(anonymous_3)
FN:86,(anonymous_4)
FN:101,(anonymous_5)
FN:102,(anonymous_6)
FN:125,(anonymous_7)
FN:154,(anonymous_8)
FN:185,(anonymous_9)
FN:205,(anonymous_10)
FN:220,(anonymous_11)
FN:232,(anonymous_12)
FN:246,(anonymous_13)
FN:256,(anonymous_14)
FN:272,(anonymous_15)
FN:277,(anonymous_16)
FN:283,(anonymous_17)
FN:284,(anonymous_18)
FNF:19
FNH:3
FNDA:0,(anonymous_0)
FNDA:0,(anonymous_1)
FNDA:0,(anonymous_2)
FNDA:0,(anonymous_3)
FNDA:0,(anonymous_4)
FNDA:0,(anonymous_5)
FNDA:0,(anonymous_6)
FNDA:0,(anonymous_7)
FNDA:0,(anonymous_8)
FNDA:1,(anonymous_9)
FNDA:1,(anonymous_10)
FNDA:1,(anonymous_11)
FNDA:0,(anonymous_12)
FNDA:0,(anonymous_13)
FNDA:0,(anonymous_14)
FNDA:0,(anonymous_15)
FNDA:0,(anonymous_16)
FNDA:0,(anonymous_17)
FNDA:0,(anonymous_18)
DA:1,1
DA:2,1
DA:3,1
DA:4,1
DA:5,1
DA:6,1
DA:7,1
DA:8,1
DA:9,1
DA:10,1
DA:11,1
DA:12,1
DA:13,1
DA:15,1
DA:17,1
DA:20,1
DA:23,1
DA:30,1
DA:45,1
DA:48,1
DA:60,0
DA:63,1
DA:66,1
DA:69,0
DA:70,0
DA:74,1
DA:77,1
DA:78,0
DA:79,0
DA:80,0
DA:84,1
DA:85,0
DA:86,0
DA:87,0
DA:88,0
DA:97,0
DA:101,1
DA:102,0
DA:103,0
DA:104,0
DA:105,0
DA:106,0
DA:107,0
DA:108,0
DA:109,0
DA:111,0
DA:113,0
DA:115,0
DA:116,0
DA:117,0
DA:121,1
DA:122,1
DA:125,1
DA:126,0
DA:127,0
DA:129,0
DA:130,0
DA:131,0
DA:135,0
DA:137,0
DA:140,0
DA:154,1
DA:155,0
DA:156,0
DA:158,0
DA:159,0
DA:160,0
DA:161,0
DA:162,0
DA:163,0
DA:166,0
DA:176,0
DA:185,1
DA:186,1
DA:187,0
DA:188,0
DA:190,1
DA:193,1
DA:194,0
DA:195,0
DA:197,1
DA:205,1
DA:206,1
DA:207,1
DA:209,1
DA:210,0
DA:213,0
DA:216,1
DA:218,1
DA:220,1
DA:223,0
DA:230,1
DA:231,1
DA:232,0
DA:233,0
DA:234,0
DA:235,0
DA:238,1
DA:241,1
DA:242,1
DA:246,1
DA:247,0
DA:250,0
DA:251,0
DA:253,0
DA:256,0
DA:257,0
DA:258,0
DA:259,0
DA:261,0
DA:264,0
DA:267,0
DA:268,0
DA:269,0
DA:272,0
DA:273,0
DA:274,0
DA:277,0
DA:278,0
DA:279,0
DA:283,1
DA:284,1
DA:286,1
LF:123
LH:51
BRDA:15,0,0,1
BRDA:15,0,1,0
BRDA:60,1,0,0
BRDA:60,1,1,0
BRDA:69,2,0,0
BRDA:69,2,1,0
BRDA:78,3,0,0
BRDA:78,3,1,0
BRDA:103,4,0,0
BRDA:103,4,1,0
BRDA:104,5,0,0
BRDA:104,5,1,0
BRDA:105,6,0,0
BRDA:105,6,1,0
BRDA:105,7,0,0
BRDA:105,7,1,0
BRDA:108,8,0,0
BRDA:108,8,1,0
BRDA:115,9,0,0
BRDA:115,9,1,0
BRDA:115,10,0,0
BRDA:115,10,1,0
BRDA:116,11,0,0
BRDA:116,11,1,0
BRDA:116,12,0,0
BRDA:116,12,1,0
BRDA:127,13,0,0
BRDA:127,13,1,0
BRDA:141,14,0,0
BRDA:141,14,1,0
BRDA:143,15,0,0
BRDA:143,15,1,0
BRDA:143,16,0,0
BRDA:143,16,1,0
BRDA:144,17,0,0
BRDA:144,17,1,0
BRDA:146,18,0,0
BRDA:146,18,1,0
BRDA:147,19,0,0
BRDA:147,19,1,0
BRDA:155,20,0,0
BRDA:155,20,1,0
BRDA:155,20,2,0
BRDA:156,21,0,0
BRDA:156,21,1,0
BRDA:158,22,0,0
BRDA:158,22,1,0
BRDA:161,23,0,0
BRDA:161,23,1,0
BRDA:179,24,0,0
BRDA:179,24,1,0
BRDA:186,25,0,0
BRDA:186,25,1,1
BRDA:186,26,0,1
BRDA:186,26,1,0
BRDA:193,27,0,0
BRDA:193,27,1,1
BRDA:193,28,0,1
BRDA:193,28,1,0
BRDA:209,29,0,0
BRDA:209,29,1,1
BRDA:211,30,0,0
BRDA:211,30,1,0
BRDA:231,31,0,0
BRDA:231,31,1,1
BRDA:267,32,0,0
BRDA:267,32,1,0
BRF:67
BRH:7
end_of_record
TN:
SF:config\db.js
FN:4,(anonymous_0)
FNF:1
FNH:1
FNDA:1,(anonymous_0)
DA:1,1
DA:2,1
DA:4,1
DA:5,1
DA:6,1
DA:8,1
DA:9,1
DA:11,0
DA:12,0
DA:16,1
LF:10
LH:8
BRF:0
BRH:0
end_of_record
TN:
SF:config\env.js
FN:20,(anonymous_0)
FNF:1
FNH:1
FNDA:5,(anonymous_0)
DA:1,1
DA:2,1
DA:4,1
DA:5,1
DA:6,1
DA:10,1
DA:16,1
DA:17,1
DA:20,5
DA:22,1
DA:23,0
DA:24,0
DA:27,1
DA:28,0
DA:29,0
DA:32,1
DA:47,1
LF:17
LH:13
BRDA:4,0,0,1
BRDA:4,0,1,1
BRDA:5,1,0,1
BRDA:5,1,1,0
BRDA:6,2,0,1
BRDA:6,2,1,0
BRDA:6,2,2,0
BRDA:8,3,0,0
BRDA:8,3,1,0
BRDA:16,4,0,1
BRDA:16,4,1,0
BRDA:22,5,0,0
BRDA:22,5,1,1
BRDA:27,6,0,0
BRDA:27,6,1,1
BRDA:27,7,0,1
BRDA:27,7,1,0
BRDA:33,8,0,1
BRDA:33,8,1,0
BRDA:33,8,2,0
BRDA:34,9,0,1
BRDA:34,9,1,0
BRDA:41,10,0,1
BRDA:41,10,1,1
BRDA:42,11,0,1
BRDA:42,11,1,1
BRDA:44,12,0,1
BRDA:44,12,1,0
BRF:28
BRH:15
end_of_record
TN:
SF:config\gateways.js
FN:30,parseGatewayConfig
FN:49,validateGatewayConfig
FN:80,createGatewayInstance
FN:100,loadGatewayConfigs
FN:167,(anonymous_4)
FN:170,(anonymous_5)
FN:188,getGatewayConfigSummary
FN:189,(anonymous_7)
FN:206,reloadGatewayConfigs
FNF:9
FNH:5
FNDA:1,parseGatewayConfig
FNDA:1,validateGatewayConfig
FNDA:1,createGatewayInstance
FNDA:1,loadGatewayConfigs
FNDA:0,(anonymous_4)
FNDA:1,(anonymous_5)
FNDA:0,getGatewayConfigSummary
FNDA:0,(anonymous_7)
FNDA:0,reloadGatewayConfigs
DA:1,1
DA:2,1
DA:31,1
DA:33,1
DA:42,1
DA:50,1
DA:52,1
DA:53,0
DA:56,1
DA:57,1
DA:58,0
DA:61,1
DA:62,0
DA:65,1
DA:66,0
DA:69,1
DA:70,0
DA:74,1
DA:81,1
DA:83,1
DA:85,1
DA:92,0
DA:101,1
DA:102,1
DA:106,1
DA:109,1
DA:111,1
DA:112,1
DA:115,1
DA:116,1
DA:117,1
DA:128,1
DA:129,0
DA:130,0
DA:134,1
DA:135,1
DA:137,0
DA:141,0
DA:142,0
DA:145,1
DA:147,1
DA:148,1
DA:150,1
DA:157,0
DA:161,0
DA:167,1
DA:169,1
DA:170,1
DA:178,1
DA:189,0
DA:207,0
DA:208,0
DA:211,1
LF:53
LH:37
BRDA:35,0,0,1
BRDA:35,0,1,1
BRDA:36,1,0,1
BRDA:36,1,1,1
BRDA:37,2,0,1
BRDA:37,2,1,1
BRDA:38,3,0,1
BRDA:38,3,1,1
BRDA:39,4,0,1
BRDA:39,4,1,1
BRDA:52,5,0,0
BRDA:52,5,1,1
BRDA:56,6,0,1
BRDA:56,6,1,0
BRDA:57,7,0,0
BRDA:57,7,1,1
BRDA:57,8,0,1
BRDA:57,8,1,1
BRDA:61,9,0,0
BRDA:61,9,1,1
BRDA:61,10,0,1
BRDA:61,10,1,1
BRDA:65,11,0,0
BRDA:65,11,1,1
BRDA:65,12,0,1
BRDA:65,12,1,1
BRDA:69,13,0,0
BRDA:69,13,1,1
BRDA:69,14,0,1
BRDA:69,14,1,1
BRDA:83,15,0,1
BRDA:83,15,1,0
BRDA:109,16,0,1
BRDA:109,16,1,1
BRDA:115,17,0,1
BRDA:115,17,1,0
BRDA:115,18,0,1
BRDA:115,18,1,1
BRDA:115,18,2,1
BRDA:119,19,0,1
BRDA:119,19,1,1
BRDA:128,20,0,0
BRDA:128,20,1,1
BRDA:135,21,0,0
BRDA:135,21,1,1
BRDA:175,22,0,0
BRDA:175,22,1,1
BRDA:195,23,0,0
BRDA:195,23,1,0
BRF:49
BRH:36
end_of_record
TN:
SF:config\plans.js
FNF:0
FNH:0
DA:7,1
DA:9,1
LF:2
LH:2
BRF:0
BRH:0
end_of_record
TN:
SF:config\razorpay.js
FN:4,(anonymous_0)
FNF:1
FNH:0
FNDA:0,(anonymous_0)
DA:1,1
DA:2,1
DA:4,1
DA:5,0
DA:6,0
DA:7,0
DA:12,1
DA:22,1
LF:8
LH:5
BRDA:12,0,0,1
BRDA:12,0,1,0
BRF:2
BRH:1
end_of_record
TN:
SF:controllers\paymentController.js
FN:18,(anonymous_0)
FN:19,(anonymous_1)
FN:21,(anonymous_2)
FN:33,(anonymous_3)
FN:39,(anonymous_4)
FN:55,(anonymous_5)
FN:62,(anonymous_6)
FN:69,(anonymous_7)
FN:72,(anonymous_8)
FN:74,(anonymous_9)
FN:257,(anonymous_10)
FN:366,(anonymous_11)
FN:406,(anonymous_12)
FN:442,(anonymous_13)
FN:475,(anonymous_14)
FN:488,(anonymous_15)
FN:517,(anonymous_16)
FN:540,(anonymous_17)
FN:573,(anonymous_18)
FN:689,(anonymous_19)
FNF:20
FNH:0
FNDA:0,(anonymous_0)
FNDA:0,(anonymous_1)
FNDA:0,(anonymous_2)
FNDA:0,(anonymous_3)
FNDA:0,(anonymous_4)
FNDA:0,(anonymous_5)
FNDA:0,(anonymous_6)
FNDA:0,(anonymous_7)
FNDA:0,(anonymous_8)
FNDA:0,(anonymous_9)
FNDA:0,(anonymous_10)
FNDA:0,(anonymous_11)
FNDA:0,(anonymous_12)
FNDA:0,(anonymous_13)
FNDA:0,(anonymous_14)
FNDA:0,(anonymous_15)
FNDA:0,(anonymous_16)
FNDA:0,(anonymous_17)
FNDA:0,(anonymous_18)
FNDA:0,(anonymous_19)
DA:1,1
DA:2,1
DA:3,1
DA:4,1
DA:5,1
DA:6,1
DA:7,1
DA:8,1
DA:9,1
DA:10,1
DA:11,1
DA:12,1
DA:15,1
DA:16,1
DA:18,1
DA:19,1
DA:21,1
DA:22,0
DA:33,1
DA:34,0
DA:35,0
DA:39,1
DA:40,0
DA:41,0
DA:42,0
DA:44,0
DA:55,1
DA:56,0
DA:57,0
DA:59,0
DA:62,1
DA:63,0
DA:64,0
DA:65,0
DA:66,0
DA:69,1
DA:70,0
DA:72,1
DA:74,1
DA:75,0
DA:76,0
DA:77,0
DA:79,0
DA:80,0
DA:83,0
DA:84,0
DA:85,0
DA:88,0
DA:89,0
DA:92,0
DA:98,0
DA:99,0
DA:104,0
DA:109,0
DA:110,0
DA:112,0
DA:113,0
DA:121,0
DA:128,0
DA:129,0
DA:130,0
DA:132,0
DA:133,0
DA:134,0
DA:135,0
DA:148,0
DA:149,0
DA:151,0
DA:152,0
DA:155,0
DA:156,0
DA:157,0
DA:163,0
DA:165,0
DA:166,0
DA:168,0
DA:169,0
DA:174,0
DA:175,0
DA:188,0
DA:192,0
DA:221,0
DA:232,0
DA:249,0
DA:250,0
DA:252,0
DA:253,0
DA:257,1
DA:258,0
DA:259,0
DA:261,0
DA:262,0
DA:265,0
DA:266,0
DA:267,0
DA:271,0
DA:272,0
DA:273,0
DA:289,0
DA:291,0
DA:293,0
DA:298,0
DA:299,0
DA:300,0
DA:301,0
DA:302,0
DA:306,0
DA:307,0
DA:308,0
DA:310,0
DA:311,0
DA:316,0
DA:330,0
DA:332,0
DA:333,0
DA:339,0
DA:347,0
DA:358,0
DA:359,0
DA:361,0
DA:362,0
DA:366,1
DA:367,0
DA:368,0
DA:369,0
DA:371,0
DA:377,0
DA:378,0
DA:384,0
DA:401,0
DA:402,0
DA:406,1
DA:407,0
DA:408,0
DA:409,0
DA:411,0
DA:412,0
DA:415,0
DA:421,0
DA:422,0
DA:423,0
DA:425,0
DA:426,0
DA:435,0
DA:437,0
DA:438,0
DA:442,1
DA:443,0
DA:444,0
DA:446,0
DA:447,0
DA:450,0
DA:451,0
DA:459,0
DA:465,0
DA:470,0
DA:471,0
DA:475,1
DA:476,0
DA:477,0
DA:478,0
DA:483,0
DA:484,0
DA:488,1
DA:489,0
DA:490,0
DA:492,0
DA:508,0
DA:517,0
DA:518,0
DA:521,0
DA:527,0
DA:535,0
DA:536,0
DA:540,1
DA:541,0
DA:542,0
DA:546,0
DA:559,0
DA:561,0
DA:562,0
DA:565,0
DA:566,0
DA:567,0
DA:570,0
DA:573,1
DA:575,0
DA:576,0
DA:577,0
DA:579,0
DA:580,0
DA:581,0
DA:584,0
DA:585,0
DA:586,0
DA:589,0
DA:595,0
DA:596,0
DA:597,0
DA:600,0
DA:601,0
DA:602,0
DA:605,0
DA:606,0
DA:609,0
DA:611,0
DA:614,0
DA:617,0
DA:618,0
DA:619,0
DA:620,0
DA:622,0
DA:632,0
DA:633,0
DA:647,0
DA:648,0
DA:649,0
DA:650,0
DA:667,0
DA:674,0
DA:689,0
DA:692,0
DA:693,0
DA:697,1
LF:224
LH:33
BRDA:15,0,0,1
BRDA:15,0,1,1
BRDA:16,1,0,1
BRDA:16,1,1,1
BRDA:18,2,0,0
BRDA:18,2,1,0
BRDA:19,3,0,0
BRDA:19,3,1,0
BRDA:21,4,0,0
BRDA:34,5,0,0
BRDA:34,5,1,0
BRDA:39,6,0,0
BRDA:56,7,0,0
BRDA:56,7,1,0
BRDA:59,8,0,0
BRDA:59,8,1,0
BRDA:72,9,0,0
BRDA:72,9,1,0
BRDA:79,10,0,0
BRDA:79,10,1,0
BRDA:84,11,0,0
BRDA:84,11,1,0
BRDA:88,12,0,0
BRDA:88,12,1,0
BRDA:88,13,0,0
BRDA:88,13,1,0
BRDA:88,14,0,0
BRDA:88,14,1,0
BRDA:98,15,0,0
BRDA:98,15,1,0
BRDA:132,16,0,0
BRDA:132,16,1,0
BRDA:133,17,0,0
BRDA:133,17,1,0
BRDA:133,18,0,0
BRDA:133,18,1,0
BRDA:134,19,0,0
BRDA:134,19,1,0
BRDA:168,20,0,0
BRDA:168,20,1,0
BRDA:200,21,0,0
BRDA:200,21,1,0
BRDA:213,22,0,0
BRDA:213,22,1,0
BRDA:214,23,0,0
BRDA:214,23,1,0
BRDA:215,24,0,0
BRDA:215,24,1,0
BRDA:216,25,0,0
BRDA:216,25,1,0
BRDA:218,26,0,0
BRDA:218,26,1,0
BRDA:238,27,0,0
BRDA:238,27,1,0
BRDA:239,28,0,0
BRDA:239,28,1,0
BRDA:249,29,0,0
BRDA:249,29,1,0
BRDA:261,30,0,0
BRDA:261,30,1,0
BRDA:261,31,0,0
BRDA:261,31,1,0
BRDA:261,31,2,0
BRDA:266,32,0,0
BRDA:266,32,1,0
BRDA:271,33,0,0
BRDA:271,33,1,0
BRDA:271,34,0,0
BRDA:271,34,1,0
BRDA:289,35,0,0
BRDA:289,35,1,0
BRDA:291,36,0,0
BRDA:291,36,1,0
BRDA:300,37,0,0
BRDA:300,37,1,0
BRDA:300,38,0,0
BRDA:300,38,1,0
BRDA:310,39,0,0
BRDA:310,39,1,0
BRDA:323,40,0,0
BRDA:323,40,1,0
BRDA:324,41,0,0
BRDA:324,41,1,0
BRDA:330,42,0,0
BRDA:330,42,1,0
BRDA:342,43,0,0
BRDA:342,43,1,0
BRDA:358,44,0,0
BRDA:358,44,1,0
BRDA:377,45,0,0
BRDA:377,45,1,0
BRDA:411,46,0,0
BRDA:411,46,1,0
BRDA:411,47,0,0
BRDA:411,47,1,0
BRDA:446,48,0,0
BRDA:446,48,1,0
BRDA:446,49,0,0
BRDA:446,49,1,0
BRDA:453,50,0,0
BRDA:453,50,1,0
BRDA:454,51,0,0
BRDA:454,51,1,0
BRDA:455,52,0,0
BRDA:455,52,1,0
BRDA:456,53,0,0
BRDA:456,53,1,0
BRDA:480,54,0,0
BRDA:480,54,1,0
BRDA:518,55,0,0
BRDA:518,55,1,0
BRDA:552,56,0,0
BRDA:552,56,1,0
BRDA:553,57,0,0
BRDA:553,57,1,0
BRDA:559,58,0,0
BRDA:559,58,1,0
BRDA:565,59,0,0
BRDA:565,59,1,0
BRDA:565,60,0,0
BRDA:565,60,1,0
BRDA:566,61,0,0
BRDA:566,61,1,0
BRDA:579,62,0,0
BRDA:579,62,1,0
BRDA:584,63,0,0
BRDA:584,63,1,0
BRDA:597,64,0,0
BRDA:597,64,1,0
BRDA:600,65,0,0
BRDA:600,65,1,0
BRDA:609,66,0,0
BRDA:609,66,1,0
BRDA:609,66,2,0
BRDA:618,67,0,0
BRDA:618,67,1,0
BRDA:618,68,0,0
BRDA:618,68,1,0
BRDA:620,69,0,0
BRDA:620,69,1,0
BRDA:620,70,0,0
BRDA:620,70,1,0
BRDA:632,71,0,0
BRDA:632,71,1,0
BRDA:632,72,0,0
BRDA:632,72,1,0
BRDA:642,73,0,0
BRDA:642,73,1,0
BRDA:642,73,2,0
BRDA:647,74,0,0
BRDA:647,74,1,0
BRDA:647,75,0,0
BRDA:647,75,1,0
BRDA:649,76,0,0
BRDA:649,76,1,0
BRDA:660,77,0,0
BRDA:660,77,1,0
BRF:157
BRH:4
end_of_record
TN:
SF:controllers\revenueController.js
FN:5,(anonymous_0)
FN:14,(anonymous_1)
FN:15,(anonymous_2)
FN:29,(anonymous_3)
FN:80,(anonymous_4)
FN:110,(anonymous_5)
FN:135,(anonymous_6)
FN:194,(anonymous_7)
FN:202,(anonymous_8)
FN:223,(anonymous_9)
FN:282,(anonymous_10)
FN:321,(anonymous_11)
FN:399,(anonymous_12)
FN:421,(anonymous_13)
FN:422,(anonymous_14)
FN:447,(anonymous_15)
FN:547,(anonymous_16)
FNF:17
FNH:0
FNDA:0,(anonymous_0)
FNDA:0,(anonymous_1)
FNDA:0,(anonymous_2)
FNDA:0,(anonymous_3)
FNDA:0,(anonymous_4)
FNDA:0,(anonymous_5)
FNDA:0,(anonymous_6)
FNDA:0,(anonymous_7)
FNDA:0,(anonymous_8)
FNDA:0,(anonymous_9)
FNDA:0,(anonymous_10)
FNDA:0,(anonymous_11)
FNDA:0,(anonymous_12)
FNDA:0,(anonymous_13)
FNDA:0,(anonymous_14)
FNDA:0,(anonymous_15)
FNDA:0,(anonymous_16)
DA:1,1
DA:2,1
DA:3,1
DA:5,1
DA:6,0
DA:8,0
DA:9,0
DA:12,0
DA:13,0
DA:14,0
DA:15,0
DA:17,0
DA:18,0
DA:22,0
DA:29,1
DA:30,0
DA:31,0
DA:33,0
DA:34,0
DA:40,0
DA:43,0
DA:57,0
DA:58,0
DA:59,0
DA:61,0
DA:68,0
DA:69,0
DA:80,1
DA:81,0
DA:82,0
DA:84,0
DA:85,0
DA:91,0
DA:94,0
DA:110,0
DA:118,0
DA:123,0
DA:124,0
DA:135,1
DA:136,0
DA:137,0
DA:139,0
DA:140,0
DA:146,0
DA:147,0
DA:153,0
DA:157,0
DA:159,0
DA:160,0
DA:162,0
DA:163,0
DA:165,0
DA:166,0
DA:170,0
DA:194,0
DA:202,0
DA:204,0
DA:210,0
DA:211,0
DA:223,1
DA:224,0
DA:225,0
DA:226,0
DA:229,0
DA:230,0
DA:237,0
DA:238,0
DA:245,0
DA:247,0
DA:248,0
DA:251,0
DA:252,0
DA:256,0
DA:257,0
DA:258,0
DA:259,0
DA:263,0
DA:264,0
DA:265,0
DA:266,0
DA:267,0
DA:270,0
DA:282,0
DA:298,0
DA:308,0
DA:309,0
DA:321,1
DA:322,0
DA:323,0
DA:325,0
DA:326,0
DA:332,0
DA:335,0
DA:336,0
DA:337,0
DA:338,0
DA:340,0
DA:341,0
DA:346,0
DA:349,0
DA:399,0
DA:400,0
DA:404,0
DA:408,0
DA:421,0
DA:422,0
DA:424,0
DA:434,0
DA:435,0
DA:447,1
DA:448,0
DA:449,0
DA:451,0
DA:452,0
DA:458,0
DA:461,0
DA:462,0
DA:463,0
DA:464,0
DA:466,0
DA:467,0
DA:472,0
DA:500,0
DA:501,0
DA:540,0
DA:547,0
DA:548,0
DA:552,0
DA:563,0
DA:578,0
DA:579,0
LF:131
LH:10
BRDA:8,0,0,0
BRDA:8,0,1,0
BRDA:12,1,0,0
BRDA:12,1,1,0
BRDA:12,2,0,0
BRDA:12,2,1,0
BRDA:17,3,0,0
BRDA:17,3,1,0
BRDA:33,4,0,0
BRDA:33,4,1,0
BRDA:33,5,0,0
BRDA:33,5,1,0
BRDA:57,6,0,0
BRDA:57,6,1,0
BRDA:58,7,0,0
BRDA:58,7,1,0
BRDA:59,8,0,0
BRDA:59,8,1,0
BRDA:84,9,0,0
BRDA:84,9,1,0
BRDA:84,10,0,0
BRDA:84,10,1,0
BRDA:113,11,0,0
BRDA:113,11,1,0
BRDA:114,12,0,0
BRDA:114,12,1,0
BRDA:139,13,0,0
BRDA:139,13,1,0
BRDA:139,14,0,0
BRDA:139,14,1,0
BRDA:146,15,0,0
BRDA:146,15,1,0
BRDA:146,16,0,0
BRDA:146,16,1,0
BRDA:157,17,0,0
BRDA:157,17,1,0
BRDA:157,17,2,0
BRDA:197,18,0,0
BRDA:197,18,1,0
BRDA:198,19,0,0
BRDA:198,19,1,0
BRDA:226,20,0,0
BRDA:226,21,0,0
BRDA:229,22,0,0
BRDA:229,22,1,0
BRDA:237,23,0,0
BRDA:237,23,1,0
BRDA:237,24,0,0
BRDA:237,24,1,0
BRDA:247,25,0,0
BRDA:247,25,1,0
BRDA:251,26,0,0
BRDA:251,26,1,0
BRDA:256,27,0,0
BRDA:256,27,1,0
BRDA:258,28,0,0
BRDA:258,28,1,0
BRDA:265,29,0,0
BRDA:265,29,1,0
BRDA:265,30,0,0
BRDA:265,30,1,0
BRDA:266,31,0,0
BRDA:266,31,1,0
BRDA:266,32,0,0
BRDA:266,32,1,0
BRDA:285,33,0,0
BRDA:285,33,1,0
BRDA:325,34,0,0
BRDA:325,34,1,0
BRDA:325,35,0,0
BRDA:325,35,1,0
BRDA:335,36,0,0
BRDA:335,36,1,0
BRDA:335,37,0,0
BRDA:335,37,1,0
BRDA:337,38,0,0
BRDA:337,38,1,0
BRDA:340,39,0,0
BRDA:340,39,1,0
BRDA:400,40,0,0
BRDA:400,40,1,0
BRDA:404,41,0,0
BRDA:404,41,1,0
BRDA:411,42,0,0
BRDA:411,42,1,0
BRDA:412,43,0,0
BRDA:412,43,1,0
BRDA:451,44,0,0
BRDA:451,44,1,0
BRDA:451,45,0,0
BRDA:451,45,1,0
BRDA:461,46,0,0
BRDA:461,46,1,0
BRDA:461,47,0,0
BRDA:461,47,1,0
BRDA:463,48,0,0
BRDA:463,48,1,0
BRDA:466,49,0,0
BRDA:466,49,1,0
BRDA:540,50,0,0
BRDA:540,50,1,0
BRDA:548,51,0,0
BRDA:548,51,1,0
BRDA:572,52,0,0
BRDA:572,52,1,0
BRDA:573,53,0,0
BRDA:573,53,1,0
BRF:107
BRH:0
end_of_record
TN:
SF:controllers\subscriptionController.js
FN:14,(anonymous_0)
FN:21,(anonymous_1)
FN:24,(anonymous_2)
FN:29,(anonymous_3)
FN:47,(anonymous_4)
FN:82,(anonymous_5)
FN:112,(anonymous_6)
FN:241,(anonymous_7)
FN:311,(anonymous_8)
FN:352,(anonymous_9)
FN:371,(anonymous_10)
FNF:11
FNH:0
FNDA:0,(anonymous_0)
FNDA:0,(anonymous_1)
FNDA:0,(anonymous_2)
FNDA:0,(anonymous_3)
FNDA:0,(anonymous_4)
FNDA:0,(anonymous_5)
FNDA:0,(anonymous_6)
FNDA:0,(anonymous_7)
FNDA:0,(anonymous_8)
FNDA:0,(anonymous_9)
FNDA:0,(anonymous_10)
DA:1,1
DA:2,1
DA:9,1
DA:10,1
DA:11,1
DA:12,1
DA:14,1
DA:15,0
DA:16,0
DA:17,0
DA:18,0
DA:21,1
DA:22,0
DA:24,1
DA:29,1
DA:30,0
DA:31,0
DA:32,0
DA:37,0
DA:38,0
DA:47,1
DA:48,0
DA:49,0
DA:51,0
DA:52,0
DA:53,0
DA:55,0
DA:75,0
DA:76,0
DA:82,1
DA:83,0
DA:84,0
DA:85,0
DA:86,0
DA:87,0
DA:89,0
DA:102,0
DA:103,0
DA:112,1
DA:113,0
DA:114,0
DA:115,0
DA:117,0
DA:118,0
DA:123,0
DA:126,0
DA:127,0
DA:128,0
DA:138,0
DA:139,0
DA:140,0
DA:147,0
DA:148,0
DA:159,0
DA:160,0
DA:161,0
DA:169,0
DA:182,0
DA:188,0
DA:197,0
DA:198,0
DA:199,0
DA:204,0
DA:211,0
DA:222,0
DA:223,0
DA:227,0
DA:232,0
DA:241,1
DA:242,0
DA:243,0
DA:244,0
DA:246,0
DA:247,0
DA:252,0
DA:254,0
DA:256,0
DA:257,0
DA:262,0
DA:263,0
DA:264,0
DA:265,0
DA:266,0
DA:272,0
DA:273,0
DA:279,0
DA:281,0
DA:288,0
DA:296,0
DA:297,0
DA:301,0
DA:302,0
DA:311,1
DA:312,0
DA:313,0
DA:314,0
DA:316,0
DA:321,0
DA:322,0
DA:327,0
DA:329,0
DA:334,0
DA:342,0
DA:343,0
DA:352,1
DA:353,0
DA:354,0
DA:356,0
DA:361,0
DA:362,0
DA:371,1
DA:372,0
DA:373,0
DA:375,0
DA:376,0
DA:378,0
DA:385,0
DA:387,0
DA:400,0
DA:401,0
DA:407,1
LF:121
LH:18
BRDA:24,0,0,0
BRDA:24,0,1,0
BRDA:52,1,0,0
BRDA:52,1,1,0
BRDA:59,2,0,0
BRDA:59,2,1,0
BRDA:60,3,0,0
BRDA:60,3,1,0
BRDA:69,4,0,0
BRDA:69,4,1,0
BRDA:70,5,0,0
BRDA:70,5,1,0
BRDA:71,6,0,0
BRDA:71,6,1,0
BRDA:86,7,0,0
BRDA:86,7,1,0
BRDA:93,8,0,0
BRDA:93,8,1,0
BRDA:94,9,0,0
BRDA:94,9,1,0
BRDA:95,10,0,0
BRDA:95,10,1,0
BRDA:96,11,0,0
BRDA:96,11,1,0
BRDA:97,12,0,0
BRDA:97,12,1,0
BRDA:98,13,0,0
BRDA:98,13,1,0
BRDA:117,14,0,0
BRDA:117,14,1,0
BRDA:117,15,0,0
BRDA:117,15,1,0
BRDA:126,16,0,0
BRDA:126,16,1,0
BRDA:138,17,0,0
BRDA:138,17,1,0
BRDA:138,18,0,0
BRDA:138,18,1,0
BRDA:159,19,0,0
BRDA:159,19,1,0
BRDA:192,20,0,0
BRDA:192,20,1,0
BRDA:197,21,0,0
BRDA:197,21,1,0
BRDA:197,22,0,0
BRDA:197,22,1,0
BRDA:222,23,0,0
BRDA:222,23,1,0
BRDA:246,24,0,0
BRDA:246,24,1,0
BRDA:246,25,0,0
BRDA:246,25,1,0
BRDA:246,25,2,0
BRDA:246,25,3,0
BRDA:252,26,0,0
BRDA:252,26,1,0
BRDA:254,27,0,0
BRDA:254,27,1,0
BRDA:264,28,0,0
BRDA:264,28,1,0
BRDA:264,29,0,0
BRDA:264,29,1,0
BRDA:272,30,0,0
BRDA:272,30,1,0
BRDA:285,31,0,0
BRDA:285,31,1,0
BRDA:296,32,0,0
BRDA:296,32,1,0
BRDA:321,33,0,0
BRDA:321,33,1,0
BRDA:373,34,0,0
BRDA:373,35,0,0
BRDA:376,36,0,0
BRDA:376,36,1,0
BRF:74
BRH:0
end_of_record
TN:
SF:jobs\failedJobWorker.js
FN:19,(anonymous_0)
FN:53,(anonymous_1)
FN:117,(anonymous_2)
FN:121,(anonymous_3)
FN:122,(anonymous_4)
FN:127,(anonymous_5)
FN:128,(anonymous_6)
FNF:7
FNH:0
FNDA:0,(anonymous_0)
FNDA:0,(anonymous_1)
FNDA:0,(anonymous_2)
FNDA:0,(anonymous_3)
FNDA:0,(anonymous_4)
FNDA:0,(anonymous_5)
FNDA:0,(anonymous_6)
DA:9,1
DA:10,1
DA:11,1
DA:13,1
DA:14,1
DA:19,1
DA:20,0
DA:21,0
DA:23,0
DA:30,0
DA:31,0
DA:41,0
DA:42,0
DA:44,0
DA:53,1
DA:54,0
DA:57,0
DA:65,0
DA:66,0
DA:69,0
DA:70,0
DA:71,0
DA:73,0
DA:74,0
DA:75,0
DA:77,0
DA:78,0
DA:81,0
DA:82,0
DA:83,0
DA:85,0
DA:91,0
DA:92,0
DA:94,0
DA:95,0
DA:96,0
DA:102,0
DA:104,0
DA:105,0
DA:108,0
DA:117,1
DA:118,0
DA:121,0
DA:122,0
DA:123,0
DA:127,0
DA:128,0
DA:129,0
DA:134,1
LF:49
LH:9
BRDA:30,0,0,0
BRDA:30,0,1,0
BRDA:30,1,0,0
BRDA:30,1,1,0
BRDA:41,2,0,0
BRDA:41,2,1,0
BRDA:65,3,0,0
BRDA:65,3,1,0
BRDA:71,4,0,0
BRDA:71,4,1,0
BRDA:77,5,0,0
BRDA:77,5,1,0
BRDA:94,6,0,0
BRDA:94,6,1,0
BRF:14
BRH:0
end_of_record
TN:
SF:jobs\subscriptionExpiryJob.js
FN:10,startSubscriptionExpiryJob
FN:12,(anonymous_1)
FN:50,startFailedPaymentRetryJob
FN:51,(anonymous_3)
FN:70,(anonymous_4)
FN:85,startSubscriptionReminderJob
FN:86,(anonymous_6)
FN:120,initSubscriptionJobs
FNF:8
FNH:0
FNDA:0,startSubscriptionExpiryJob
FNDA:0,(anonymous_1)
FNDA:0,startFailedPaymentRetryJob
FNDA:0,(anonymous_3)
FNDA:0,(anonymous_4)
FNDA:0,startSubscriptionReminderJob
FNDA:0,(anonymous_6)
FNDA:0,initSubscriptionJobs
DA:1,1
DA:2,1
DA:3,1
DA:4,1
DA:12,0
DA:13,0
DA:14,0
DA:16,0
DA:17,0
DA:22,0
DA:23,0
DA:24,0
DA:25,0
DA:31,0
DA:38,0
DA:40,0
DA:44,0
DA:51,0
DA:52,0
DA:53,0
DA:56,0
DA:62,0
DA:67,0
DA:68,0
DA:70,0
DA:74,0
DA:78,0
DA:86,0
DA:87,0
DA:88,0
DA:90,0
DA:91,0
DA:93,0
DA:98,0
DA:101,0
DA:102,0
DA:110,0
DA:114,0
DA:121,0
DA:122,0
DA:123,0
DA:124,0
DA:127,1
LF:43
LH:5
BRDA:67,0,0,0
BRDA:67,0,1,0
BRF:2
BRH:0
end_of_record
TN:
SF:middleware\authMiddleware.js
FN:3,(anonymous_0)
FN:27,(anonymous_1)
FN:27,(anonymous_2)
FNF:3
FNH:1
FNDA:0,(anonymous_0)
FNDA:24,(anonymous_1)
FNDA:0,(anonymous_2)
DA:1,1
DA:3,1
DA:4,0
DA:5,0
DA:6,0
DA:9,0
DA:10,0
DA:11,0
DA:14,0
DA:17,0
DA:18,0
DA:20,0
DA:23,0
DA:27,24
DA:28,0
DA:29,0
DA:32,0
DA:33,0
DA:36,0
DA:39,1
LF:20
LH:4
BRDA:5,0,0,0
BRDA:5,0,1,0
BRDA:5,1,0,0
BRDA:5,1,1,0
BRDA:10,2,0,0
BRDA:10,2,1,0
BRDA:20,3,0,0
BRDA:20,3,1,0
BRDA:28,4,0,0
BRDA:28,4,1,0
BRDA:32,5,0,0
BRDA:32,5,1,0
BRF:12
BRH:0
end_of_record
TN:
SF:models\FailedJob.js
FN:58,(anonymous_0)
FNF:1
FNH:0
FNDA:0,(anonymous_0)
DA:1,1
DA:7,1
DA:55,1
DA:58,1
DA:59,0
DA:60,0
DA:63,1
LF:7
LH:5
BRF:0
BRH:0
end_of_record
TN:
SF:models\HostAccount.js
FNF:0
FNH:0
DA:1,1
DA:3,1
DA:44,1
LF:3
LH:3
BRF:0
BRH:0
end_of_record
TN:
SF:models\Payment.js
FN:136,normalizeAmount
FNF:1
FNH:0
FNDA:0,normalizeAmount
DA:1,1
DA:3,1
DA:133,1
DA:134,1
DA:136,1
DA:137,0
DA:138,0
DA:140,0
DA:144,1
DA:146,1
DA:147,1
DA:148,1
DA:149,1
DA:150,1
DA:152,1
LF:15
LH:12
BRDA:137,0,0,0
BRDA:137,0,1,0
BRF:2
BRH:0
end_of_record
TN:
SF:models\QuizSnapshot.js
FNF:0
FNH:0
DA:1,1
DA:3,1
DA:14,1
LF:3
LH:3
BRF:0
BRH:0
end_of_record
TN:
SF:models\Subscription.js
FNF:0
FNH:0
DA:1,1
DA:3,1
DA:90,1
DA:91,1
DA:93,1
LF:5
LH:5
BRF:0
BRH:0
end_of_record
TN:
SF:routes\paymentRoutes.js
FN:44,(anonymous_0)
FN:70,(anonymous_1)
FN:94,(anonymous_2)
FN:130,(anonymous_3)
FN:199,(anonymous_4)
FN:225,(anonymous_5)
FN:276,(anonymous_6)
FNF:7
FNH:0
FNDA:0,(anonymous_0)
FNDA:0,(anonymous_1)
FNDA:0,(anonymous_2)
FNDA:0,(anonymous_3)
FNDA:0,(anonymous_4)
FNDA:0,(anonymous_5)
FNDA:0,(anonymous_6)
DA:1,1
DA:2,1
DA:3,1
DA:4,1
DA:14,1
DA:15,1
DA:16,1
DA:20,1
DA:21,1
DA:22,1
DA:23,1
DA:24,1
DA:26,1
DA:27,1
DA:28,1
DA:32,1
DA:33,1
DA:34,1
DA:35,1
DA:36,1
DA:40,1
DA:44,1
DA:45,0
DA:46,0
DA:47,0
DA:49,0
DA:58,0
DA:70,1
DA:71,0
DA:72,0
DA:74,0
DA:82,0
DA:94,1
DA:95,0
DA:96,0
DA:97,0
DA:102,0
DA:107,0
DA:117,1
DA:130,1
DA:131,0
DA:132,0
DA:134,0
DA:135,0
DA:144,0
DA:146,0
DA:147,0
DA:156,0
DA:157,0
DA:172,0
DA:182,0
DA:183,0
DA:199,1
DA:200,0
DA:201,0
DA:203,0
DA:208,0
DA:209,0
DA:225,1
DA:226,0
DA:227,0
DA:229,0
DA:231,0
DA:232,0
DA:241,0
DA:242,0
DA:254,0
DA:259,0
DA:260,0
DA:276,1
DA:277,0
DA:278,0
DA:280,0
DA:282,0
DA:283,0
DA:292,0
DA:293,0
DA:305,0
DA:310,0
DA:311,0
LF:80
LH:29
BRDA:98,0,0,0
BRDA:98,0,1,0
BRDA:99,1,0,0
BRDA:99,1,1,0
BRDA:134,2,0,0
BRDA:134,2,1,0
BRDA:134,3,0,0
BRDA:134,3,1,0
BRDA:146,4,0,0
BRDA:146,4,1,0
BRDA:150,5,0,0
BRDA:150,5,1,0
BRDA:164,6,0,0
BRDA:164,6,1,0
BRDA:231,7,0,0
BRDA:231,7,1,0
BRDA:235,8,0,0
BRDA:235,8,1,0
BRDA:249,9,0,0
BRDA:249,9,1,0
BRDA:282,10,0,0
BRDA:282,10,1,0
BRDA:286,11,0,0
BRDA:286,11,1,0
BRDA:300,12,0,0
BRDA:300,12,1,0
BRF:26
BRH:0
end_of_record
TN:
SF:routes\subscriptionRoutes.js
FNF:0
FNH:0
DA:1,1
DA:2,1
DA:3,1
DA:5,1
DA:8,1
DA:11,1
DA:12,1
DA:13,1
DA:14,1
DA:15,1
DA:16,1
DA:17,1
DA:20,1
DA:21,1
DA:23,1
LF:15
LH:15
BRF:0
BRH:0
end_of_record
TN:
SF:services\PaymentRouter.js
FN:14,(anonymous_0)
FN:28,(anonymous_1)
FN:53,(anonymous_2)
FN:68,(anonymous_3)
FN:79,(anonymous_4)
FN:84,(anonymous_5)
FN:85,(anonymous_6)
FN:94,(anonymous_7)
FN:106,(anonymous_8)
FN:109,(anonymous_9)
FN:152,(anonymous_10)
FN:154,(anonymous_11)
FN:165,(anonymous_12)
FN:182,(anonymous_13)
FN:198,(anonymous_14)
FN:204,(anonymous_15)
FN:214,(anonymous_16)
FN:343,(anonymous_17)
FN:346,(anonymous_18)
FN:347,(anonymous_19)
FN:364,(anonymous_20)
FN:381,(anonymous_21)
FN:405,(anonymous_22)
FN:421,(anonymous_23)
FN:462,(anonymous_24)
FN:504,(anonymous_25)
FN:530,(anonymous_26)
FN:531,(anonymous_27)
FN:571,(anonymous_28)
FN:613,(anonymous_29)
FN:648,(anonymous_30)
FN:671,(anonymous_31)
FN:704,(anonymous_32)
FN:705,(anonymous_33)
FN:712,(anonymous_34)
FN:724,(anonymous_35)
FN:743,(anonymous_36)
FN:782,(anonymous_37)
FN:783,(anonymous_38)
FN:800,(anonymous_39)
FN:839,(anonymous_40)
FNF:41
FNH:6
FNDA:1,(anonymous_0)
FNDA:1,(anonymous_1)
FNDA:1,(anonymous_2)
FNDA:1,(anonymous_3)
FNDA:0,(anonymous_4)
FNDA:0,(anonymous_5)
FNDA:0,(anonymous_6)
FNDA:0,(anonymous_7)
FNDA:1,(anonymous_8)
FNDA:1,(anonymous_9)
FNDA:0,(anonymous_10)
FNDA:0,(anonymous_11)
FNDA:0,(anonymous_12)
FNDA:0,(anonymous_13)
FNDA:0,(anonymous_14)
FNDA:0,(anonymous_15)
FNDA:0,(anonymous_16)
FNDA:0,(anonymous_17)
FNDA:0,(anonymous_18)
FNDA:0,(anonymous_19)
FNDA:0,(anonymous_20)
FNDA:0,(anonymous_21)
FNDA:0,(anonymous_22)
FNDA:0,(anonymous_23)
FNDA:0,(anonymous_24)
FNDA:0,(anonymous_25)
FNDA:0,(anonymous_26)
FNDA:0,(anonymous_27)
FNDA:0,(anonymous_28)
FNDA:0,(anonymous_29)
FNDA:0,(anonymous_30)
FNDA:0,(anonymous_31)
FNDA:0,(anonymous_32)
FNDA:0,(anonymous_33)
FNDA:0,(anonymous_34)
FNDA:0,(anonymous_35)
FNDA:0,(anonymous_36)
FNDA:0,(anonymous_37)
FNDA:0,(anonymous_38)
FNDA:0,(anonymous_39)
FNDA:0,(anonymous_40)
DA:1,1
DA:2,1
DA:15,1
DA:16,1
DA:17,1
DA:18,1
DA:19,1
DA:21,1
DA:29,1
DA:30,0
DA:33,1
DA:36,1
DA:37,1
DA:44,1
DA:52,1
DA:53,1
DA:61,1
DA:69,1
DA:70,0
DA:71,0
DA:74,1
DA:79,1
DA:80,0
DA:84,1
DA:85,0
DA:86,0
DA:95,0
DA:96,0
DA:97,0
DA:98,0
DA:107,1
DA:109,1
DA:110,1
DA:111,1
DA:113,1
DA:121,1
DA:128,0
DA:135,0
DA:142,1
DA:154,0
DA:155,0
DA:156,0
DA:157,0
DA:159,0
DA:162,0
DA:163,0
DA:165,0
DA:170,0
DA:175,0
DA:178,0
DA:182,0
DA:188,0
DA:199,0
DA:200,0
DA:201,0
DA:204,0
DA:205,0
DA:206,0
DA:207,0
DA:208,0
DA:211,0
DA:212,0
DA:214,0
DA:221,0
DA:222,0
DA:223,0
DA:224,0
DA:228,0
DA:230,0
DA:231,0
DA:232,0
DA:233,0
DA:235,0
DA:242,0
DA:244,0
DA:250,0
DA:253,0
DA:255,0
DA:263,0
DA:277,0
DA:278,0
DA:280,0
DA:289,0
DA:291,0
DA:302,0
DA:303,0
DA:309,0
DA:312,0
DA:315,0
DA:316,0
DA:317,0
DA:318,0
DA:323,0
DA:331,0
DA:332,0
DA:333,0
DA:344,0
DA:347,0
DA:348,0
DA:349,0
DA:350,0
DA:365,0
DA:366,0
DA:369,0
DA:371,0
DA:381,0
DA:400,0
DA:402,0
DA:405,0
DA:409,0
DA:422,0
DA:424,0
DA:425,0
DA:428,0
DA:430,0
DA:431,0
DA:432,0
DA:434,0
DA:436,0
DA:442,0
DA:444,0
DA:445,0
DA:447,0
DA:453,0
DA:463,0
DA:465,0
DA:466,0
DA:469,0
DA:471,0
DA:472,0
DA:473,0
DA:475,0
DA:477,0
DA:483,0
DA:485,0
DA:486,0
DA:488,0
DA:494,0
DA:505,0
DA:507,0
DA:508,0
DA:511,0
DA:512,0
DA:514,0
DA:517,0
DA:518,0
DA:520,0
DA:531,0
DA:532,0
DA:533,0
DA:535,0
DA:536,0
DA:540,0
DA:544,0
DA:572,0
DA:573,0
DA:575,0
DA:577,0
DA:613,0
DA:614,0
DA:618,0
DA:622,0
DA:636,0
DA:637,0
DA:649,0
DA:650,0
DA:651,0
DA:653,0
DA:654,0
DA:670,0
DA:671,0
DA:691,0
DA:692,0
DA:705,0
DA:713,0
DA:725,0
DA:726,0
DA:728,0
DA:729,0
DA:736,0
DA:737,0
DA:740,0
DA:741,0
DA:743,0
DA:746,0
DA:747,0
DA:750,0
DA:751,0
DA:754,0
DA:759,0
DA:764,0
DA:769,0
DA:783,0
DA:801,0
DA:802,0
DA:804,0
DA:805,0
DA:811,0
DA:813,0
DA:815,0
DA:820,0
DA:825,0
DA:840,0
DA:841,0
DA:843,0
DA:844,0
DA:850,0
DA:852,0
DA:854,0
DA:859,0
DA:864,0
DA:872,1
LF:212
LH:28
BRDA:29,0,0,0
BRDA:29,0,1,1
BRDA:69,1,0,0
BRDA:69,1,1,1
BRDA:95,2,0,0
BRDA:95,2,1,0
BRDA:117,3,0,1
BRDA:117,3,1,1
BRDA:157,4,0,0
BRDA:157,4,1,0
BRDA:159,5,0,0
BRDA:159,5,1,0
BRDA:162,6,0,0
BRDA:162,6,1,0
BRDA:207,7,0,0
BRDA:207,7,1,0
BRDA:208,8,0,0
BRDA:208,8,1,0
BRDA:211,9,0,0
BRDA:211,9,1,0
BRDA:272,10,0,0
BRDA:272,10,1,0
BRDA:302,11,0,0
BRDA:302,11,1,0
BRDA:365,12,0,0
BRDA:365,12,1,0
BRDA:365,13,0,0
BRDA:365,13,1,0
BRDA:424,14,0,0
BRDA:424,14,1,0
BRDA:465,15,0,0
BRDA:465,15,1,0
BRDA:507,16,0,0
BRDA:507,16,1,0
BRDA:511,17,0,0
BRDA:511,17,1,0
BRDA:536,18,0,0
BRDA:536,18,1,0
BRDA:540,19,0,0
BRDA:540,19,1,0
BRDA:549,20,0,0
BRDA:549,20,1,0
BRDA:614,21,0,0
BRDA:614,21,1,0
BRDA:618,22,0,0
BRDA:618,22,1,0
BRDA:648,23,0,0
BRDA:650,24,0,0
BRDA:650,25,0,0
BRDA:679,26,0,0
BRDA:679,26,1,0
BRDA:705,27,0,0
BRDA:705,27,1,0
BRDA:728,28,0,0
BRDA:728,28,1,0
BRDA:736,29,0,0
BRDA:736,29,1,0
BRDA:740,30,0,0
BRDA:740,30,1,0
BRDA:743,31,0,0
BRDA:743,31,1,0
BRDA:743,32,0,0
BRDA:743,32,1,0
BRDA:746,33,0,0
BRDA:746,33,1,0
BRDA:750,34,0,0
BRDA:750,34,1,0
BRDA:786,35,0,0
BRDA:786,35,1,0
BRDA:787,36,0,0
BRDA:787,36,1,0
BRDA:788,37,0,0
BRDA:788,37,1,0
BRDA:804,38,0,0
BRDA:804,38,1,0
BRDA:843,39,0,0
BRDA:843,39,1,0
BRF:77
BRH:4
end_of_record
TN:
SF:services\subscriptionService.js
FN:9,getActiveSubscription
FN:24,getHostCurrentPlan
FN:32,createSubscription
FN:153,handleSubscriptionExpiry
FN:182,cancelSubscription
FN:218,processSubscriptionPayment
FN:257,handleFailedSubscriptionPayment
FN:291,getSubscriptionStats
FNF:8
FNH:0
FNDA:0,getActiveSubscription
FNDA:0,getHostCurrentPlan
FNDA:0,createSubscription
FNDA:0,handleSubscriptionExpiry
FNDA:0,cancelSubscription
FNDA:0,processSubscriptionPayment
FNDA:0,handleFailedSubscriptionPayment
FNDA:0,getSubscriptionStats
DA:1,1
DA:2,1
DA:3,1
DA:10,0
DA:11,0
DA:17,0
DA:25,0
DA:26,0
DA:33,0
DA:34,0
DA:35,0
DA:41,0
DA:42,0
DA:44,0
DA:45,0
DA:48,0
DA:49,0
DA:63,0
DA:79,0
DA:84,0
DA:87,0
DA:88,0
DA:90,0
DA:104,0
DA:122,0
DA:123,0
DA:135,0
DA:142,0
DA:144,0
DA:145,0
DA:154,0
DA:155,0
DA:156,0
DA:157,0
DA:158,0
DA:160,0
DA:162,0
DA:168,0
DA:170,0
DA:175,0
DA:183,0
DA:184,0
DA:185,0
DA:187,0
DA:188,0
DA:189,0
DA:190,0
DA:191,0
DA:192,0
DA:193,0
DA:195,0
DA:197,0
DA:203,0
DA:205,0
DA:210,0
DA:219,0
DA:220,0
DA:221,0
DA:223,0
DA:224,0
DA:227,0
DA:228,0
DA:229,0
DA:230,0
DA:231,0
DA:232,0
DA:234,0
DA:236,0
DA:243,0
DA:245,0
DA:250,0
DA:258,0
DA:259,0
DA:260,0
DA:262,0
DA:265,0
DA:266,0
DA:269,0
DA:271,0
DA:277,0
DA:279,0
DA:284,0
DA:292,0
DA:294,0
DA:316,0
DA:319,1
LF:86
LH:4
BRDA:26,0,0,0
BRDA:26,0,1,0
BRDA:32,1,0,0
BRDA:41,2,0,0
BRDA:41,2,1,0
BRDA:42,3,0,0
BRDA:42,3,1,0
BRDA:44,4,0,0
BRDA:44,4,1,0
BRDA:44,5,0,0
BRDA:44,5,1,0
BRDA:48,6,0,0
BRDA:48,6,1,0
BRDA:122,7,0,0
BRDA:122,7,1,0
BRDA:182,8,0,0
BRDA:185,9,0,0
BRDA:185,9,1,0
BRDA:221,10,0,0
BRDA:221,10,1,0
BRDA:223,11,0,0
BRDA:223,11,1,0
BRDA:260,12,0,0
BRDA:260,12,1,0
BRDA:262,13,0,0
BRDA:262,13,1,0
BRDA:265,14,0,0
BRDA:265,14,1,0
BRF:28
BRH:0
end_of_record
TN:
SF:services\gateways\GatewayInterface.js
FN:10,(anonymous_0)
FN:30,(anonymous_1)
FN:42,(anonymous_2)
FN:51,(anonymous_3)
FN:59,(anonymous_4)
FN:67,(anonymous_5)
FN:75,(anonymous_6)
FN:83,(anonymous_7)
FN:90,(anonymous_8)
FN:97,(anonymous_9)
FNF:10
FNH:4
FNDA:1,(anonymous_0)
FNDA:0,(anonymous_1)
FNDA:0,(anonymous_2)
FNDA:0,(anonymous_3)
FNDA:0,(anonymous_4)
FNDA:7,(anonymous_5)
FNDA:2,(anonymous_6)
FNDA:2,(anonymous_7)
FNDA:0,(anonymous_8)
FNDA:0,(anonymous_9)
DA:11,1
DA:12,0
DA:14,1
DA:15,1
DA:16,1
DA:17,1
DA:31,0
DA:43,0
DA:52,0
DA:60,0
DA:68,7
DA:76,2
DA:84,2
DA:91,0
DA:98,0
DA:102,1
LF:16
LH:9
BRDA:11,0,0,0
BRDA:11,0,1,1
BRDA:15,1,0,1
BRDA:15,1,1,0
BRDA:16,2,0,1
BRDA:16,2,1,0
BRF:6
BRH:3
end_of_record
TN:
SF:services\gateways\RazorpayGateway.js
FN:15,(anonymous_0)
FN:44,(anonymous_1)
FN:94,(anonymous_2)
FN:152,(anonymous_3)
FN:189,(anonymous_4)
FN:196,(anonymous_5)
FN:234,(anonymous_6)
FNF:7
FNH:3
FNDA:1,(anonymous_0)
FNDA:0,(anonymous_1)
FNDA:0,(anonymous_2)
FNDA:0,(anonymous_3)
FNDA:1,(anonymous_4)
FNDA:1,(anonymous_5)
FNDA:0,(anonymous_6)
DA:1,1
DA:2,1
DA:3,1
DA:4,1
DA:16,1
DA:18,1
DA:19,0
DA:22,1
DA:23,1
DA:24,1
DA:27,1
DA:32,1
DA:45,0
DA:46,0
DA:48,0
DA:56,0
DA:57,0
DA:60,0
DA:62,0
DA:63,0
DA:70,0
DA:79,0
DA:85,0
DA:95,0
DA:96,0
DA:98,0
DA:99,0
DA:103,0
DA:109,0
DA:110,0
DA:112,0
DA:113,0
DA:118,0
DA:121,0
DA:123,0
DA:124,0
DA:130,0
DA:137,0
DA:139,0
DA:143,0
DA:153,0
DA:154,0
DA:156,0
DA:162,0
DA:175,0
DA:180,0
DA:190,1
DA:192,1
DA:196,1
DA:200,1
DA:202,1
DA:207,1
DA:213,0
DA:215,0
DA:221,0
DA:235,0
DA:239,1
LF:57
LH:18
BRDA:18,0,0,0
BRDA:18,0,1,1
BRDA:18,1,0,1
BRDA:18,1,1,1
BRDA:24,2,0,1
BRDA:24,2,1,0
BRDA:50,3,0,0
BRDA:50,3,1,0
BRDA:52,4,0,0
BRDA:52,4,1,0
BRDA:56,5,0,0
BRDA:56,5,1,0
BRDA:56,6,0,0
BRDA:56,6,1,0
BRDA:98,7,0,0
BRDA:98,7,1,0
BRDA:98,8,0,0
BRDA:98,8,1,0
BRDA:98,8,2,0
BRDA:112,9,0,0
BRDA:112,9,1,0
BRDA:123,10,0,0
BRDA:123,10,1,0
BRDA:169,11,0,0
BRDA:169,11,1,0
BRDA:170,12,0,0
BRDA:170,12,1,0
BRF:27
BRH:4
end_of_record
TN:
SF:utils\logger.js
FN:8,(anonymous_0)
FNF:1
FNH:1
FNDA:14,(anonymous_0)
DA:1,1
DA:3,1
DA:5,1
DA:9,14
DA:16,14
DA:17,0
DA:19,14
DA:23,1
DA:32,1
LF:9
LH:8
BRDA:3,0,0,1
BRDA:3,0,1,1
BRDA:16,1,0,0
BRDA:16,1,1,14
BRDA:24,2,0,1
BRDA:24,2,1,1
BRF:6
BRH:5
end_of_record
TN:
SF:utils\subscriptionPlans.js
FNF:0
FNH:0
DA:1,1
DA:3,1
LF:2
LH:2
BRF:0
BRH:0
end_of_record
