TN:
SF:config\env.js
FN:20,(anonymous_0)
FNF:1
FNH:1
FNDA:10,(anonymous_0)
DA:1,2
DA:2,2
DA:4,2
DA:5,2
DA:6,2
DA:10,2
DA:16,2
DA:17,2
DA:20,10
DA:22,2
DA:23,0
DA:24,0
DA:27,2
DA:28,0
DA:29,0
DA:32,2
DA:47,2
LF:17
LH:13
BRDA:4,0,0,2
BRDA:4,0,1,2
BRDA:5,1,0,2
BRDA:5,1,1,0
BRDA:6,2,0,2
BRDA:6,2,1,0
BRDA:6,2,2,0
BRDA:8,3,0,0
BRDA:8,3,1,0
BRDA:16,4,0,2
BRDA:16,4,1,0
BRDA:22,5,0,0
BRDA:22,5,1,2
BRDA:27,6,0,0
BRDA:27,6,1,2
BRDA:27,7,0,2
BRDA:27,7,1,0
BRDA:33,8,0,2
BRDA:33,8,1,0
BRDA:33,8,2,0
BRDA:34,9,0,2
BRDA:34,9,1,0
BRDA:41,10,0,2
BRDA:41,10,1,2
BRDA:42,11,0,2
BRDA:42,11,1,2
BRDA:44,12,0,2
BRDA:44,12,1,0
BRF:28
BRH:15
end_of_record
TN:
SF:config\plans.js
FNF:0
FNH:0
DA:7,2
DA:9,2
LF:2
LH:2
BRF:0
BRH:0
end_of_record
TN:
SF:config\razorpay.js
FN:4,(anonymous_0)
FNF:1
FNH:0
FNDA:0,(anonymous_0)
DA:1,1
DA:2,1
DA:4,1
DA:5,0
DA:6,0
DA:7,0
DA:12,1
DA:22,1
LF:8
LH:5
BRDA:12,0,0,1
BRDA:12,0,1,0
BRF:2
BRH:1
end_of_record
TN:
SF:controllers\paymentController.js
FN:17,(anonymous_0)
FN:18,(anonymous_1)
FN:20,(anonymous_2)
FN:32,(anonymous_3)
FN:38,(anonymous_4)
FN:54,(anonymous_5)
FN:61,(anonymous_6)
FN:68,(anonymous_7)
FN:71,(anonymous_8)
FN:73,(anonymous_9)
FN:261,(anonymous_10)
FN:370,(anonymous_11)
FN:410,(anonymous_12)
FN:446,(anonymous_13)
FN:479,(anonymous_14)
FN:492,(anonymous_15)
FN:521,(anonymous_16)
FN:544,(anonymous_17)
FN:577,(anonymous_18)
FN:693,(anonymous_19)
FNF:20
FNH:10
FNDA:5,(anonymous_0)
FNDA:17,(anonymous_1)
FNDA:0,(anonymous_2)
FNDA:4,(anonymous_3)
FNDA:5,(anonymous_4)
FNDA:1,(anonymous_5)
FNDA:5,(anonymous_6)
FNDA:0,(anonymous_7)
FNDA:4,(anonymous_8)
FNDA:4,(anonymous_9)
FNDA:0,(anonymous_10)
FNDA:0,(anonymous_11)
FNDA:0,(anonymous_12)
FNDA:0,(anonymous_13)
FNDA:0,(anonymous_14)
FNDA:0,(anonymous_15)
FNDA:0,(anonymous_16)
FNDA:1,(anonymous_17)
FNDA:1,(anonymous_18)
FNDA:0,(anonymous_19)
DA:1,1
DA:2,1
DA:3,1
DA:4,1
DA:5,1
DA:6,1
DA:7,1
DA:8,1
DA:9,1
DA:10,1
DA:11,1
DA:14,1
DA:15,1
DA:17,5
DA:18,17
DA:20,1
DA:21,0
DA:32,1
DA:33,4
DA:34,4
DA:38,1
DA:39,5
DA:40,5
DA:41,5
DA:43,5
DA:54,1
DA:55,1
DA:56,1
DA:58,0
DA:61,1
DA:62,5
DA:63,5
DA:64,5
DA:65,5
DA:68,1
DA:69,0
DA:71,4
DA:73,1
DA:74,4
DA:75,4
DA:76,4
DA:78,4
DA:84,4
DA:85,0
DA:88,4
DA:89,0
DA:92,4
DA:93,4
DA:94,0
DA:97,4
DA:98,0
DA:101,4
DA:107,4
DA:108,0
DA:113,4
DA:118,4
DA:119,4
DA:121,4
DA:122,4
DA:130,4
DA:137,4
DA:138,4
DA:139,4
DA:141,4
DA:142,4
DA:143,3
DA:144,3
DA:157,3
DA:158,3
DA:160,0
DA:161,0
DA:164,1
DA:165,1
DA:166,1
DA:170,4
DA:171,4
DA:174,4
DA:175,0
DA:180,0
DA:183,4
DA:184,4
DA:185,4
DA:188,0
DA:189,0
DA:195,0
DA:197,0
DA:201,4
DA:223,4
DA:234,4
DA:251,0
DA:252,0
DA:254,0
DA:255,0
DA:261,1
DA:262,0
DA:263,0
DA:265,0
DA:266,0
DA:269,0
DA:270,0
DA:271,0
DA:275,0
DA:276,0
DA:277,0
DA:293,0
DA:295,0
DA:297,0
DA:302,0
DA:303,0
DA:304,0
DA:305,0
DA:306,0
DA:310,0
DA:311,0
DA:312,0
DA:314,0
DA:315,0
DA:320,0
DA:334,0
DA:336,0
DA:337,0
DA:343,0
DA:351,0
DA:362,0
DA:363,0
DA:365,0
DA:366,0
DA:370,1
DA:371,0
DA:372,0
DA:373,0
DA:375,0
DA:381,0
DA:382,0
DA:388,0
DA:405,0
DA:406,0
DA:410,1
DA:411,0
DA:412,0
DA:413,0
DA:415,0
DA:416,0
DA:419,0
DA:425,0
DA:426,0
DA:427,0
DA:429,0
DA:430,0
DA:439,0
DA:441,0
DA:442,0
DA:446,1
DA:447,0
DA:448,0
DA:450,0
DA:451,0
DA:454,0
DA:455,0
DA:463,0
DA:469,0
DA:474,0
DA:475,0
DA:479,1
DA:480,0
DA:481,0
DA:482,0
DA:487,0
DA:488,0
DA:492,1
DA:493,0
DA:494,0
DA:496,0
DA:512,0
DA:521,0
DA:522,0
DA:525,0
DA:531,0
DA:539,0
DA:540,0
DA:544,1
DA:545,1
DA:546,1
DA:550,1
DA:563,1
DA:565,1
DA:566,1
DA:569,0
DA:570,0
DA:571,0
DA:574,0
DA:577,1
DA:579,1
DA:580,1
DA:581,1
DA:583,1
DA:584,0
DA:585,0
DA:588,1
DA:589,0
DA:590,0
DA:593,1
DA:599,1
DA:600,1
DA:601,1
DA:604,1
DA:605,0
DA:606,0
DA:609,1
DA:610,1
DA:613,1
DA:615,1
DA:618,1
DA:621,1
DA:622,1
DA:623,1
DA:624,0
DA:626,0
DA:636,0
DA:637,0
DA:651,0
DA:652,0
DA:653,0
DA:654,0
DA:671,0
DA:678,0
DA:693,0
DA:696,0
DA:697,0
DA:701,1
LF:230
LH:106
BRDA:14,0,0,1
BRDA:14,0,1,1
BRDA:15,1,0,1
BRDA:15,1,1,1
BRDA:17,2,0,5
BRDA:17,2,1,0
BRDA:18,3,0,17
BRDA:18,3,1,0
BRDA:20,4,0,0
BRDA:33,5,0,0
BRDA:33,5,1,4
BRDA:38,6,0,0
BRDA:55,7,0,1
BRDA:55,7,1,0
BRDA:58,8,0,0
BRDA:58,8,1,0
BRDA:71,9,0,4
BRDA:71,9,1,0
BRDA:84,10,0,0
BRDA:84,10,1,4
BRDA:88,11,0,0
BRDA:88,11,1,4
BRDA:93,12,0,0
BRDA:93,12,1,4
BRDA:97,13,0,0
BRDA:97,13,1,4
BRDA:97,14,0,4
BRDA:97,14,1,4
BRDA:97,15,0,4
BRDA:97,15,1,0
BRDA:107,16,0,0
BRDA:107,16,1,4
BRDA:141,17,0,4
BRDA:141,17,1,0
BRDA:142,18,0,3
BRDA:142,18,1,1
BRDA:142,19,0,4
BRDA:142,19,1,3
BRDA:143,20,0,3
BRDA:143,20,1,0
BRDA:170,21,0,4
BRDA:170,21,1,4
BRDA:171,22,0,4
BRDA:171,22,1,4
BRDA:174,23,0,0
BRDA:174,23,1,4
BRDA:174,24,0,4
BRDA:174,24,1,0
BRDA:184,25,0,4
BRDA:184,25,1,0
BRDA:188,26,0,0
BRDA:188,26,1,0
BRDA:209,27,0,4
BRDA:209,27,1,0
BRDA:240,28,0,4
BRDA:240,28,1,0
BRDA:251,29,0,0
BRDA:251,29,1,0
BRDA:256,30,0,0
BRDA:256,30,1,0
BRDA:265,31,0,0
BRDA:265,31,1,0
BRDA:265,32,0,0
BRDA:265,32,1,0
BRDA:265,32,2,0
BRDA:270,33,0,0
BRDA:270,33,1,0
BRDA:275,34,0,0
BRDA:275,34,1,0
BRDA:275,35,0,0
BRDA:275,35,1,0
BRDA:293,36,0,0
BRDA:293,36,1,0
BRDA:295,37,0,0
BRDA:295,37,1,0
BRDA:304,38,0,0
BRDA:304,38,1,0
BRDA:304,39,0,0
BRDA:304,39,1,0
BRDA:314,40,0,0
BRDA:314,40,1,0
BRDA:327,41,0,0
BRDA:327,41,1,0
BRDA:328,42,0,0
BRDA:328,42,1,0
BRDA:334,43,0,0
BRDA:334,43,1,0
BRDA:346,44,0,0
BRDA:346,44,1,0
BRDA:362,45,0,0
BRDA:362,45,1,0
BRDA:381,46,0,0
BRDA:381,46,1,0
BRDA:415,47,0,0
BRDA:415,47,1,0
BRDA:415,48,0,0
BRDA:415,48,1,0
BRDA:450,49,0,0
BRDA:450,49,1,0
BRDA:450,50,0,0
BRDA:450,50,1,0
BRDA:457,51,0,0
BRDA:457,51,1,0
BRDA:458,52,0,0
BRDA:458,52,1,0
BRDA:459,53,0,0
BRDA:459,53,1,0
BRDA:460,54,0,0
BRDA:460,54,1,0
BRDA:484,55,0,0
BRDA:484,55,1,0
BRDA:522,56,0,0
BRDA:522,56,1,0
BRDA:556,57,0,1
BRDA:556,57,1,0
BRDA:557,58,0,1
BRDA:557,58,1,0
BRDA:563,59,0,1
BRDA:563,59,1,0
BRDA:569,60,0,0
BRDA:569,60,1,0
BRDA:569,61,0,0
BRDA:569,61,1,0
BRDA:570,62,0,0
BRDA:570,62,1,0
BRDA:583,63,0,0
BRDA:583,63,1,1
BRDA:588,64,0,0
BRDA:588,64,1,1
BRDA:601,65,0,1
BRDA:601,65,1,1
BRDA:604,66,0,0
BRDA:604,66,1,1
BRDA:613,67,0,1
BRDA:613,67,1,0
BRDA:613,67,2,0
BRDA:622,68,0,1
BRDA:622,68,1,0
BRDA:622,69,0,1
BRDA:622,69,1,1
BRDA:624,70,0,0
BRDA:624,70,1,0
BRDA:624,71,0,0
BRDA:624,71,1,0
BRDA:636,72,0,0
BRDA:636,72,1,0
BRDA:636,73,0,0
BRDA:636,73,1,0
BRDA:646,74,0,0
BRDA:646,74,1,0
BRDA:646,74,2,0
BRDA:651,75,0,0
BRDA:651,75,1,0
BRDA:651,76,0,0
BRDA:651,76,1,0
BRDA:653,77,0,0
BRDA:653,77,1,0
BRDA:664,78,0,0
BRDA:664,78,1,0
BRF:159
BRH:44
end_of_record
TN:
SF:controllers\subscriptionController.js
FN:14,(anonymous_0)
FN:21,(anonymous_1)
FN:24,(anonymous_2)
FN:29,(anonymous_3)
FN:47,(anonymous_4)
FN:82,(anonymous_5)
FN:112,(anonymous_6)
FN:241,(anonymous_7)
FN:311,(anonymous_8)
FN:352,(anonymous_9)
FN:371,(anonymous_10)
FNF:11
FNH:4
FNDA:1,(anonymous_0)
FNDA:0,(anonymous_1)
FNDA:0,(anonymous_2)
FNDA:1,(anonymous_3)
FNDA:0,(anonymous_4)
FNDA:1,(anonymous_5)
FNDA:1,(anonymous_6)
FNDA:0,(anonymous_7)
FNDA:0,(anonymous_8)
FNDA:0,(anonymous_9)
FNDA:0,(anonymous_10)
DA:1,2
DA:2,2
DA:9,2
DA:10,2
DA:11,2
DA:12,2
DA:14,2
DA:15,1
DA:16,1
DA:17,1
DA:18,1
DA:21,2
DA:22,0
DA:24,2
DA:29,2
DA:30,1
DA:31,1
DA:32,0
DA:37,1
DA:38,1
DA:47,2
DA:48,0
DA:49,0
DA:51,0
DA:52,0
DA:53,0
DA:55,0
DA:75,0
DA:76,0
DA:82,2
DA:83,1
DA:84,1
DA:85,1
DA:86,1
DA:87,1
DA:89,0
DA:102,1
DA:103,1
DA:112,2
DA:113,1
DA:114,1
DA:115,1
DA:117,1
DA:118,0
DA:123,1
DA:126,0
DA:127,0
DA:128,0
DA:138,0
DA:139,0
DA:140,0
DA:147,0
DA:148,0
DA:159,0
DA:160,0
DA:161,0
DA:169,0
DA:182,0
DA:188,0
DA:197,0
DA:198,0
DA:199,0
DA:204,0
DA:211,0
DA:222,1
DA:223,0
DA:227,1
DA:232,1
DA:241,2
DA:242,0
DA:243,0
DA:244,0
DA:246,0
DA:247,0
DA:252,0
DA:254,0
DA:256,0
DA:257,0
DA:262,0
DA:263,0
DA:264,0
DA:265,0
DA:266,0
DA:272,0
DA:273,0
DA:279,0
DA:281,0
DA:288,0
DA:296,0
DA:297,0
DA:301,0
DA:302,0
DA:311,2
DA:312,0
DA:313,0
DA:314,0
DA:316,0
DA:321,0
DA:322,0
DA:327,0
DA:329,0
DA:334,0
DA:342,0
DA:343,0
DA:352,2
DA:353,0
DA:354,0
DA:356,0
DA:361,0
DA:362,0
DA:371,2
DA:372,0
DA:373,0
DA:375,0
DA:376,0
DA:378,0
DA:385,0
DA:387,0
DA:400,0
DA:401,0
DA:407,2
LF:121
LH:41
BRDA:24,0,0,0
BRDA:24,0,1,0
BRDA:52,1,0,0
BRDA:52,1,1,0
BRDA:59,2,0,0
BRDA:59,2,1,0
BRDA:60,3,0,0
BRDA:60,3,1,0
BRDA:69,4,0,0
BRDA:69,4,1,0
BRDA:70,5,0,0
BRDA:70,5,1,0
BRDA:71,6,0,0
BRDA:71,6,1,0
BRDA:86,7,0,1
BRDA:86,7,1,1
BRDA:93,8,0,0
BRDA:93,8,1,0
BRDA:94,9,0,0
BRDA:94,9,1,0
BRDA:95,10,0,0
BRDA:95,10,1,0
BRDA:96,11,0,0
BRDA:96,11,1,0
BRDA:97,12,0,0
BRDA:97,12,1,0
BRDA:98,13,0,0
BRDA:98,13,1,0
BRDA:117,14,0,0
BRDA:117,14,1,1
BRDA:117,15,0,1
BRDA:117,15,1,1
BRDA:126,16,0,0
BRDA:126,16,1,0
BRDA:138,17,0,0
BRDA:138,17,1,0
BRDA:138,18,0,0
BRDA:138,18,1,0
BRDA:159,19,0,0
BRDA:159,19,1,0
BRDA:192,20,0,0
BRDA:192,20,1,0
BRDA:197,21,0,0
BRDA:197,21,1,0
BRDA:197,22,0,0
BRDA:197,22,1,0
BRDA:222,23,0,0
BRDA:222,23,1,1
BRDA:246,24,0,0
BRDA:246,24,1,0
BRDA:246,25,0,0
BRDA:246,25,1,0
BRDA:246,25,2,0
BRDA:246,25,3,0
BRDA:252,26,0,0
BRDA:252,26,1,0
BRDA:254,27,0,0
BRDA:254,27,1,0
BRDA:264,28,0,0
BRDA:264,28,1,0
BRDA:264,29,0,0
BRDA:264,29,1,0
BRDA:272,30,0,0
BRDA:272,30,1,0
BRDA:285,31,0,0
BRDA:285,31,1,0
BRDA:296,32,0,0
BRDA:296,32,1,0
BRDA:321,33,0,0
BRDA:321,33,1,0
BRDA:373,34,0,0
BRDA:373,35,0,0
BRDA:376,36,0,0
BRDA:376,36,1,0
BRF:74
BRH:6
end_of_record
TN:
SF:services\subscriptionService.js
FN:9,getActiveSubscription
FN:24,getHostCurrentPlan
FN:32,createSubscription
FN:153,handleSubscriptionExpiry
FN:182,cancelSubscription
FN:218,processSubscriptionPayment
FN:257,handleFailedSubscriptionPayment
FN:291,getSubscriptionStats
FNF:8
FNH:4
FNDA:1,getActiveSubscription
FNDA:1,getHostCurrentPlan
FNDA:2,createSubscription
FNDA:0,handleSubscriptionExpiry
FNDA:1,cancelSubscription
FNDA:0,processSubscriptionPayment
FNDA:0,handleFailedSubscriptionPayment
FNDA:0,getSubscriptionStats
DA:1,1
DA:2,1
DA:3,1
DA:10,1
DA:11,1
DA:17,1
DA:25,1
DA:26,1
DA:33,2
DA:34,2
DA:35,2
DA:41,2
DA:42,2
DA:44,2
DA:45,0
DA:48,2
DA:49,1
DA:63,1
DA:79,1
DA:84,1
DA:87,1
DA:88,1
DA:90,1
DA:104,1
DA:122,1
DA:123,1
DA:135,1
DA:142,1
DA:144,0
DA:145,0
DA:154,0
DA:155,0
DA:156,0
DA:157,0
DA:158,0
DA:160,0
DA:162,0
DA:168,0
DA:170,0
DA:175,0
DA:183,1
DA:184,1
DA:185,1
DA:187,1
DA:188,1
DA:189,1
DA:190,1
DA:191,1
DA:192,1
DA:193,1
DA:195,1
DA:197,1
DA:203,1
DA:205,0
DA:210,0
DA:219,0
DA:220,0
DA:221,0
DA:223,0
DA:224,0
DA:227,0
DA:228,0
DA:229,0
DA:230,0
DA:231,0
DA:232,0
DA:234,0
DA:236,0
DA:243,0
DA:245,0
DA:250,0
DA:258,0
DA:259,0
DA:260,0
DA:262,0
DA:265,0
DA:266,0
DA:269,0
DA:271,0
DA:277,0
DA:279,0
DA:284,0
DA:292,0
DA:294,0
DA:316,0
DA:319,1
LF:86
LH:41
BRDA:26,0,0,0
BRDA:26,0,1,1
BRDA:32,1,0,1
BRDA:41,2,0,2
BRDA:41,2,1,1
BRDA:42,3,0,1
BRDA:42,3,1,1
BRDA:44,4,0,0
BRDA:44,4,1,2
BRDA:44,5,0,2
BRDA:44,5,1,1
BRDA:48,6,0,1
BRDA:48,6,1,1
BRDA:122,7,0,1
BRDA:122,7,1,0
BRDA:182,8,0,0
BRDA:185,9,0,0
BRDA:185,9,1,1
BRDA:221,10,0,0
BRDA:221,10,1,0
BRDA:223,11,0,0
BRDA:223,11,1,0
BRDA:260,12,0,0
BRDA:260,12,1,0
BRDA:262,13,0,0
BRDA:262,13,1,0
BRDA:265,14,0,0
BRDA:265,14,1,0
BRF:28
BRH:13
end_of_record
TN:
SF:utils\subscriptionPlans.js
FNF:0
FNH:0
DA:1,2
DA:3,2
LF:2
LH:2
BRF:0
BRH:0
end_of_record
